--------------- Build Started: 11/10/2016 12:04:34 Project: Energus_Temp_Sense, Configuration: ARM GCC 4.9-2015-q1-update Debug ---------------
The code generation step is up to date.
arm-none-eabi-gcc.exe -mcpu=cortex-m3 -mthumb -Wno-main -I. -IGenerated_Source\PSoC5 -Wa,-alh=.\CortexM3\ARM_GCC_493\Debug/main.lst -g -D DEBUG -Wall -ffunction-sections -Og -ffat-lto-objects -c .\main.c -o .\CortexM3\ARM_GCC_493\Debug\main.o
.\main.c: In function 'main':
.\main.c:87:26: warning: variable 'previousState' set but not used [-Wunused-but-set-variable]
     enum tempSenseStates previousState = MEASURE; 
                          ^
.\main.c:43:9: warning: unused variable 'vmax' [-Wunused-variable]
     int vmax = 2350; //centivolts; used for range checking
         ^
.\main.c:42:9: warning: unused variable 'vmin' [-Wunused-variable]
     int vmin = 1450; //centivolts; used for range checking
         ^
arm-none-eabi-ar.exe -rs .\CortexM3\ARM_GCC_493\Debug\Energus_Temp_Sense.a .\CortexM3\ARM_GCC_493\Debug\cyfitter_cfg.o .\CortexM3\ARM_GCC_493\Debug\UART.o .\CortexM3\ARM_GCC_493\Debug\UART_PM.o .\CortexM3\ARM_GCC_493\Debug\UART_INT.o .\CortexM3\ARM_GCC_493\Debug\UART_BOOT.o .\CortexM3\ARM_GCC_493\Debug\UART_IntClock.o .\CortexM3\ARM_GCC_493\Debug\CyBootAsmGnu.o .\CortexM3\ARM_GCC_493\Debug\CyDmac.o .\CortexM3\ARM_GCC_493\Debug\CyFlash.o .\CortexM3\ARM_GCC_493\Debug\CyLib.o .\CortexM3\ARM_GCC_493\Debug\cyPm.o .\CortexM3\ARM_GCC_493\Debug\CySpc.o .\CortexM3\ARM_GCC_493\Debug\cyutils.o .\CortexM3\ARM_GCC_493\Debug\ADC_SAR_Seq_1.o .\CortexM3\ARM_GCC_493\Debug\ADC_SAR_Seq_1_PM.o .\CortexM3\ARM_GCC_493\Debug\ADC_SAR_Seq_1_INT.o .\CortexM3\ARM_GCC_493\Debug\ADC_SAR_Seq_1_SAR.o .\CortexM3\ARM_GCC_493\Debug\ADC_SAR_Seq_1_SAR_INT.o .\CortexM3\ARM_GCC_493\Debug\ADC_SAR_Seq_1_SAR_PM.o .\CortexM3\ARM_GCC_493\Debug\ADC_SAR_Seq_1_IntClock.o .\CortexM3\ARM_GCC_493\Debug\ADC_SAR_Seq_1_TempBuf_dma.o .\CortexM3\ARM_GCC_493\Debug\ADC_SAR_Seq_1_FinalBuf_dma.o .\CortexM3\ARM_GCC_493\Debug\ADC_SAR_Seq_1_IRQ.o .\CortexM3\ARM_GCC_493\Debug\EEPROM_1.o .\CortexM3\ARM_GCC_493\Debug\Pin_1.o .\CortexM3\ARM_GCC_493\Debug\ADC_SAR_Seq_1_SAR_Bypass.o .\CortexM3\ARM_GCC_493\Debug\Pin_2.o .\CortexM3\ARM_GCC_493\Debug\Pin_3.o
arm-none-eabi-ar.exe: creating .\CortexM3\ARM_GCC_493\Debug\Energus_Temp_Sense.a
arm-none-eabi-gcc.exe -Wl,--start-group -o .\CortexM3\ARM_GCC_493\Debug\Energus_Temp_Sense.elf .\CortexM3\ARM_GCC_493\Debug\main.o .\CortexM3\ARM_GCC_493\Debug\measurement.o .\CortexM3\ARM_GCC_493\Debug\cymetadata.o .\CortexM3\ARM_GCC_493\Debug\Cm3Start.o .\CortexM3\ARM_GCC_493\Debug\Energus_Temp_Sense.a "C:\Program Files (x86)\Cypress\PSoC Creator\3.3\PSoC Creator\psoc\content\cycomponentlibrary\CyComponentLibrary.cylib\CortexM3\ARM_GCC_493\Debug\CyComponentLibrary.a" -mcpu=cortex-m3 -mthumb -g -ffunction-sections -Og -L Generated_Source\PSoC5 -Wl,-Map,.\CortexM3\ARM_GCC_493\Debug/Energus_Temp_Sense.map -T Generated_Source\PSoC5\cm3gcc.ld -specs=nano.specs -Wl,--gc-sections -Wl,--end-group
cyelftool.exe -C C:\Users\nm\Desktop\TempSenseExample\Energus_Temp_Sense.cydsn\CortexM3\ARM_GCC_493\Debug\Energus_Temp_Sense.elf --flash_row_size 256 --flash_size 262144
cyelftool.exe -S C:\Users\nm\Desktop\TempSenseExample\Energus_Temp_Sense.cydsn\CortexM3\ARM_GCC_493\Debug\Energus_Temp_Sense.elf
Flash used: 3840 of 262144 bytes (1.5 %).
SRAM used: 2549 of 65536 bytes (3.9 %). Stack: 2048 bytes. Heap: 128 bytes.
--------------- Build Succeeded: 11/10/2016 12:04:36 ---------------
