--------------- Rebuild Started: 11/10/2016 11:52:46 Project: Energus_Temp_Sense, Configuration: ARM GCC 4.9-2015-q1-update Debug ---------------
Deleting file ".\CortexM3\ARM_GCC_493\Debug\main.o"
Deleting file ".\CortexM3\ARM_GCC_493\Debug\measurement.o"
Deleting file ".\CortexM3\ARM_GCC_493\Debug\cyfitter_cfg.o"
Deleting file ".\CortexM3\ARM_GCC_493\Debug\cymetadata.o"
Deleting file ".\CortexM3\ARM_GCC_493\Debug\UART.o"
Deleting file ".\CortexM3\ARM_GCC_493\Debug\UART_PM.o"
Deleting file ".\CortexM3\ARM_GCC_493\Debug\UART_INT.o"
Deleting file ".\CortexM3\ARM_GCC_493\Debug\UART_BOOT.o"
Deleting file ".\CortexM3\ARM_GCC_493\Debug\UART_IntClock.o"
Deleting file ".\CortexM3\ARM_GCC_493\Debug\Cm3Start.o"
Deleting file ".\CortexM3\ARM_GCC_493\Debug\CyBootAsmGnu.o"
Deleting file ".\CortexM3\ARM_GCC_493\Debug\CyDmac.o"
Deleting file ".\CortexM3\ARM_GCC_493\Debug\CyFlash.o"
Deleting file ".\CortexM3\ARM_GCC_493\Debug\CyLib.o"
Deleting file ".\CortexM3\ARM_GCC_493\Debug\cyPm.o"
Deleting file ".\CortexM3\ARM_GCC_493\Debug\CySpc.o"
Deleting file ".\CortexM3\ARM_GCC_493\Debug\cyutils.o"
Deleting file ".\CortexM3\ARM_GCC_493\Debug\ADC_SAR_Seq_1.o"
Deleting file ".\CortexM3\ARM_GCC_493\Debug\ADC_SAR_Seq_1_PM.o"
Deleting file ".\CortexM3\ARM_GCC_493\Debug\ADC_SAR_Seq_1_INT.o"
Deleting file ".\CortexM3\ARM_GCC_493\Debug\ADC_SAR_Seq_1_SAR.o"
Deleting file ".\CortexM3\ARM_GCC_493\Debug\ADC_SAR_Seq_1_SAR_INT.o"
Deleting file ".\CortexM3\ARM_GCC_493\Debug\ADC_SAR_Seq_1_SAR_PM.o"
Deleting file ".\CortexM3\ARM_GCC_493\Debug\ADC_SAR_Seq_1_IntClock.o"
Deleting file ".\CortexM3\ARM_GCC_493\Debug\ADC_SAR_Seq_1_TempBuf_dma.o"
Deleting file ".\CortexM3\ARM_GCC_493\Debug\ADC_SAR_Seq_1_FinalBuf_dma.o"
Deleting file ".\CortexM3\ARM_GCC_493\Debug\ADC_SAR_Seq_1_IRQ.o"
Deleting file ".\CortexM3\ARM_GCC_493\Debug\EEPROM_1.o"
Deleting file ".\CortexM3\ARM_GCC_493\Debug\Pin_1.o"
Deleting file ".\CortexM3\ARM_GCC_493\Debug\ADC_SAR_Seq_1_SAR_Bypass.o"
Deleting file ".\CortexM3\ARM_GCC_493\Debug\Pin_2.o"
Deleting file ".\CortexM3\ARM_GCC_493\Debug\Pin_3.o"
Deleting file ".\CortexM3\ARM_GCC_493\Debug\Energus_Temp_Sense.hex"
Deleting file ".\CortexM3\ARM_GCC_493\Debug\Energus_Temp_Sense.elf"
Deleting file ".\CortexM3\ARM_GCC_493\Debug\Energus_Temp_Sense.map"
Deleting file ".\Energus_Temp_Sense.cycdx"
Deleting file ".\Energus_Temp_Sense.svd"
Deleting file ".\Energus_Temp_Sense.rpt"
Deleting file ".\Energus_Temp_Sense_timing.html"
Deleting file ".\CortexM3\ARM_GCC_493\Debug\.deps\C_FILE.P"
Deleting file ".\CortexM3\ARM_GCC_493\Debug\.deps\ARM_C_FILE.P"
Deleting file ".\CortexM3\ARM_GCC_493\Debug\.deps\GNU_ARM_ASM_FILE.P"
cydsfit.exe -.appdatapath "C:\Users\nm\AppData\Local\Cypress Semiconductor\PSoC Creator\3.3" -.fdsnotice -.fdswarpdepfile=warp_dependencies.txt -.fdselabdepfile=elab_dependencies.txt -.fdsbldfile=generated_files.txt -p C:\Users\nm\Desktop\TempSenseExample\Energus_Temp_Sense.cydsn\Energus_Temp_Sense.cyprj -d CY8C5888LTI-LP097 -s C:\Users\nm\Desktop\TempSenseExample\Energus_Temp_Sense.cydsn\Generated_Source\PSoC5 -- -yv2 -q10 -ygs -o2 -v3 -.fftcfgtype=LE
Elaborating Design...
ADD: sdb.M0065: information: Analog terminal "vdac_ref" on ADC_SAR_SEQ_v2_0 is unconnected.
 * C:\Program Files (x86)\Cypress\PSoC Creator\3.3\PSoC Creator\psoc\content\cycomponentlibrary\CyComponentLibrary.cylib\ADC_SAR_SEQ_v2_0\PSoC5\ADC_SAR_SEQ_v2_0.cysch (Signal: vdac_ref)
 * C:\Program Files (x86)\Cypress\PSoC Creator\3.3\PSoC Creator\psoc\content\cycomponentlibrary\CyComponentLibrary.cylib\ADC_SAR_SEQ_v2_0\PSoC5\ADC_SAR_SEQ_v2_0.cysch (Shape_798)
 * C:\Program Files (x86)\Cypress\PSoC Creator\3.3\PSoC Creator\psoc\content\cycomponentlibrary\CyComponentLibrary.cylib\ADC_SAR_SEQ_v2_0\PSoC5\ADC_SAR_SEQ_v2_0.cysch (Shape_885)
HDL Generation ...
Synthesis ...
Place and Route ...
Tech mapping ...
Analog Placement ...
Info: apr.M0002: Analog signal "Net_631" is connected to one terminal only. (App=cydsfit)
Info: apr.M0002: Analog signal "Net_632" is connected to one terminal only. (App=cydsfit)
Info: apr.M0002: Analog signal "Net_634" is connected to one terminal only. (App=cydsfit)
Info: apr.M0002: Analog signal "Net_636" is connected to one terminal only. (App=cydsfit)
Info: apr.M0002: Analog signal "Net_637" is connected to one terminal only. (App=cydsfit)
Info: apr.M0002: Analog signal "Net_639" is connected to one terminal only. (App=cydsfit)
Info: apr.M0002: Analog signal "Net_641" is connected to one terminal only. (App=cydsfit)
Info: apr.M0002: Analog signal "Net_642" is connected to one terminal only. (App=cydsfit)
Info: apr.M0002: Analog signal "Net_644" is connected to one terminal only. (App=cydsfit)
Info: apr.M0002: Analog signal "Net_646" is connected to one terminal only. (App=cydsfit)
Info: apr.M0002: Analog signal "Net_647" is connected to one terminal only. (App=cydsfit)
Info: apr.M0002: Analog signal "Net_649" is connected to one terminal only. (App=cydsfit)
Info: apr.M0002: Analog signal "Net_651" is connected to one terminal only. (App=cydsfit)
Info: apr.M0002: Analog signal "Net_652" is connected to one terminal only. (App=cydsfit)
Info: apr.M0002: Analog signal "Net_654" is connected to one terminal only. (App=cydsfit)
Info: apr.M0002: Analog signal "Net_656" is connected to one terminal only. (App=cydsfit)
Info: apr.M0002: Analog signal "Net_657" is connected to one terminal only. (App=cydsfit)
Info: apr.M0002: Analog signal "Net_659" is connected to one terminal only. (App=cydsfit)
Info: apr.M0002: Analog signal "Net_661" is connected to one terminal only. (App=cydsfit)
Info: apr.M0002: Analog signal "Net_662" is connected to one terminal only. (App=cydsfit)
Info: apr.M0002: Analog signal "Net_664" is connected to one terminal only. (App=cydsfit)
Info: apr.M0002: Analog signal "Net_666" is connected to one terminal only. (App=cydsfit)
Info: apr.M0002: Analog signal "Net_667" is connected to one terminal only. (App=cydsfit)
Info: apr.M0002: Analog signal "Net_669" is connected to one terminal only. (App=cydsfit)
Info: apr.M0002: Analog signal "Net_671" is connected to one terminal only. (App=cydsfit)
Info: apr.M0002: Analog signal "Net_672" is connected to one terminal only. (App=cydsfit)
Info: apr.M0002: Analog signal "Net_674" is connected to one terminal only. (App=cydsfit)
Info: apr.M0002: Analog signal "Net_676" is connected to one terminal only. (App=cydsfit)
Info: apr.M0002: Analog signal "Net_677" is connected to one terminal only. (App=cydsfit)
Info: apr.M0002: Analog signal "Net_679" is connected to one terminal only. (App=cydsfit)
Info: apr.M0002: Analog signal "Net_681" is connected to one terminal only. (App=cydsfit)
Info: apr.M0002: Analog signal "Net_682" is connected to one terminal only. (App=cydsfit)
Info: apr.M0002: Analog signal "Net_684" is connected to one terminal only. (App=cydsfit)
Info: apr.M0002: Analog signal "Net_686" is connected to one terminal only. (App=cydsfit)
Info: apr.M0002: Analog signal "Net_687" is connected to one terminal only. (App=cydsfit)
Info: apr.M0002: Analog signal "Net_689" is connected to one terminal only. (App=cydsfit)
Info: apr.M0002: Analog signal "Net_691" is connected to one terminal only. (App=cydsfit)
Info: apr.M0002: Analog signal "Net_692" is connected to one terminal only. (App=cydsfit)
Info: apr.M0002: Analog signal "Net_694" is connected to one terminal only. (App=cydsfit)
Info: apr.M0002: Analog signal "Net_696" is connected to one terminal only. (App=cydsfit)
Info: apr.M0002: Analog signal "Net_697" is connected to one terminal only. (App=cydsfit)
Info: apr.M0002: Analog signal "Net_699" is connected to one terminal only. (App=cydsfit)
Info: apr.M0002: Analog signal "Net_701" is connected to one terminal only. (App=cydsfit)
Info: apr.M0002: Analog signal "Net_702" is connected to one terminal only. (App=cydsfit)
Info: apr.M0002: Analog signal "Net_704" is connected to one terminal only. (App=cydsfit)
Info: apr.M0002: Analog signal "Net_706" is connected to one terminal only. (App=cydsfit)
Info: apr.M0002: Analog signal "Net_707" is connected to one terminal only. (App=cydsfit)
Info: apr.M0002: Analog signal "Net_708" is connected to one terminal only. (App=cydsfit)
Info: apr.M0002: Analog signal "Net_709" is connected to one terminal only. (App=cydsfit)
Info: apr.M0002: Analog signal "Net_710" is connected to one terminal only. (App=cydsfit)
Info: apr.M0002: Analog signal "Net_711" is connected to one terminal only. (App=cydsfit)
Info: apr.M0002: Analog signal "Net_712" is connected to one terminal only. (App=cydsfit)
Info: apr.M0002: Analog signal "Net_713" is connected to one terminal only. (App=cydsfit)
Info: apr.M0002: Analog signal "Net_714" is connected to one terminal only. (App=cydsfit)
Info: apr.M0002: Analog signal "Net_715" is connected to one terminal only. (App=cydsfit)
Info: apr.M0002: Analog signal "Net_716" is connected to one terminal only. (App=cydsfit)
Info: apr.M0002: Analog signal "Net_717" is connected to one terminal only. (App=cydsfit)
Info: apr.M0002: Analog signal "Net_718" is connected to one terminal only. (App=cydsfit)
Info: apr.M0002: Analog signal "Net_719" is connected to one terminal only. (App=cydsfit)
Info: apr.M0002: Analog signal "Net_720" is connected to one terminal only. (App=cydsfit)
Info: apr.M0002: Analog signal "Net_721" is connected to one terminal only. (App=cydsfit)
Info: apr.M0002: Analog signal "Net_722" is connected to one terminal only. (App=cydsfit)
Analog Routing ...
Analog Code Generation ...
Digital Placement ...
Digital Routing ...
Bitstream Generation ...
Static timing analysis ...
API Generation ...
Dependency Generation ...
Clean Temporary Files ...
arm-none-eabi-gcc.exe -mcpu=cortex-m3 -mthumb -Wno-main -I. -IGenerated_Source\PSoC5 -Wa,-alh=.\CortexM3\ARM_GCC_493\Debug/main.lst -g -D DEBUG -Wall -ffunction-sections -Og -ffat-lto-objects -c .\main.c -o .\CortexM3\ARM_GCC_493\Debug\main.o
.\main.c: In function 'main':
.\main.c:84:26: warning: variable 'previousState' set but not used [-Wunused-but-set-variable]
     enum tempSenseStates previousState = MEASURE; 
                          ^
.\main.c:40:9: warning: unused variable 'vmax' [-Wunused-variable]
     int vmax = 2350; //centivolts; used for range checking
         ^
.\main.c:39:9: warning: unused variable 'vmin' [-Wunused-variable]
     int vmin = 1450; //centivolts; used for range checking
         ^
arm-none-eabi-gcc.exe -mcpu=cortex-m3 -mthumb -Wno-main -I. -IGenerated_Source\PSoC5 -Wa,-alh=.\CortexM3\ARM_GCC_493\Debug/measurement.lst -g -D DEBUG -Wall -ffunction-sections -Og -ffat-lto-objects -c .\measurement.c -o .\CortexM3\ARM_GCC_493\Debug\measurement.o
arm-none-eabi-gcc.exe -mcpu=cortex-m3 -mthumb -Wno-main -I. -IGenerated_Source\PSoC5 -Wa,-alh=.\CortexM3\ARM_GCC_493\Debug/cyfitter_cfg.lst -g -D DEBUG -Wall -ffunction-sections -Og -ffat-lto-objects -c .\Generated_Source\PSoC5\cyfitter_cfg.c -o .\CortexM3\ARM_GCC_493\Debug\cyfitter_cfg.o
arm-none-eabi-gcc.exe -mcpu=cortex-m3 -mthumb -Wno-main -I. -IGenerated_Source\PSoC5 -Wa,-alh=.\CortexM3\ARM_GCC_493\Debug/cymetadata.lst -g -D DEBUG -Wall -ffunction-sections -Og -ffat-lto-objects -c .\Generated_Source\PSoC5\cymetadata.c -o .\CortexM3\ARM_GCC_493\Debug\cymetadata.o
arm-none-eabi-gcc.exe -mcpu=cortex-m3 -mthumb -Wno-main -I. -IGenerated_Source\PSoC5 -Wa,-alh=.\CortexM3\ARM_GCC_493\Debug/UART.lst -g -D DEBUG -Wall -ffunction-sections -Og -ffat-lto-objects -c .\Generated_Source\PSoC5\UART.c -o .\CortexM3\ARM_GCC_493\Debug\UART.o
arm-none-eabi-gcc.exe -mcpu=cortex-m3 -mthumb -Wno-main -I. -IGenerated_Source\PSoC5 -Wa,-alh=.\CortexM3\ARM_GCC_493\Debug/UART_PM.lst -g -D DEBUG -Wall -ffunction-sections -Og -ffat-lto-objects -c .\Generated_Source\PSoC5\UART_PM.c -o .\CortexM3\ARM_GCC_493\Debug\UART_PM.o
arm-none-eabi-gcc.exe -mcpu=cortex-m3 -mthumb -Wno-main -I. -IGenerated_Source\PSoC5 -Wa,-alh=.\CortexM3\ARM_GCC_493\Debug/UART_INT.lst -g -D DEBUG -Wall -ffunction-sections -Og -ffat-lto-objects -c .\Generated_Source\PSoC5\UART_INT.c -o .\CortexM3\ARM_GCC_493\Debug\UART_INT.o
arm-none-eabi-gcc.exe -mcpu=cortex-m3 -mthumb -Wno-main -I. -IGenerated_Source\PSoC5 -Wa,-alh=.\CortexM3\ARM_GCC_493\Debug/UART_BOOT.lst -g -D DEBUG -Wall -ffunction-sections -Og -ffat-lto-objects -c .\Generated_Source\PSoC5\UART_BOOT.c -o .\CortexM3\ARM_GCC_493\Debug\UART_BOOT.o
arm-none-eabi-gcc.exe -mcpu=cortex-m3 -mthumb -Wno-main -I. -IGenerated_Source\PSoC5 -Wa,-alh=.\CortexM3\ARM_GCC_493\Debug/UART_IntClock.lst -g -D DEBUG -Wall -ffunction-sections -Og -ffat-lto-objects -c .\Generated_Source\PSoC5\UART_IntClock.c -o .\CortexM3\ARM_GCC_493\Debug\UART_IntClock.o
arm-none-eabi-gcc.exe -mcpu=cortex-m3 -mthumb -Wno-main -I. -IGenerated_Source\PSoC5 -Wa,-alh=.\CortexM3\ARM_GCC_493\Debug/Cm3Start.lst -g -D DEBUG -Wall -ffunction-sections -Og -ffat-lto-objects -c .\Generated_Source\PSoC5\Cm3Start.c -o .\CortexM3\ARM_GCC_493\Debug\Cm3Start.o
arm-none-eabi-as.exe -mcpu=cortex-m3 -mthumb -I. -IGenerated_Source\PSoC5 -alh=.\CortexM3\ARM_GCC_493\Debug/CyBootAsmGnu.lst -g -W -o .\CortexM3\ARM_GCC_493\Debug\CyBootAsmGnu.o .\Generated_Source\PSoC5\CyBootAsmGnu.s
arm-none-eabi-gcc.exe -mcpu=cortex-m3 -mthumb -Wno-main -I. -IGenerated_Source\PSoC5 -Wa,-alh=.\CortexM3\ARM_GCC_493\Debug/CyDmac.lst -g -D DEBUG -Wall -ffunction-sections -Og -ffat-lto-objects -c .\Generated_Source\PSoC5\CyDmac.c -o .\CortexM3\ARM_GCC_493\Debug\CyDmac.o
arm-none-eabi-gcc.exe -mcpu=cortex-m3 -mthumb -Wno-main -I. -IGenerated_Source\PSoC5 -Wa,-alh=.\CortexM3\ARM_GCC_493\Debug/CyFlash.lst -g -D DEBUG -Wall -ffunction-sections -Og -ffat-lto-objects -c .\Generated_Source\PSoC5\CyFlash.c -o .\CortexM3\ARM_GCC_493\Debug\CyFlash.o
arm-none-eabi-gcc.exe -mcpu=cortex-m3 -mthumb -Wno-main -I. -IGenerated_Source\PSoC5 -Wa,-alh=.\CortexM3\ARM_GCC_493\Debug/CyLib.lst -g -D DEBUG -Wall -ffunction-sections -Og -ffat-lto-objects -c .\Generated_Source\PSoC5\CyLib.c -o .\CortexM3\ARM_GCC_493\Debug\CyLib.o
arm-none-eabi-gcc.exe -mcpu=cortex-m3 -mthumb -Wno-main -I. -IGenerated_Source\PSoC5 -Wa,-alh=.\CortexM3\ARM_GCC_493\Debug/cyPm.lst -g -D DEBUG -Wall -ffunction-sections -Og -ffat-lto-objects -c .\Generated_Source\PSoC5\cyPm.c -o .\CortexM3\ARM_GCC_493\Debug\cyPm.o
arm-none-eabi-gcc.exe -mcpu=cortex-m3 -mthumb -Wno-main -I. -IGenerated_Source\PSoC5 -Wa,-alh=.\CortexM3\ARM_GCC_493\Debug/CySpc.lst -g -D DEBUG -Wall -ffunction-sections -Og -ffat-lto-objects -c .\Generated_Source\PSoC5\CySpc.c -o .\CortexM3\ARM_GCC_493\Debug\CySpc.o
arm-none-eabi-gcc.exe -mcpu=cortex-m3 -mthumb -Wno-main -I. -IGenerated_Source\PSoC5 -Wa,-alh=.\CortexM3\ARM_GCC_493\Debug/cyutils.lst -g -D DEBUG -Wall -ffunction-sections -Og -ffat-lto-objects -c .\Generated_Source\PSoC5\cyutils.c -o .\CortexM3\ARM_GCC_493\Debug\cyutils.o
arm-none-eabi-gcc.exe -mcpu=cortex-m3 -mthumb -Wno-main -I. -IGenerated_Source\PSoC5 -Wa,-alh=.\CortexM3\ARM_GCC_493\Debug/ADC_SAR_Seq_1.lst -g -D DEBUG -Wall -ffunction-sections -Og -ffat-lto-objects -c .\Generated_Source\PSoC5\ADC_SAR_Seq_1.c -o .\CortexM3\ARM_GCC_493\Debug\ADC_SAR_Seq_1.o
arm-none-eabi-gcc.exe -mcpu=cortex-m3 -mthumb -Wno-main -I. -IGenerated_Source\PSoC5 -Wa,-alh=.\CortexM3\ARM_GCC_493\Debug/ADC_SAR_Seq_1_PM.lst -g -D DEBUG -Wall -ffunction-sections -Og -ffat-lto-objects -c .\Generated_Source\PSoC5\ADC_SAR_Seq_1_PM.c -o .\CortexM3\ARM_GCC_493\Debug\ADC_SAR_Seq_1_PM.o
arm-none-eabi-gcc.exe -mcpu=cortex-m3 -mthumb -Wno-main -I. -IGenerated_Source\PSoC5 -Wa,-alh=.\CortexM3\ARM_GCC_493\Debug/ADC_SAR_Seq_1_INT.lst -g -D DEBUG -Wall -ffunction-sections -Og -ffat-lto-objects -c .\Generated_Source\PSoC5\ADC_SAR_Seq_1_INT.c -o .\CortexM3\ARM_GCC_493\Debug\ADC_SAR_Seq_1_INT.o
arm-none-eabi-gcc.exe -mcpu=cortex-m3 -mthumb -Wno-main -I. -IGenerated_Source\PSoC5 -Wa,-alh=.\CortexM3\ARM_GCC_493\Debug/ADC_SAR_Seq_1_SAR.lst -g -D DEBUG -Wall -ffunction-sections -Og -ffat-lto-objects -c .\Generated_Source\PSoC5\ADC_SAR_Seq_1_SAR.c -o .\CortexM3\ARM_GCC_493\Debug\ADC_SAR_Seq_1_SAR.o
arm-none-eabi-gcc.exe -mcpu=cortex-m3 -mthumb -Wno-main -I. -IGenerated_Source\PSoC5 -Wa,-alh=.\CortexM3\ARM_GCC_493\Debug/ADC_SAR_Seq_1_SAR_INT.lst -g -D DEBUG -Wall -ffunction-sections -Og -ffat-lto-objects -c .\Generated_Source\PSoC5\ADC_SAR_Seq_1_SAR_INT.c -o .\CortexM3\ARM_GCC_493\Debug\ADC_SAR_Seq_1_SAR_INT.o
arm-none-eabi-gcc.exe -mcpu=cortex-m3 -mthumb -Wno-main -I. -IGenerated_Source\PSoC5 -Wa,-alh=.\CortexM3\ARM_GCC_493\Debug/ADC_SAR_Seq_1_SAR_PM.lst -g -D DEBUG -Wall -ffunction-sections -Og -ffat-lto-objects -c .\Generated_Source\PSoC5\ADC_SAR_Seq_1_SAR_PM.c -o .\CortexM3\ARM_GCC_493\Debug\ADC_SAR_Seq_1_SAR_PM.o
arm-none-eabi-gcc.exe -mcpu=cortex-m3 -mthumb -Wno-main -I. -IGenerated_Source\PSoC5 -Wa,-alh=.\CortexM3\ARM_GCC_493\Debug/ADC_SAR_Seq_1_IntClock.lst -g -D DEBUG -Wall -ffunction-sections -Og -ffat-lto-objects -c .\Generated_Source\PSoC5\ADC_SAR_Seq_1_IntClock.c -o .\CortexM3\ARM_GCC_493\Debug\ADC_SAR_Seq_1_IntClock.o
arm-none-eabi-gcc.exe -mcpu=cortex-m3 -mthumb -Wno-main -I. -IGenerated_Source\PSoC5 -Wa,-alh=.\CortexM3\ARM_GCC_493\Debug/ADC_SAR_Seq_1_TempBuf_dma.lst -g -D DEBUG -Wall -ffunction-sections -Og -ffat-lto-objects -c .\Generated_Source\PSoC5\ADC_SAR_Seq_1_TempBuf_dma.c -o .\CortexM3\ARM_GCC_493\Debug\ADC_SAR_Seq_1_TempBuf_dma.o
arm-none-eabi-gcc.exe -mcpu=cortex-m3 -mthumb -Wno-main -I. -IGenerated_Source\PSoC5 -Wa,-alh=.\CortexM3\ARM_GCC_493\Debug/ADC_SAR_Seq_1_FinalBuf_dma.lst -g -D DEBUG -Wall -ffunction-sections -Og -ffat-lto-objects -c .\Generated_Source\PSoC5\ADC_SAR_Seq_1_FinalBuf_dma.c -o .\CortexM3\ARM_GCC_493\Debug\ADC_SAR_Seq_1_FinalBuf_dma.o
arm-none-eabi-gcc.exe -mcpu=cortex-m3 -mthumb -Wno-main -I. -IGenerated_Source\PSoC5 -Wa,-alh=.\CortexM3\ARM_GCC_493\Debug/ADC_SAR_Seq_1_IRQ.lst -g -D DEBUG -Wall -ffunction-sections -Og -ffat-lto-objects -c .\Generated_Source\PSoC5\ADC_SAR_Seq_1_IRQ.c -o .\CortexM3\ARM_GCC_493\Debug\ADC_SAR_Seq_1_IRQ.o
arm-none-eabi-gcc.exe -mcpu=cortex-m3 -mthumb -Wno-main -I. -IGenerated_Source\PSoC5 -Wa,-alh=.\CortexM3\ARM_GCC_493\Debug/EEPROM_1.lst -g -D DEBUG -Wall -ffunction-sections -Og -ffat-lto-objects -c .\Generated_Source\PSoC5\EEPROM_1.c -o .\CortexM3\ARM_GCC_493\Debug\EEPROM_1.o
arm-none-eabi-gcc.exe -mcpu=cortex-m3 -mthumb -Wno-main -I. -IGenerated_Source\PSoC5 -Wa,-alh=.\CortexM3\ARM_GCC_493\Debug/Pin_1.lst -g -D DEBUG -Wall -ffunction-sections -Og -ffat-lto-objects -c .\Generated_Source\PSoC5\Pin_1.c -o .\CortexM3\ARM_GCC_493\Debug\Pin_1.o
arm-none-eabi-gcc.exe -mcpu=cortex-m3 -mthumb -Wno-main -I. -IGenerated_Source\PSoC5 -Wa,-alh=.\CortexM3\ARM_GCC_493\Debug/ADC_SAR_Seq_1_SAR_Bypass.lst -g -D DEBUG -Wall -ffunction-sections -Og -ffat-lto-objects -c .\Generated_Source\PSoC5\ADC_SAR_Seq_1_SAR_Bypass.c -o .\CortexM3\ARM_GCC_493\Debug\ADC_SAR_Seq_1_SAR_Bypass.o
arm-none-eabi-gcc.exe -mcpu=cortex-m3 -mthumb -Wno-main -I. -IGenerated_Source\PSoC5 -Wa,-alh=.\CortexM3\ARM_GCC_493\Debug/Pin_2.lst -g -D DEBUG -Wall -ffunction-sections -Og -ffat-lto-objects -c .\Generated_Source\PSoC5\Pin_2.c -o .\CortexM3\ARM_GCC_493\Debug\Pin_2.o
arm-none-eabi-gcc.exe -mcpu=cortex-m3 -mthumb -Wno-main -I. -IGenerated_Source\PSoC5 -Wa,-alh=.\CortexM3\ARM_GCC_493\Debug/Pin_3.lst -g -D DEBUG -Wall -ffunction-sections -Og -ffat-lto-objects -c .\Generated_Source\PSoC5\Pin_3.c -o .\CortexM3\ARM_GCC_493\Debug\Pin_3.o
arm-none-eabi-ar.exe -rs .\CortexM3\ARM_GCC_493\Debug\Energus_Temp_Sense.a .\CortexM3\ARM_GCC_493\Debug\cyfitter_cfg.o .\CortexM3\ARM_GCC_493\Debug\UART.o .\CortexM3\ARM_GCC_493\Debug\UART_PM.o .\CortexM3\ARM_GCC_493\Debug\UART_INT.o .\CortexM3\ARM_GCC_493\Debug\UART_BOOT.o .\CortexM3\ARM_GCC_493\Debug\UART_IntClock.o .\CortexM3\ARM_GCC_493\Debug\CyBootAsmGnu.o .\CortexM3\ARM_GCC_493\Debug\CyDmac.o .\CortexM3\ARM_GCC_493\Debug\CyFlash.o .\CortexM3\ARM_GCC_493\Debug\CyLib.o .\CortexM3\ARM_GCC_493\Debug\cyPm.o .\CortexM3\ARM_GCC_493\Debug\CySpc.o .\CortexM3\ARM_GCC_493\Debug\cyutils.o .\CortexM3\ARM_GCC_493\Debug\ADC_SAR_Seq_1.o .\CortexM3\ARM_GCC_493\Debug\ADC_SAR_Seq_1_PM.o .\CortexM3\ARM_GCC_493\Debug\ADC_SAR_Seq_1_INT.o .\CortexM3\ARM_GCC_493\Debug\ADC_SAR_Seq_1_SAR.o .\CortexM3\ARM_GCC_493\Debug\ADC_SAR_Seq_1_SAR_INT.o .\CortexM3\ARM_GCC_493\Debug\ADC_SAR_Seq_1_SAR_PM.o .\CortexM3\ARM_GCC_493\Debug\ADC_SAR_Seq_1_IntClock.o .\CortexM3\ARM_GCC_493\Debug\ADC_SAR_Seq_1_TempBuf_dma.o .\CortexM3\ARM_GCC_493\Debug\ADC_SAR_Seq_1_FinalBuf_dma.o .\CortexM3\ARM_GCC_493\Debug\ADC_SAR_Seq_1_IRQ.o .\CortexM3\ARM_GCC_493\Debug\EEPROM_1.o .\CortexM3\ARM_GCC_493\Debug\Pin_1.o .\CortexM3\ARM_GCC_493\Debug\ADC_SAR_Seq_1_SAR_Bypass.o .\CortexM3\ARM_GCC_493\Debug\Pin_2.o .\CortexM3\ARM_GCC_493\Debug\Pin_3.o
arm-none-eabi-ar.exe: creating .\CortexM3\ARM_GCC_493\Debug\Energus_Temp_Sense.a
arm-none-eabi-gcc.exe -Wl,--start-group -o .\CortexM3\ARM_GCC_493\Debug\Energus_Temp_Sense.elf .\CortexM3\ARM_GCC_493\Debug\main.o .\CortexM3\ARM_GCC_493\Debug\measurement.o .\CortexM3\ARM_GCC_493\Debug\cymetadata.o .\CortexM3\ARM_GCC_493\Debug\Cm3Start.o .\CortexM3\ARM_GCC_493\Debug\Energus_Temp_Sense.a "C:\Program Files (x86)\Cypress\PSoC Creator\3.3\PSoC Creator\psoc\content\cycomponentlibrary\CyComponentLibrary.cylib\CortexM3\ARM_GCC_493\Debug\CyComponentLibrary.a" -mcpu=cortex-m3 -mthumb -g -ffunction-sections -Og -L Generated_Source\PSoC5 -Wl,-Map,.\CortexM3\ARM_GCC_493\Debug/Energus_Temp_Sense.map -T Generated_Source\PSoC5\cm3gcc.ld -specs=nano.specs -Wl,--gc-sections -Wl,--end-group
cyelftool.exe -C C:\Users\nm\Desktop\TempSenseExample\Energus_Temp_Sense.cydsn\CortexM3\ARM_GCC_493\Debug\Energus_Temp_Sense.elf --flash_row_size 256 --flash_size 262144
cyelftool.exe -S C:\Users\nm\Desktop\TempSenseExample\Energus_Temp_Sense.cydsn\CortexM3\ARM_GCC_493\Debug\Energus_Temp_Sense.elf
Flash used: 3840 of 262144 bytes (1.5 %).
SRAM used: 2549 of 65536 bytes (3.9 %). Stack: 2048 bytes. Heap: 128 bytes.
--------------- Rebuild Succeeded: 11/10/2016 11:53:32 ---------------
