ARM GAS  C:\Users\nm\AppData\Local\Temp\cczFPFKb.s 			page 1


   1              		.syntax unified
   2              		.cpu cortex-m3
   3              		.fpu softvfp
   4              		.eabi_attribute 20, 1
   5              		.eabi_attribute 21, 1
   6              		.eabi_attribute 23, 3
   7              		.eabi_attribute 24, 1
   8              		.eabi_attribute 25, 1
   9              		.eabi_attribute 26, 1
  10              		.eabi_attribute 30, 1
  11              		.eabi_attribute 34, 1
  12              		.eabi_attribute 18, 4
  13              		.thumb
  14              		.file	"removeOffsetNoise.c"
  15              		.text
  16              	.Ltext0:
  17              		.cfi_sections	.debug_frame
  18              		.section	.text.FilterSignal,"ax",%progbits
  19              		.align	2
  20              		.global	FilterSignal
  21              		.thumb
  22              		.thumb_func
  23              		.type	FilterSignal, %function
  24              	FilterSignal:
  25              	.LFB63:
  26              		.file 1 ".\\removeOffsetNoise.c"
   1:.\removeOffsetNoise.c **** /******************************************************************************
   2:.\removeOffsetNoise.c **** * File Name: removeOffsetNoise.c
   3:.\removeOffsetNoise.c **** *  Version 2.0
   4:.\removeOffsetNoise.c **** *
   5:.\removeOffsetNoise.c **** * Description:
   6:.\removeOffsetNoise.c **** *  This file contains the functions that are used to find offset and perform 
   7:.\removeOffsetNoise.c **** *  IIR filter
   8:.\removeOffsetNoise.c **** *
   9:.\removeOffsetNoise.c **** * Note:
  10:.\removeOffsetNoise.c **** *
  11:.\removeOffsetNoise.c **** ********************************************************************************
  12:.\removeOffsetNoise.c **** * Copyright (2015), Cypress Semiconductor Corporation. All Rights Reserved.
  13:.\removeOffsetNoise.c **** ********************************************************************************
  14:.\removeOffsetNoise.c **** * This software is owned by Cypress Semiconductor Corporation (Cypress)
  15:.\removeOffsetNoise.c **** * and is protected by and subject to worldwide patent protection (United
  16:.\removeOffsetNoise.c **** * States and foreign), United States copyright laws and international treaty
  17:.\removeOffsetNoise.c **** * provisions. Cypress hereby grants to licensee a personal, non-exclusive,
  18:.\removeOffsetNoise.c **** * non-transferable license to copy, use, modify, create derivative works of,
  19:.\removeOffsetNoise.c **** * and compile the Cypress Source Code and derivative works for the sole
  20:.\removeOffsetNoise.c **** * purpose of creating custom software in support of licensee product to be
  21:.\removeOffsetNoise.c **** * used only in conjunction with a Cypress integrated circuit as specified in
  22:.\removeOffsetNoise.c **** * the applicable agreement. Any reproduction, modification, translation,
  23:.\removeOffsetNoise.c **** * compilation, or representation of this software except as specified above 
  24:.\removeOffsetNoise.c **** * is prohibited without the express written permission of Cypress.
  25:.\removeOffsetNoise.c **** *
  26:.\removeOffsetNoise.c **** * Disclaimer: CYPRESS MAKES NO WARRANTY OF ANY KIND, EXPRESS OR IMPLIED, WITH 
  27:.\removeOffsetNoise.c **** * REGARD TO THIS MATERIAL, INCLUDING, BUT NOT LIMITED TO, THE IMPLIED 
  28:.\removeOffsetNoise.c **** * WARRANTIES OF MERCHANTABILITY AND FITNESS FOR A PARTICULAR PURPOSE.
  29:.\removeOffsetNoise.c **** * Cypress reserves the right to make changes without further notice to the 
  30:.\removeOffsetNoise.c **** * materials described herein. Cypress does not assume any liability arising out 
  31:.\removeOffsetNoise.c **** * of the application or use of any product or circuit described herein. Cypress 
ARM GAS  C:\Users\nm\AppData\Local\Temp\cczFPFKb.s 			page 2


  32:.\removeOffsetNoise.c **** * does not authorize its products for use as critical components in life-support 
  33:.\removeOffsetNoise.c **** * systems where a malfunction or failure may reasonably be expected to result in 
  34:.\removeOffsetNoise.c **** * significant injury to the user. The inclusion of Cypress' product in a life-
  35:.\removeOffsetNoise.c **** * support systems application implies that the manufacturer assumes all risk of 
  36:.\removeOffsetNoise.c **** * such use and in doing so indemnifies Cypress against all charges. 
  37:.\removeOffsetNoise.c **** *
  38:.\removeOffsetNoise.c **** * Use of this Software may be limited by and subject to the applicable Cypress
  39:.\removeOffsetNoise.c **** * software license agreement. 
  40:.\removeOffsetNoise.c **** *******************************************************************************/
  41:.\removeOffsetNoise.c **** #include "removeOffsetNoise.h"
  42:.\removeOffsetNoise.c **** #include "measurement.h"
  43:.\removeOffsetNoise.c **** #include <device.h>
  44:.\removeOffsetNoise.c **** 
  45:.\removeOffsetNoise.c **** /*******************************************************************************
  46:.\removeOffsetNoise.c **** *  Function Name: FilterSignal
  47:.\removeOffsetNoise.c **** ********************************************************************************
  48:.\removeOffsetNoise.c **** * Summary:
  49:.\removeOffsetNoise.c **** *  This is IIR filter to process the sampled ADC data. For first sample passed 
  50:.\removeOffsetNoise.c **** *  the function simply returns the passed ADC sample. for second sample onwards,
  51:.\removeOffsetNoise.c **** *  Fraction of input signal based upon the filter coefficient, is calculated and 
  52:.\removeOffsetNoise.c **** *  added to the previously stored filtered value.
  53:.\removeOffsetNoise.c **** *
  54:.\removeOffsetNoise.c **** * Parameters:
  55:.\removeOffsetNoise.c **** * (int32)  ADCSample       - ADC sample read for given signal
  56:.\removeOffsetNoise.c **** * (uint8)  Sensor		   - Sensor to be Filtered
  57:.\removeOffsetNoise.c **** *
  58:.\removeOffsetNoise.c **** * Return: 
  59:.\removeOffsetNoise.c **** * (int32)filValueRounded - filtered value passed is updated after applying 
  60:.\removeOffsetNoise.c **** * IIR filter to the ADC sample.
  61:.\removeOffsetNoise.c **** *
  62:.\removeOffsetNoise.c **** * Theory:
  63:.\removeOffsetNoise.c **** * For more information on the IIR filter please refer to Cypress application
  64:.\removeOffsetNoise.c **** * note AN2099.
  65:.\removeOffsetNoise.c **** *
  66:.\removeOffsetNoise.c **** * Side Effects:
  67:.\removeOffsetNoise.c **** * None
  68:.\removeOffsetNoise.c **** *******************************************************************************/
  69:.\removeOffsetNoise.c **** int32 FilterSignal(int32 ADCSample, uint8 sensor)
  70:.\removeOffsetNoise.c **** {
  27              		.loc 1 70 0
  28              		.cfi_startproc
  29              		@ args = 0, pretend = 0, frame = 0
  30              		@ frame_needed = 0, uses_anonymous_args = 0
  31              		@ link register save eliminated.
  32              	.LVL0:
  71:.\removeOffsetNoise.c **** 	/* Running filtered value accumulator */
  72:.\removeOffsetNoise.c **** 	static int32 filteredValue[NUM_SENSORS] = {0,0};
  73:.\removeOffsetNoise.c **** 	
  74:.\removeOffsetNoise.c **** 	/* Filtered value rounded-off to 20-bits */
  75:.\removeOffsetNoise.c **** 	int32 filValueRounded;
  76:.\removeOffsetNoise.c **** 	
  77:.\removeOffsetNoise.c **** 	/* Left shift input by MAX_FILTER_COEFF_SHIFT to allow divisions up to MAX_FILTER_COEFF_SHIFT */
  78:.\removeOffsetNoise.c **** 	ADCSample <<= MAX_FILTER_COEFF_SHIFT;
  33              		.loc 1 78 0
  34 0000 0002     		lsls	r0, r0, #8
  35              	.LVL1:
  79:.\removeOffsetNoise.c **** 	   
ARM GAS  C:\Users\nm\AppData\Local\Temp\cczFPFKb.s 			page 3


  80:.\removeOffsetNoise.c **** 	/* Pass the filter input as it is for fast changes in input */
  81:.\removeOffsetNoise.c ****     if ( (ADCSample > (filteredValue[sensor] + FILTER_FEEDFORWARD)) || (ADCSample < (filteredValue[
  36              		.loc 1 81 0
  37 0002 0A4B     		ldr	r3, .L5
  38 0004 53F82130 		ldr	r3, [r3, r1, lsl #2]
  39 0008 03F54852 		add	r2, r3, #12800
  40 000c 8242     		cmp	r2, r0
  41 000e 03DB     		blt	.L2
  42              		.loc 1 81 0 is_stmt 0 discriminator 1
  43 0010 A3F54853 		sub	r3, r3, #12800
  44 0014 8342     		cmp	r3, r0
  45 0016 03DD     		ble	.L3
  46              	.L2:
  82:.\removeOffsetNoise.c ****     {
  83:.\removeOffsetNoise.c ****         filteredValue[sensor] = ADCSample;
  47              		.loc 1 83 0 is_stmt 1
  48 0018 044B     		ldr	r3, .L5
  49 001a 43F82100 		str	r0, [r3, r1, lsl #2]
  50 001e 02E0     		b	.L4
  51              	.L3:
  84:.\removeOffsetNoise.c ****     }
  85:.\removeOffsetNoise.c ****     
  86:.\removeOffsetNoise.c ****     /* If not the first sample then based on filter coefficient, filter the 
  87:.\removeOffsetNoise.c ****      * input signal */
  88:.\removeOffsetNoise.c ****     else
  89:.\removeOffsetNoise.c ****     {
  90:.\removeOffsetNoise.c **** 		/* IIR filter */
  91:.\removeOffsetNoise.c **** 		filteredValue[sensor] = filteredValue[sensor] + ((ADCSample - filteredValue[sensor]) >> RTD_FILTE
  52              		.loc 1 91 0
  53 0020 024B     		ldr	r3, .L5
  54 0022 43F82100 		str	r0, [r3, r1, lsl #2]
  55              	.L4:
  56              	.LVL2:
  92:.\removeOffsetNoise.c **** 	}
  93:.\removeOffsetNoise.c **** 	
  94:.\removeOffsetNoise.c **** 	/* Compensate filter result for  left shift of 8 and round off */
  95:.\removeOffsetNoise.c **** 	filValueRounded = (filteredValue[sensor] >> MAX_FILTER_COEFF_SHIFT) + ((filteredValue[sensor] & 0x
  96:.\removeOffsetNoise.c **** 	
  97:.\removeOffsetNoise.c ****     return filValueRounded;
  98:.\removeOffsetNoise.c **** }
  57              		.loc 1 98 0
  58 0026 0012     		asrs	r0, r0, #8
  59              	.LVL3:
  60 0028 7047     		bx	lr
  61              	.L6:
  62 002a 00BF     		.align	2
  63              	.L5:
  64 002c 00000000 		.word	.LANCHOR0
  65              		.cfi_endproc
  66              	.LFE63:
  67              		.size	FilterSignal, .-FilterSignal
  68              		.section	.text.GetOffset,"ax",%progbits
  69              		.align	2
  70              		.global	GetOffset
  71              		.thumb
  72              		.thumb_func
  73              		.type	GetOffset, %function
ARM GAS  C:\Users\nm\AppData\Local\Temp\cczFPFKb.s 			page 4


  74              	GetOffset:
  75              	.LFB64:
  99:.\removeOffsetNoise.c **** 
 100:.\removeOffsetNoise.c **** /*******************************************************************************
 101:.\removeOffsetNoise.c **** *  Function Name: GetOffset
 102:.\removeOffsetNoise.c **** ********************************************************************************
 103:.\removeOffsetNoise.c **** * Summary:
 104:.\removeOffsetNoise.c **** * This function shorts the inputs of the ADC together and reads the offset. 
 105:.\removeOffsetNoise.c **** *
 106:.\removeOffsetNoise.c **** * Parameters:
 107:.\removeOffsetNoise.c **** * void:
 108:.\removeOffsetNoise.c **** *
 109:.\removeOffsetNoise.c **** * Return:
 110:.\removeOffsetNoise.c **** * int32: result (offset value).
 111:.\removeOffsetNoise.c **** *
 112:.\removeOffsetNoise.c **** * Theory:
 113:.\removeOffsetNoise.c **** *
 114:.\removeOffsetNoise.c **** * Side Effects:
 115:.\removeOffsetNoise.c **** * None
 116:.\removeOffsetNoise.c **** *******************************************************************************/
 117:.\removeOffsetNoise.c **** int32 GetOffset(void)
 118:.\removeOffsetNoise.c **** {
  76              		.loc 1 118 0
  77              		.cfi_startproc
  78              		@ args = 0, pretend = 0, frame = 0
  79              		@ frame_needed = 0, uses_anonymous_args = 0
  80 0000 08B5     		push	{r3, lr}
  81              		.cfi_def_cfa_offset 8
  82              		.cfi_offset 3, -8
  83              		.cfi_offset 14, -4
 119:.\removeOffsetNoise.c **** 	int32 result;
 120:.\removeOffsetNoise.c **** 
 121:.\removeOffsetNoise.c ****   	/*Select the MUX channel and Measure the offset voltage*/	
 122:.\removeOffsetNoise.c **** 	AMux_FastSelect(AMUX_1_CDS);
  84              		.loc 1 122 0
  85 0002 0220     		movs	r0, #2
  86 0004 FFF7FEFF 		bl	AMux_FastSelect
  87              	.LVL4:
 123:.\removeOffsetNoise.c ****     ADC_StartConvert();
  88              		.loc 1 123 0
  89 0008 FFF7FEFF 		bl	ADC_StartConvert
  90              	.LVL5:
 124:.\removeOffsetNoise.c **** 	ADC_IsEndConversion(ADC_WAIT_FOR_RESULT);
  91              		.loc 1 124 0
  92 000c 0020     		movs	r0, #0
  93 000e FFF7FEFF 		bl	ADC_IsEndConversion
  94              	.LVL6:
 125:.\removeOffsetNoise.c **** 	result = ADC_GetResult32();
  95              		.loc 1 125 0
  96 0012 FFF7FEFF 		bl	ADC_GetResult32
  97              	.LVL7:
 126:.\removeOffsetNoise.c **** 
 127:.\removeOffsetNoise.c ****     return result;
 128:.\removeOffsetNoise.c **** }
  98              		.loc 1 128 0
  99 0016 08BD     		pop	{r3, pc}
 100              		.cfi_endproc
ARM GAS  C:\Users\nm\AppData\Local\Temp\cczFPFKb.s 			page 5


 101              	.LFE64:
 102              		.size	GetOffset, .-GetOffset
 103              		.bss
 104              		.align	2
 105              		.set	.LANCHOR0,. + 0
 106              		.type	filteredValue.6149, %object
 107              		.size	filteredValue.6149, 8
 108              	filteredValue.6149:
 109 0000 00000000 		.space	8
 109      00000000 
 110              		.text
 111              	.Letext0:
 112              		.file 2 "c:\\program files (x86)\\cypress\\psoc creator\\3.3\\psoc creator\\import\\gnu\\arm\\4.9.
 113              		.file 3 "c:\\program files (x86)\\cypress\\psoc creator\\3.3\\psoc creator\\import\\gnu\\arm\\4.9.
 114              		.file 4 "Generated_Source\\PSoC5/cytypes.h"
 115              		.file 5 "Generated_Source\\PSoC5/core_cm3.h"
 116              		.file 6 "Generated_Source\\PSoC5/AMux.h"
 117              		.file 7 "Generated_Source\\PSoC5/ADC.h"
 118              		.section	.debug_info,"",%progbits
 119              	.Ldebug_info0:
 120 0000 C7010000 		.4byte	0x1c7
 121 0004 0400     		.2byte	0x4
 122 0006 00000000 		.4byte	.Ldebug_abbrev0
 123 000a 04       		.byte	0x4
 124 000b 01       		.uleb128 0x1
 125 000c E5000000 		.4byte	.LASF25
 126 0010 01       		.byte	0x1
 127 0011 E9010000 		.4byte	.LASF26
 128 0015 1D000000 		.4byte	.LASF27
 129 0019 00000000 		.4byte	.Ldebug_ranges0+0
 130 001d 00000000 		.4byte	0
 131 0021 00000000 		.4byte	.Ldebug_line0
 132 0025 02       		.uleb128 0x2
 133 0026 01       		.byte	0x1
 134 0027 06       		.byte	0x6
 135 0028 34020000 		.4byte	.LASF0
 136 002c 02       		.uleb128 0x2
 137 002d 01       		.byte	0x1
 138 002e 08       		.byte	0x8
 139 002f 68000000 		.4byte	.LASF1
 140 0033 02       		.uleb128 0x2
 141 0034 02       		.byte	0x2
 142 0035 05       		.byte	0x5
 143 0036 FF010000 		.4byte	.LASF2
 144 003a 02       		.uleb128 0x2
 145 003b 02       		.byte	0x2
 146 003c 07       		.byte	0x7
 147 003d 0A000000 		.4byte	.LASF3
 148 0041 03       		.uleb128 0x3
 149 0042 00000000 		.4byte	.LASF9
 150 0046 02       		.byte	0x2
 151 0047 3F       		.byte	0x3f
 152 0048 4C000000 		.4byte	0x4c
 153 004c 02       		.uleb128 0x2
 154 004d 04       		.byte	0x4
 155 004e 05       		.byte	0x5
 156 004f 1F020000 		.4byte	.LASF4
ARM GAS  C:\Users\nm\AppData\Local\Temp\cczFPFKb.s 			page 6


 157 0053 02       		.uleb128 0x2
 158 0054 04       		.byte	0x4
 159 0055 07       		.byte	0x7
 160 0056 C5000000 		.4byte	.LASF5
 161 005a 02       		.uleb128 0x2
 162 005b 08       		.byte	0x8
 163 005c 05       		.byte	0x5
 164 005d CC010000 		.4byte	.LASF6
 165 0061 02       		.uleb128 0x2
 166 0062 08       		.byte	0x8
 167 0063 07       		.byte	0x7
 168 0064 80010000 		.4byte	.LASF7
 169 0068 04       		.uleb128 0x4
 170 0069 04       		.byte	0x4
 171 006a 05       		.byte	0x5
 172 006b 696E7400 		.ascii	"int\000"
 173 006f 02       		.uleb128 0x2
 174 0070 04       		.byte	0x4
 175 0071 07       		.byte	0x7
 176 0072 73010000 		.4byte	.LASF8
 177 0076 03       		.uleb128 0x3
 178 0077 BB010000 		.4byte	.LASF10
 179 007b 03       		.byte	0x3
 180 007c 2C       		.byte	0x2c
 181 007d 41000000 		.4byte	0x41
 182 0081 05       		.uleb128 0x5
 183 0082 09020000 		.4byte	.LASF11
 184 0086 04       		.byte	0x4
 185 0087 3801     		.2byte	0x138
 186 0089 2C000000 		.4byte	0x2c
 187 008d 05       		.uleb128 0x5
 188 008e A2000000 		.4byte	.LASF12
 189 0092 04       		.byte	0x4
 190 0093 3D01     		.2byte	0x13d
 191 0095 4C000000 		.4byte	0x4c
 192 0099 02       		.uleb128 0x2
 193 009a 04       		.byte	0x4
 194 009b 04       		.byte	0x4
 195 009c 62000000 		.4byte	.LASF13
 196 00a0 02       		.uleb128 0x2
 197 00a1 08       		.byte	0x8
 198 00a2 04       		.byte	0x4
 199 00a3 5B000000 		.4byte	.LASF14
 200 00a7 02       		.uleb128 0x2
 201 00a8 01       		.byte	0x1
 202 00a9 08       		.byte	0x8
 203 00aa E4010000 		.4byte	.LASF15
 204 00ae 02       		.uleb128 0x2
 205 00af 04       		.byte	0x4
 206 00b0 07       		.byte	0x7
 207 00b1 C3010000 		.4byte	.LASF16
 208 00b5 02       		.uleb128 0x2
 209 00b6 08       		.byte	0x8
 210 00b7 04       		.byte	0x4
 211 00b8 28020000 		.4byte	.LASF17
 212 00bc 06       		.uleb128 0x6
 213 00bd AE010000 		.4byte	.LASF22
ARM GAS  C:\Users\nm\AppData\Local\Temp\cczFPFKb.s 			page 7


 214 00c1 01       		.byte	0x1
 215 00c2 45       		.byte	0x45
 216 00c3 8D000000 		.4byte	0x8d
 217 00c7 00000000 		.4byte	.LFB63
 218 00cb 30000000 		.4byte	.LFE63-.LFB63
 219 00cf 01       		.uleb128 0x1
 220 00d0 9C       		.byte	0x9c
 221 00d1 12010000 		.4byte	0x112
 222 00d5 07       		.uleb128 0x7
 223 00d6 DA010000 		.4byte	.LASF18
 224 00da 01       		.byte	0x1
 225 00db 45       		.byte	0x45
 226 00dc 8D000000 		.4byte	0x8d
 227 00e0 00000000 		.4byte	.LLST0
 228 00e4 08       		.uleb128 0x8
 229 00e5 87000000 		.4byte	.LASF19
 230 00e9 01       		.byte	0x1
 231 00ea 45       		.byte	0x45
 232 00eb 81000000 		.4byte	0x81
 233 00ef 01       		.uleb128 0x1
 234 00f0 51       		.byte	0x51
 235 00f1 09       		.uleb128 0x9
 236 00f2 D7000000 		.4byte	.LASF20
 237 00f6 01       		.byte	0x1
 238 00f7 48       		.byte	0x48
 239 00f8 12010000 		.4byte	0x112
 240 00fc 05       		.uleb128 0x5
 241 00fd 03       		.byte	0x3
 242 00fe 00000000 		.4byte	filteredValue.6149
 243 0102 0A       		.uleb128 0xa
 244 0103 0F020000 		.4byte	.LASF21
 245 0107 01       		.byte	0x1
 246 0108 4B       		.byte	0x4b
 247 0109 8D000000 		.4byte	0x8d
 248 010d 2E000000 		.4byte	.LLST1
 249 0111 00       		.byte	0
 250 0112 0B       		.uleb128 0xb
 251 0113 8D000000 		.4byte	0x8d
 252 0117 22010000 		.4byte	0x122
 253 011b 0C       		.uleb128 0xc
 254 011c AE000000 		.4byte	0xae
 255 0120 01       		.byte	0x1
 256 0121 00       		.byte	0
 257 0122 06       		.uleb128 0x6
 258 0123 40020000 		.4byte	.LASF23
 259 0127 01       		.byte	0x1
 260 0128 75       		.byte	0x75
 261 0129 8D000000 		.4byte	0x8d
 262 012d 00000000 		.4byte	.LFB64
 263 0131 18000000 		.4byte	.LFE64-.LFB64
 264 0135 01       		.uleb128 0x1
 265 0136 9C       		.byte	0x9c
 266 0137 81010000 		.4byte	0x181
 267 013b 09       		.uleb128 0x9
 268 013c 97010000 		.4byte	.LASF24
 269 0140 01       		.byte	0x1
 270 0141 77       		.byte	0x77
ARM GAS  C:\Users\nm\AppData\Local\Temp\cczFPFKb.s 			page 8


 271 0142 8D000000 		.4byte	0x8d
 272 0146 01       		.uleb128 0x1
 273 0147 50       		.byte	0x50
 274 0148 0D       		.uleb128 0xd
 275 0149 08000000 		.4byte	.LVL4
 276 014d 92010000 		.4byte	0x192
 277 0151 5B010000 		.4byte	0x15b
 278 0155 0E       		.uleb128 0xe
 279 0156 01       		.uleb128 0x1
 280 0157 50       		.byte	0x50
 281 0158 01       		.uleb128 0x1
 282 0159 32       		.byte	0x32
 283 015a 00       		.byte	0
 284 015b 0F       		.uleb128 0xf
 285 015c 0C000000 		.4byte	.LVL5
 286 0160 A3010000 		.4byte	0x1a3
 287 0164 0D       		.uleb128 0xd
 288 0165 12000000 		.4byte	.LVL6
 289 0169 AA010000 		.4byte	0x1aa
 290 016d 77010000 		.4byte	0x177
 291 0171 0E       		.uleb128 0xe
 292 0172 01       		.uleb128 0x1
 293 0173 50       		.byte	0x50
 294 0174 01       		.uleb128 0x1
 295 0175 30       		.byte	0x30
 296 0176 00       		.byte	0
 297 0177 0F       		.uleb128 0xf
 298 0178 16000000 		.4byte	.LVL7
 299 017c BF010000 		.4byte	0x1bf
 300 0180 00       		.byte	0
 301 0181 10       		.uleb128 0x10
 302 0182 A8000000 		.4byte	.LASF28
 303 0186 05       		.byte	0x5
 304 0187 5506     		.2byte	0x655
 305 0189 8D010000 		.4byte	0x18d
 306 018d 11       		.uleb128 0x11
 307 018e 76000000 		.4byte	0x76
 308 0192 12       		.uleb128 0x12
 309 0193 9E010000 		.4byte	.LASF29
 310 0197 06       		.byte	0x6
 311 0198 20       		.byte	0x20
 312 0199 A3010000 		.4byte	0x1a3
 313 019d 13       		.uleb128 0x13
 314 019e 81000000 		.4byte	0x81
 315 01a2 00       		.byte	0
 316 01a3 14       		.uleb128 0x14
 317 01a4 76000000 		.4byte	.LASF30
 318 01a8 07       		.byte	0x7
 319 01a9 3D       		.byte	0x3d
 320 01aa 15       		.uleb128 0x15
 321 01ab 8E000000 		.4byte	.LASF31
 322 01af 07       		.byte	0x7
 323 01b0 3F       		.byte	0x3f
 324 01b1 81000000 		.4byte	0x81
 325 01b5 BF010000 		.4byte	0x1bf
 326 01b9 13       		.uleb128 0x13
 327 01ba 81000000 		.4byte	0x81
ARM GAS  C:\Users\nm\AppData\Local\Temp\cczFPFKb.s 			page 9


 328 01be 00       		.byte	0
 329 01bf 16       		.uleb128 0x16
 330 01c0 B5000000 		.4byte	.LASF32
 331 01c4 07       		.byte	0x7
 332 01c5 42       		.byte	0x42
 333 01c6 8D000000 		.4byte	0x8d
 334 01ca 00       		.byte	0
 335              		.section	.debug_abbrev,"",%progbits
 336              	.Ldebug_abbrev0:
 337 0000 01       		.uleb128 0x1
 338 0001 11       		.uleb128 0x11
 339 0002 01       		.byte	0x1
 340 0003 25       		.uleb128 0x25
 341 0004 0E       		.uleb128 0xe
 342 0005 13       		.uleb128 0x13
 343 0006 0B       		.uleb128 0xb
 344 0007 03       		.uleb128 0x3
 345 0008 0E       		.uleb128 0xe
 346 0009 1B       		.uleb128 0x1b
 347 000a 0E       		.uleb128 0xe
 348 000b 55       		.uleb128 0x55
 349 000c 17       		.uleb128 0x17
 350 000d 11       		.uleb128 0x11
 351 000e 01       		.uleb128 0x1
 352 000f 10       		.uleb128 0x10
 353 0010 17       		.uleb128 0x17
 354 0011 00       		.byte	0
 355 0012 00       		.byte	0
 356 0013 02       		.uleb128 0x2
 357 0014 24       		.uleb128 0x24
 358 0015 00       		.byte	0
 359 0016 0B       		.uleb128 0xb
 360 0017 0B       		.uleb128 0xb
 361 0018 3E       		.uleb128 0x3e
 362 0019 0B       		.uleb128 0xb
 363 001a 03       		.uleb128 0x3
 364 001b 0E       		.uleb128 0xe
 365 001c 00       		.byte	0
 366 001d 00       		.byte	0
 367 001e 03       		.uleb128 0x3
 368 001f 16       		.uleb128 0x16
 369 0020 00       		.byte	0
 370 0021 03       		.uleb128 0x3
 371 0022 0E       		.uleb128 0xe
 372 0023 3A       		.uleb128 0x3a
 373 0024 0B       		.uleb128 0xb
 374 0025 3B       		.uleb128 0x3b
 375 0026 0B       		.uleb128 0xb
 376 0027 49       		.uleb128 0x49
 377 0028 13       		.uleb128 0x13
 378 0029 00       		.byte	0
 379 002a 00       		.byte	0
 380 002b 04       		.uleb128 0x4
 381 002c 24       		.uleb128 0x24
 382 002d 00       		.byte	0
 383 002e 0B       		.uleb128 0xb
 384 002f 0B       		.uleb128 0xb
ARM GAS  C:\Users\nm\AppData\Local\Temp\cczFPFKb.s 			page 10


 385 0030 3E       		.uleb128 0x3e
 386 0031 0B       		.uleb128 0xb
 387 0032 03       		.uleb128 0x3
 388 0033 08       		.uleb128 0x8
 389 0034 00       		.byte	0
 390 0035 00       		.byte	0
 391 0036 05       		.uleb128 0x5
 392 0037 16       		.uleb128 0x16
 393 0038 00       		.byte	0
 394 0039 03       		.uleb128 0x3
 395 003a 0E       		.uleb128 0xe
 396 003b 3A       		.uleb128 0x3a
 397 003c 0B       		.uleb128 0xb
 398 003d 3B       		.uleb128 0x3b
 399 003e 05       		.uleb128 0x5
 400 003f 49       		.uleb128 0x49
 401 0040 13       		.uleb128 0x13
 402 0041 00       		.byte	0
 403 0042 00       		.byte	0
 404 0043 06       		.uleb128 0x6
 405 0044 2E       		.uleb128 0x2e
 406 0045 01       		.byte	0x1
 407 0046 3F       		.uleb128 0x3f
 408 0047 19       		.uleb128 0x19
 409 0048 03       		.uleb128 0x3
 410 0049 0E       		.uleb128 0xe
 411 004a 3A       		.uleb128 0x3a
 412 004b 0B       		.uleb128 0xb
 413 004c 3B       		.uleb128 0x3b
 414 004d 0B       		.uleb128 0xb
 415 004e 27       		.uleb128 0x27
 416 004f 19       		.uleb128 0x19
 417 0050 49       		.uleb128 0x49
 418 0051 13       		.uleb128 0x13
 419 0052 11       		.uleb128 0x11
 420 0053 01       		.uleb128 0x1
 421 0054 12       		.uleb128 0x12
 422 0055 06       		.uleb128 0x6
 423 0056 40       		.uleb128 0x40
 424 0057 18       		.uleb128 0x18
 425 0058 9742     		.uleb128 0x2117
 426 005a 19       		.uleb128 0x19
 427 005b 01       		.uleb128 0x1
 428 005c 13       		.uleb128 0x13
 429 005d 00       		.byte	0
 430 005e 00       		.byte	0
 431 005f 07       		.uleb128 0x7
 432 0060 05       		.uleb128 0x5
 433 0061 00       		.byte	0
 434 0062 03       		.uleb128 0x3
 435 0063 0E       		.uleb128 0xe
 436 0064 3A       		.uleb128 0x3a
 437 0065 0B       		.uleb128 0xb
 438 0066 3B       		.uleb128 0x3b
 439 0067 0B       		.uleb128 0xb
 440 0068 49       		.uleb128 0x49
 441 0069 13       		.uleb128 0x13
ARM GAS  C:\Users\nm\AppData\Local\Temp\cczFPFKb.s 			page 11


 442 006a 02       		.uleb128 0x2
 443 006b 17       		.uleb128 0x17
 444 006c 00       		.byte	0
 445 006d 00       		.byte	0
 446 006e 08       		.uleb128 0x8
 447 006f 05       		.uleb128 0x5
 448 0070 00       		.byte	0
 449 0071 03       		.uleb128 0x3
 450 0072 0E       		.uleb128 0xe
 451 0073 3A       		.uleb128 0x3a
 452 0074 0B       		.uleb128 0xb
 453 0075 3B       		.uleb128 0x3b
 454 0076 0B       		.uleb128 0xb
 455 0077 49       		.uleb128 0x49
 456 0078 13       		.uleb128 0x13
 457 0079 02       		.uleb128 0x2
 458 007a 18       		.uleb128 0x18
 459 007b 00       		.byte	0
 460 007c 00       		.byte	0
 461 007d 09       		.uleb128 0x9
 462 007e 34       		.uleb128 0x34
 463 007f 00       		.byte	0
 464 0080 03       		.uleb128 0x3
 465 0081 0E       		.uleb128 0xe
 466 0082 3A       		.uleb128 0x3a
 467 0083 0B       		.uleb128 0xb
 468 0084 3B       		.uleb128 0x3b
 469 0085 0B       		.uleb128 0xb
 470 0086 49       		.uleb128 0x49
 471 0087 13       		.uleb128 0x13
 472 0088 02       		.uleb128 0x2
 473 0089 18       		.uleb128 0x18
 474 008a 00       		.byte	0
 475 008b 00       		.byte	0
 476 008c 0A       		.uleb128 0xa
 477 008d 34       		.uleb128 0x34
 478 008e 00       		.byte	0
 479 008f 03       		.uleb128 0x3
 480 0090 0E       		.uleb128 0xe
 481 0091 3A       		.uleb128 0x3a
 482 0092 0B       		.uleb128 0xb
 483 0093 3B       		.uleb128 0x3b
 484 0094 0B       		.uleb128 0xb
 485 0095 49       		.uleb128 0x49
 486 0096 13       		.uleb128 0x13
 487 0097 02       		.uleb128 0x2
 488 0098 17       		.uleb128 0x17
 489 0099 00       		.byte	0
 490 009a 00       		.byte	0
 491 009b 0B       		.uleb128 0xb
 492 009c 01       		.uleb128 0x1
 493 009d 01       		.byte	0x1
 494 009e 49       		.uleb128 0x49
 495 009f 13       		.uleb128 0x13
 496 00a0 01       		.uleb128 0x1
 497 00a1 13       		.uleb128 0x13
 498 00a2 00       		.byte	0
ARM GAS  C:\Users\nm\AppData\Local\Temp\cczFPFKb.s 			page 12


 499 00a3 00       		.byte	0
 500 00a4 0C       		.uleb128 0xc
 501 00a5 21       		.uleb128 0x21
 502 00a6 00       		.byte	0
 503 00a7 49       		.uleb128 0x49
 504 00a8 13       		.uleb128 0x13
 505 00a9 2F       		.uleb128 0x2f
 506 00aa 0B       		.uleb128 0xb
 507 00ab 00       		.byte	0
 508 00ac 00       		.byte	0
 509 00ad 0D       		.uleb128 0xd
 510 00ae 898201   		.uleb128 0x4109
 511 00b1 01       		.byte	0x1
 512 00b2 11       		.uleb128 0x11
 513 00b3 01       		.uleb128 0x1
 514 00b4 31       		.uleb128 0x31
 515 00b5 13       		.uleb128 0x13
 516 00b6 01       		.uleb128 0x1
 517 00b7 13       		.uleb128 0x13
 518 00b8 00       		.byte	0
 519 00b9 00       		.byte	0
 520 00ba 0E       		.uleb128 0xe
 521 00bb 8A8201   		.uleb128 0x410a
 522 00be 00       		.byte	0
 523 00bf 02       		.uleb128 0x2
 524 00c0 18       		.uleb128 0x18
 525 00c1 9142     		.uleb128 0x2111
 526 00c3 18       		.uleb128 0x18
 527 00c4 00       		.byte	0
 528 00c5 00       		.byte	0
 529 00c6 0F       		.uleb128 0xf
 530 00c7 898201   		.uleb128 0x4109
 531 00ca 00       		.byte	0
 532 00cb 11       		.uleb128 0x11
 533 00cc 01       		.uleb128 0x1
 534 00cd 31       		.uleb128 0x31
 535 00ce 13       		.uleb128 0x13
 536 00cf 00       		.byte	0
 537 00d0 00       		.byte	0
 538 00d1 10       		.uleb128 0x10
 539 00d2 34       		.uleb128 0x34
 540 00d3 00       		.byte	0
 541 00d4 03       		.uleb128 0x3
 542 00d5 0E       		.uleb128 0xe
 543 00d6 3A       		.uleb128 0x3a
 544 00d7 0B       		.uleb128 0xb
 545 00d8 3B       		.uleb128 0x3b
 546 00d9 05       		.uleb128 0x5
 547 00da 49       		.uleb128 0x49
 548 00db 13       		.uleb128 0x13
 549 00dc 3F       		.uleb128 0x3f
 550 00dd 19       		.uleb128 0x19
 551 00de 3C       		.uleb128 0x3c
 552 00df 19       		.uleb128 0x19
 553 00e0 00       		.byte	0
 554 00e1 00       		.byte	0
 555 00e2 11       		.uleb128 0x11
ARM GAS  C:\Users\nm\AppData\Local\Temp\cczFPFKb.s 			page 13


 556 00e3 35       		.uleb128 0x35
 557 00e4 00       		.byte	0
 558 00e5 49       		.uleb128 0x49
 559 00e6 13       		.uleb128 0x13
 560 00e7 00       		.byte	0
 561 00e8 00       		.byte	0
 562 00e9 12       		.uleb128 0x12
 563 00ea 2E       		.uleb128 0x2e
 564 00eb 01       		.byte	0x1
 565 00ec 3F       		.uleb128 0x3f
 566 00ed 19       		.uleb128 0x19
 567 00ee 03       		.uleb128 0x3
 568 00ef 0E       		.uleb128 0xe
 569 00f0 3A       		.uleb128 0x3a
 570 00f1 0B       		.uleb128 0xb
 571 00f2 3B       		.uleb128 0x3b
 572 00f3 0B       		.uleb128 0xb
 573 00f4 27       		.uleb128 0x27
 574 00f5 19       		.uleb128 0x19
 575 00f6 3C       		.uleb128 0x3c
 576 00f7 19       		.uleb128 0x19
 577 00f8 01       		.uleb128 0x1
 578 00f9 13       		.uleb128 0x13
 579 00fa 00       		.byte	0
 580 00fb 00       		.byte	0
 581 00fc 13       		.uleb128 0x13
 582 00fd 05       		.uleb128 0x5
 583 00fe 00       		.byte	0
 584 00ff 49       		.uleb128 0x49
 585 0100 13       		.uleb128 0x13
 586 0101 00       		.byte	0
 587 0102 00       		.byte	0
 588 0103 14       		.uleb128 0x14
 589 0104 2E       		.uleb128 0x2e
 590 0105 00       		.byte	0
 591 0106 3F       		.uleb128 0x3f
 592 0107 19       		.uleb128 0x19
 593 0108 03       		.uleb128 0x3
 594 0109 0E       		.uleb128 0xe
 595 010a 3A       		.uleb128 0x3a
 596 010b 0B       		.uleb128 0xb
 597 010c 3B       		.uleb128 0x3b
 598 010d 0B       		.uleb128 0xb
 599 010e 27       		.uleb128 0x27
 600 010f 19       		.uleb128 0x19
 601 0110 3C       		.uleb128 0x3c
 602 0111 19       		.uleb128 0x19
 603 0112 00       		.byte	0
 604 0113 00       		.byte	0
 605 0114 15       		.uleb128 0x15
 606 0115 2E       		.uleb128 0x2e
 607 0116 01       		.byte	0x1
 608 0117 3F       		.uleb128 0x3f
 609 0118 19       		.uleb128 0x19
 610 0119 03       		.uleb128 0x3
 611 011a 0E       		.uleb128 0xe
 612 011b 3A       		.uleb128 0x3a
ARM GAS  C:\Users\nm\AppData\Local\Temp\cczFPFKb.s 			page 14


 613 011c 0B       		.uleb128 0xb
 614 011d 3B       		.uleb128 0x3b
 615 011e 0B       		.uleb128 0xb
 616 011f 27       		.uleb128 0x27
 617 0120 19       		.uleb128 0x19
 618 0121 49       		.uleb128 0x49
 619 0122 13       		.uleb128 0x13
 620 0123 3C       		.uleb128 0x3c
 621 0124 19       		.uleb128 0x19
 622 0125 01       		.uleb128 0x1
 623 0126 13       		.uleb128 0x13
 624 0127 00       		.byte	0
 625 0128 00       		.byte	0
 626 0129 16       		.uleb128 0x16
 627 012a 2E       		.uleb128 0x2e
 628 012b 00       		.byte	0
 629 012c 3F       		.uleb128 0x3f
 630 012d 19       		.uleb128 0x19
 631 012e 03       		.uleb128 0x3
 632 012f 0E       		.uleb128 0xe
 633 0130 3A       		.uleb128 0x3a
 634 0131 0B       		.uleb128 0xb
 635 0132 3B       		.uleb128 0x3b
 636 0133 0B       		.uleb128 0xb
 637 0134 27       		.uleb128 0x27
 638 0135 19       		.uleb128 0x19
 639 0136 49       		.uleb128 0x49
 640 0137 13       		.uleb128 0x13
 641 0138 3C       		.uleb128 0x3c
 642 0139 19       		.uleb128 0x19
 643 013a 00       		.byte	0
 644 013b 00       		.byte	0
 645 013c 00       		.byte	0
 646              		.section	.debug_loc,"",%progbits
 647              	.Ldebug_loc0:
 648              	.LLST0:
 649 0000 00000000 		.4byte	.LVL0
 650 0004 02000000 		.4byte	.LVL1
 651 0008 0100     		.2byte	0x1
 652 000a 50       		.byte	0x50
 653 000b 02000000 		.4byte	.LVL1
 654 000f 28000000 		.4byte	.LVL3
 655 0013 0100     		.2byte	0x1
 656 0015 50       		.byte	0x50
 657 0016 28000000 		.4byte	.LVL3
 658 001a 30000000 		.4byte	.LFE63
 659 001e 0600     		.2byte	0x6
 660 0020 F3       		.byte	0xf3
 661 0021 01       		.uleb128 0x1
 662 0022 50       		.byte	0x50
 663 0023 38       		.byte	0x38
 664 0024 24       		.byte	0x24
 665 0025 9F       		.byte	0x9f
 666 0026 00000000 		.4byte	0
 667 002a 00000000 		.4byte	0
 668              	.LLST1:
 669 002e 26000000 		.4byte	.LVL2
ARM GAS  C:\Users\nm\AppData\Local\Temp\cczFPFKb.s 			page 15


 670 0032 28000000 		.4byte	.LVL3
 671 0036 0500     		.2byte	0x5
 672 0038 70       		.byte	0x70
 673 0039 00       		.sleb128 0
 674 003a 38       		.byte	0x38
 675 003b 26       		.byte	0x26
 676 003c 9F       		.byte	0x9f
 677 003d 28000000 		.4byte	.LVL3
 678 0041 30000000 		.4byte	.LFE63
 679 0045 0100     		.2byte	0x1
 680 0047 50       		.byte	0x50
 681 0048 00000000 		.4byte	0
 682 004c 00000000 		.4byte	0
 683              		.section	.debug_aranges,"",%progbits
 684 0000 24000000 		.4byte	0x24
 685 0004 0200     		.2byte	0x2
 686 0006 00000000 		.4byte	.Ldebug_info0
 687 000a 04       		.byte	0x4
 688 000b 00       		.byte	0
 689 000c 0000     		.2byte	0
 690 000e 0000     		.2byte	0
 691 0010 00000000 		.4byte	.LFB63
 692 0014 30000000 		.4byte	.LFE63-.LFB63
 693 0018 00000000 		.4byte	.LFB64
 694 001c 18000000 		.4byte	.LFE64-.LFB64
 695 0020 00000000 		.4byte	0
 696 0024 00000000 		.4byte	0
 697              		.section	.debug_ranges,"",%progbits
 698              	.Ldebug_ranges0:
 699 0000 00000000 		.4byte	.LFB63
 700 0004 30000000 		.4byte	.LFE63
 701 0008 00000000 		.4byte	.LFB64
 702 000c 18000000 		.4byte	.LFE64
 703 0010 00000000 		.4byte	0
 704 0014 00000000 		.4byte	0
 705              		.section	.debug_line,"",%progbits
 706              	.Ldebug_line0:
 707 0000 A0010000 		.section	.debug_str,"MS",%progbits,1
 707      02006901 
 707      00000201 
 707      FB0E0D00 
 707      01010101 
 708              	.LASF9:
 709 0000 5F5F696E 		.ascii	"__int32_t\000"
 709      7433325F 
 709      7400
 710              	.LASF3:
 711 000a 73686F72 		.ascii	"short unsigned int\000"
 711      7420756E 
 711      7369676E 
 711      65642069 
 711      6E7400
 712              	.LASF27:
 713 001d 433A5C55 		.ascii	"C:\\Users\\nm\\Desktop\\TempSenseExample\\Energus_T"
 713      73657273 
 713      5C6E6D5C 
 713      4465736B 
ARM GAS  C:\Users\nm\AppData\Local\Temp\cczFPFKb.s 			page 16


 713      746F705C 
 714 004b 656D705F 		.ascii	"emp_Sense.cydsn\000"
 714      53656E73 
 714      652E6379 
 714      64736E00 
 715              	.LASF14:
 716 005b 646F7562 		.ascii	"double\000"
 716      6C6500
 717              	.LASF13:
 718 0062 666C6F61 		.ascii	"float\000"
 718      7400
 719              	.LASF1:
 720 0068 756E7369 		.ascii	"unsigned char\000"
 720      676E6564 
 720      20636861 
 720      7200
 721              	.LASF30:
 722 0076 4144435F 		.ascii	"ADC_StartConvert\000"
 722      53746172 
 722      74436F6E 
 722      76657274 
 722      00
 723              	.LASF19:
 724 0087 73656E73 		.ascii	"sensor\000"
 724      6F7200
 725              	.LASF31:
 726 008e 4144435F 		.ascii	"ADC_IsEndConversion\000"
 726      4973456E 
 726      64436F6E 
 726      76657273 
 726      696F6E00 
 727              	.LASF12:
 728 00a2 696E7433 		.ascii	"int32\000"
 728      3200
 729              	.LASF28:
 730 00a8 49544D5F 		.ascii	"ITM_RxBuffer\000"
 730      52784275 
 730      66666572 
 730      00
 731              	.LASF32:
 732 00b5 4144435F 		.ascii	"ADC_GetResult32\000"
 732      47657452 
 732      6573756C 
 732      74333200 
 733              	.LASF5:
 734 00c5 6C6F6E67 		.ascii	"long unsigned int\000"
 734      20756E73 
 734      69676E65 
 734      6420696E 
 734      7400
 735              	.LASF20:
 736 00d7 66696C74 		.ascii	"filteredValue\000"
 736      65726564 
 736      56616C75 
 736      6500
 737              	.LASF25:
 738 00e5 474E5520 		.ascii	"GNU C 4.9.3 20150303 (release) [ARM/embedded-4_9-br"
ARM GAS  C:\Users\nm\AppData\Local\Temp\cczFPFKb.s 			page 17


 738      4320342E 
 738      392E3320 
 738      32303135 
 738      30333033 
 739 0118 616E6368 		.ascii	"anch revision 221220] -mcpu=cortex-m3 -mthumb -g -O"
 739      20726576 
 739      6973696F 
 739      6E203232 
 739      31323230 
 740 014b 67202D66 		.ascii	"g -ffunction-sections -ffat-lto-objects\000"
 740      66756E63 
 740      74696F6E 
 740      2D736563 
 740      74696F6E 
 741              	.LASF8:
 742 0173 756E7369 		.ascii	"unsigned int\000"
 742      676E6564 
 742      20696E74 
 742      00
 743              	.LASF7:
 744 0180 6C6F6E67 		.ascii	"long long unsigned int\000"
 744      206C6F6E 
 744      6720756E 
 744      7369676E 
 744      65642069 
 745              	.LASF24:
 746 0197 72657375 		.ascii	"result\000"
 746      6C7400
 747              	.LASF29:
 748 019e 414D7578 		.ascii	"AMux_FastSelect\000"
 748      5F466173 
 748      7453656C 
 748      65637400 
 749              	.LASF22:
 750 01ae 46696C74 		.ascii	"FilterSignal\000"
 750      65725369 
 750      676E616C 
 750      00
 751              	.LASF10:
 752 01bb 696E7433 		.ascii	"int32_t\000"
 752      325F7400 
 753              	.LASF16:
 754 01c3 73697A65 		.ascii	"sizetype\000"
 754      74797065 
 754      00
 755              	.LASF6:
 756 01cc 6C6F6E67 		.ascii	"long long int\000"
 756      206C6F6E 
 756      6720696E 
 756      7400
 757              	.LASF18:
 758 01da 41444353 		.ascii	"ADCSample\000"
 758      616D706C 
 758      6500
 759              	.LASF15:
 760 01e4 63686172 		.ascii	"char\000"
 760      00
ARM GAS  C:\Users\nm\AppData\Local\Temp\cczFPFKb.s 			page 18


 761              	.LASF26:
 762 01e9 2E5C7265 		.ascii	".\\removeOffsetNoise.c\000"
 762      6D6F7665 
 762      4F666673 
 762      65744E6F 
 762      6973652E 
 763              	.LASF2:
 764 01ff 73686F72 		.ascii	"short int\000"
 764      7420696E 
 764      7400
 765              	.LASF11:
 766 0209 75696E74 		.ascii	"uint8\000"
 766      3800
 767              	.LASF21:
 768 020f 66696C56 		.ascii	"filValueRounded\000"
 768      616C7565 
 768      526F756E 
 768      64656400 
 769              	.LASF4:
 770 021f 6C6F6E67 		.ascii	"long int\000"
 770      20696E74 
 770      00
 771              	.LASF17:
 772 0228 6C6F6E67 		.ascii	"long double\000"
 772      20646F75 
 772      626C6500 
 773              	.LASF0:
 774 0234 7369676E 		.ascii	"signed char\000"
 774      65642063 
 774      68617200 
 775              	.LASF23:
 776 0240 4765744F 		.ascii	"GetOffset\000"
 776      66667365 
 776      7400
 777              		.ident	"GCC: (GNU Tools for ARM Embedded Processors) 4.9.3 20150303 (release) [ARM/embedded-4_9-br
