ARM GAS  C:\Users\nm\AppData\Local\Temp\cclElObS.s 			page 1


   1              		.syntax unified
   2              		.cpu cortex-m3
   3              		.fpu softvfp
   4              		.eabi_attribute 20, 1
   5              		.eabi_attribute 21, 1
   6              		.eabi_attribute 23, 3
   7              		.eabi_attribute 24, 1
   8              		.eabi_attribute 25, 1
   9              		.eabi_attribute 26, 1
  10              		.eabi_attribute 30, 1
  11              		.eabi_attribute 34, 1
  12              		.eabi_attribute 18, 4
  13              		.thumb
  14              		.file	"Thermistor.c"
  15              		.text
  16              	.Ltext0:
  17              		.cfi_sections	.debug_frame
  18              		.section	.text.Thermistor_GetResistance,"ax",%progbits
  19              		.align	2
  20              		.global	Thermistor_GetResistance
  21              		.thumb
  22              		.thumb_func
  23              		.type	Thermistor_GetResistance, %function
  24              	Thermistor_GetResistance:
  25              	.LFB0:
  26              		.file 1 ".\\Generated_Source\\PSoC5\\Thermistor.c"
   1:.\Generated_Source\PSoC5/Thermistor.c **** /*******************************************************************************
   2:.\Generated_Source\PSoC5/Thermistor.c **** * File Name: Thermistor.c
   3:.\Generated_Source\PSoC5/Thermistor.c **** * Version 1.20
   4:.\Generated_Source\PSoC5/Thermistor.c **** *
   5:.\Generated_Source\PSoC5/Thermistor.c **** * Description:
   6:.\Generated_Source\PSoC5/Thermistor.c **** *  This file provides the source code to the API for the ThermistorCalc
   7:.\Generated_Source\PSoC5/Thermistor.c **** *  Component.
   8:.\Generated_Source\PSoC5/Thermistor.c **** *
   9:.\Generated_Source\PSoC5/Thermistor.c **** * Note:
  10:.\Generated_Source\PSoC5/Thermistor.c **** *  None.
  11:.\Generated_Source\PSoC5/Thermistor.c **** *
  12:.\Generated_Source\PSoC5/Thermistor.c **** ********************************************************************************
  13:.\Generated_Source\PSoC5/Thermistor.c **** * Copyright 2013, Cypress Semiconductor Corporation.  All rights reserved.
  14:.\Generated_Source\PSoC5/Thermistor.c **** * You may use this file only in accordance with the license, terms, conditions,
  15:.\Generated_Source\PSoC5/Thermistor.c **** * disclaimers, and limitations in the end user license agreement accompanying
  16:.\Generated_Source\PSoC5/Thermistor.c **** * the software package with which this file was provided.
  17:.\Generated_Source\PSoC5/Thermistor.c **** *******************************************************************************/
  18:.\Generated_Source\PSoC5/Thermistor.c **** 
  19:.\Generated_Source\PSoC5/Thermistor.c **** #include "Thermistor.h"
  20:.\Generated_Source\PSoC5/Thermistor.c **** 
  21:.\Generated_Source\PSoC5/Thermistor.c **** 
  22:.\Generated_Source\PSoC5/Thermistor.c **** /*******************************************************************************
  23:.\Generated_Source\PSoC5/Thermistor.c **** * Function Name: Thermistor_GetResistance
  24:.\Generated_Source\PSoC5/Thermistor.c **** ********************************************************************************
  25:.\Generated_Source\PSoC5/Thermistor.c **** *
  26:.\Generated_Source\PSoC5/Thermistor.c **** * Summary:
  27:.\Generated_Source\PSoC5/Thermistor.c **** *  The digital values of the voltages across the reference resistor and the
  28:.\Generated_Source\PSoC5/Thermistor.c **** *  thermistor are passed to this function as parameters. The function returns
  29:.\Generated_Source\PSoC5/Thermistor.c **** *  the resistance, based on the voltage values.
  30:.\Generated_Source\PSoC5/Thermistor.c **** *
  31:.\Generated_Source\PSoC5/Thermistor.c **** * Parameters:
ARM GAS  C:\Users\nm\AppData\Local\Temp\cclElObS.s 			page 2


  32:.\Generated_Source\PSoC5/Thermistor.c **** *  vReference: the voltage across the reference resistor;
  33:.\Generated_Source\PSoC5/Thermistor.c **** *  vThermistor: the voltage across the thermistor.
  34:.\Generated_Source\PSoC5/Thermistor.c **** *  The ratio of these two voltages is used by this function. Therefore, the
  35:.\Generated_Source\PSoC5/Thermistor.c **** *  units for both parameters must be the same.
  36:.\Generated_Source\PSoC5/Thermistor.c **** *
  37:.\Generated_Source\PSoC5/Thermistor.c **** * Return:
  38:.\Generated_Source\PSoC5/Thermistor.c **** *  The return value is the resistance across the thermistor. The value returned
  39:.\Generated_Source\PSoC5/Thermistor.c **** *  is the resistance in Ohms.
  40:.\Generated_Source\PSoC5/Thermistor.c **** *
  41:.\Generated_Source\PSoC5/Thermistor.c **** *******************************************************************************/
  42:.\Generated_Source\PSoC5/Thermistor.c **** uint32 Thermistor_GetResistance(int16 vReference, int16 vThermistor)
  43:.\Generated_Source\PSoC5/Thermistor.c ****                                       
  44:.\Generated_Source\PSoC5/Thermistor.c **** {
  27              		.loc 1 44 0
  28              		.cfi_startproc
  29              		@ args = 0, pretend = 0, frame = 0
  30              		@ frame_needed = 0, uses_anonymous_args = 0
  31              		@ link register save eliminated.
  32              	.LVL0:
  45:.\Generated_Source\PSoC5/Thermistor.c ****     int32 resT;
  46:.\Generated_Source\PSoC5/Thermistor.c ****     int16 temp;
  47:.\Generated_Source\PSoC5/Thermistor.c **** 
  48:.\Generated_Source\PSoC5/Thermistor.c ****     /* Calculate thermistor resistance from the voltages */
  49:.\Generated_Source\PSoC5/Thermistor.c ****     resT = Thermistor_REF_RESISTOR * ((int32)vThermistor);
  33              		.loc 1 49 0
  34 0000 42F21073 		movw	r3, #10000
  35 0004 03FB01F1 		mul	r1, r3, r1
  36              	.LVL1:
  50:.\Generated_Source\PSoC5/Thermistor.c ****     if (vReference < 0)
  37              		.loc 1 50 0
  38 0008 0028     		cmp	r0, #0
  39              	.LVL2:
  40 000a 05DA     		bge	.L2
  51:.\Generated_Source\PSoC5/Thermistor.c ****     {
  52:.\Generated_Source\PSoC5/Thermistor.c ****         temp = -vReference;
  41              		.loc 1 52 0
  42 000c 4342     		negs	r3, r0
  43              	.LVL3:
  53:.\Generated_Source\PSoC5/Thermistor.c ****         temp = (int16)((uint16)((uint16)temp >> 1u));
  44              		.loc 1 53 0
  45 000e C3F34E03 		ubfx	r3, r3, #1, #15
  46              	.LVL4:
  54:.\Generated_Source\PSoC5/Thermistor.c ****         temp = -temp;
  47              		.loc 1 54 0
  48 0012 5B42     		negs	r3, r3
  49              	.LVL5:
  50 0014 9BB2     		uxth	r3, r3
  51              	.LVL6:
  52 0016 01E0     		b	.L3
  53              	.LVL7:
  54              	.L2:
  55:.\Generated_Source\PSoC5/Thermistor.c ****     }
  56:.\Generated_Source\PSoC5/Thermistor.c ****     else
  57:.\Generated_Source\PSoC5/Thermistor.c ****     {
  58:.\Generated_Source\PSoC5/Thermistor.c ****         temp = (int16)((uint16)((uint16)vReference >> 1u));
  55              		.loc 1 58 0
  56 0018 C0F34E03 		ubfx	r3, r0, #1, #15
ARM GAS  C:\Users\nm\AppData\Local\Temp\cclElObS.s 			page 3


  57              	.LVL8:
  58              	.L3:
  59:.\Generated_Source\PSoC5/Thermistor.c ****     }
  60:.\Generated_Source\PSoC5/Thermistor.c ****     resT += temp;
  59              		.loc 1 60 0
  60 001c 1BB2     		sxth	r3, r3
  61 001e 1944     		add	r1, r1, r3
  62              	.LVL9:
  61:.\Generated_Source\PSoC5/Thermistor.c ****     resT /= vReference;
  62:.\Generated_Source\PSoC5/Thermistor.c **** 
  63:.\Generated_Source\PSoC5/Thermistor.c ****     /* The ordering of Reference resistor value is specifically designed to keep the result from ov
  64:.\Generated_Source\PSoC5/Thermistor.c ****     return ((uint32)((uint32)resT << Thermistor_REF_RES_SHIFT));
  65:.\Generated_Source\PSoC5/Thermistor.c **** }
  63              		.loc 1 65 0
  64 0020 91FBF0F0 		sdiv	r0, r1, r0
  65              	.LVL10:
  66 0024 7047     		bx	lr
  67              		.cfi_endproc
  68              	.LFE0:
  69              		.size	Thermistor_GetResistance, .-Thermistor_GetResistance
  70              		.global	__aeabi_ui2d
  71              		.global	__aeabi_d2f
  72              		.global	__aeabi_f2d
  73              		.global	__aeabi_dmul
  74              		.global	__aeabi_dadd
  75              		.global	__aeabi_ddiv
  76              		.global	__aeabi_dsub
  77              		.global	__aeabi_f2iz
  78 0026 00BF     		.section	.text.Thermistor_GetTemperature,"ax",%progbits
  79              		.align	2
  80              		.global	Thermistor_GetTemperature
  81              		.thumb
  82              		.thumb_func
  83              		.type	Thermistor_GetTemperature, %function
  84              	Thermistor_GetTemperature:
  85              	.LFB1:
  66:.\Generated_Source\PSoC5/Thermistor.c **** 
  67:.\Generated_Source\PSoC5/Thermistor.c **** 
  68:.\Generated_Source\PSoC5/Thermistor.c **** /*******************************************************************************
  69:.\Generated_Source\PSoC5/Thermistor.c **** * Function Name: Thermistor_GetTemperature
  70:.\Generated_Source\PSoC5/Thermistor.c **** ********************************************************************************
  71:.\Generated_Source\PSoC5/Thermistor.c **** *
  72:.\Generated_Source\PSoC5/Thermistor.c **** * Summary:
  73:.\Generated_Source\PSoC5/Thermistor.c **** *  The value of the thermistor resistance is passed to this function as a
  74:.\Generated_Source\PSoC5/Thermistor.c **** *  parameter. The function returns the temperature, based on the resistance
  75:.\Generated_Source\PSoC5/Thermistor.c **** *  value. The method used to calculate the temperature is dependent on whether
  76:.\Generated_Source\PSoC5/Thermistor.c **** *  Equation or LUT was selected in the Customizer.
  77:.\Generated_Source\PSoC5/Thermistor.c **** *
  78:.\Generated_Source\PSoC5/Thermistor.c **** * Parameters:
  79:.\Generated_Source\PSoC5/Thermistor.c **** *  resT: the resistance across the thermistor in Ohms.
  80:.\Generated_Source\PSoC5/Thermistor.c **** *
  81:.\Generated_Source\PSoC5/Thermistor.c **** * Return:
  82:.\Generated_Source\PSoC5/Thermistor.c **** *  The return value is the temperature in 1/100ths of degrees C. For example,
  83:.\Generated_Source\PSoC5/Thermistor.c **** *  the return value is 2345, when the actual temperature is 23.45 degrees C.
  84:.\Generated_Source\PSoC5/Thermistor.c **** *
  85:.\Generated_Source\PSoC5/Thermistor.c **** *******************************************************************************/
  86:.\Generated_Source\PSoC5/Thermistor.c **** int16 Thermistor_GetTemperature(uint32 resT) 
ARM GAS  C:\Users\nm\AppData\Local\Temp\cclElObS.s 			page 4


  87:.\Generated_Source\PSoC5/Thermistor.c **** {
  86              		.loc 1 87 0
  87              		.cfi_startproc
  88              		@ args = 0, pretend = 0, frame = 0
  89              		@ frame_needed = 0, uses_anonymous_args = 0
  90              	.LVL11:
  91 0000 F8B5     		push	{r3, r4, r5, r6, r7, lr}
  92              		.cfi_def_cfa_offset 24
  93              		.cfi_offset 3, -24
  94              		.cfi_offset 4, -20
  95              		.cfi_offset 5, -16
  96              		.cfi_offset 6, -12
  97              		.cfi_offset 7, -8
  98              		.cfi_offset 14, -4
  88:.\Generated_Source\PSoC5/Thermistor.c ****     int16 tempTR;
  89:.\Generated_Source\PSoC5/Thermistor.c ****     
  90:.\Generated_Source\PSoC5/Thermistor.c ****     #if (Thermistor_IMPLEMENTATION == Thermistor_EQUATION_METHOD)
  91:.\Generated_Source\PSoC5/Thermistor.c **** 
  92:.\Generated_Source\PSoC5/Thermistor.c ****         float32 stEqn;
  93:.\Generated_Source\PSoC5/Thermistor.c ****         float32 logrT;
  94:.\Generated_Source\PSoC5/Thermistor.c **** 
  95:.\Generated_Source\PSoC5/Thermistor.c ****         /* Calculate thermistor resistance from the voltages */
  96:.\Generated_Source\PSoC5/Thermistor.c ****         #if(!CY_PSOC3)
  97:.\Generated_Source\PSoC5/Thermistor.c ****             logrT = (float32)log((float64)resT);
  99              		.loc 1 97 0
 100 0002 FFF7FEFF 		bl	__aeabi_ui2d
 101              	.LVL12:
 102 0006 FFF7FEFF 		bl	log
 103              	.LVL13:
 104 000a FFF7FEFF 		bl	__aeabi_d2f
 105              	.LVL14:
  98:.\Generated_Source\PSoC5/Thermistor.c ****         #else
  99:.\Generated_Source\PSoC5/Thermistor.c ****             logrT = log((float32)resT);
 100:.\Generated_Source\PSoC5/Thermistor.c ****         #endif  /* (!CY_PSOC3) */
 101:.\Generated_Source\PSoC5/Thermistor.c **** 
 102:.\Generated_Source\PSoC5/Thermistor.c ****         /* Calculate temperature from the resistance of thermistor using Steinhart-Hart Equation */
 103:.\Generated_Source\PSoC5/Thermistor.c ****         #if(!CY_PSOC3)
 104:.\Generated_Source\PSoC5/Thermistor.c ****             stEqn = (float32)(Thermistor_THA + (Thermistor_THB * logrT) + 
 106              		.loc 1 104 0
 107 000e FFF7FEFF 		bl	__aeabi_f2d
 108              	.LVL15:
 109 0012 0646     		mov	r6, r0
 110 0014 0F46     		mov	r7, r1
 111 0016 1EA3     		adr	r3, .L6
 112 0018 D3E90023 		ldrd	r2, [r3]
 113 001c FFF7FEFF 		bl	__aeabi_dmul
 114              	.LVL16:
 115 0020 1DA3     		adr	r3, .L6+8
 116 0022 D3E90023 		ldrd	r2, [r3]
 117 0026 FFF7FEFF 		bl	__aeabi_dadd
 118              	.LVL17:
 119 002a 0446     		mov	r4, r0
 120 002c 0D46     		mov	r5, r1
 105:.\Generated_Source\PSoC5/Thermistor.c ****                              (Thermistor_THC * pow((float64)logrT, (float32)3)));
 121              		.loc 1 105 0
 122 002e 3046     		mov	r0, r6
 123 0030 3946     		mov	r1, r7
ARM GAS  C:\Users\nm\AppData\Local\Temp\cclElObS.s 			page 5


 124 0032 0022     		movs	r2, #0
 125 0034 1E4B     		ldr	r3, .L6+32
 126 0036 FFF7FEFF 		bl	pow
 127              	.LVL18:
 128 003a 19A3     		adr	r3, .L6+16
 129 003c D3E90023 		ldrd	r2, [r3]
 130 0040 FFF7FEFF 		bl	__aeabi_dmul
 131              	.LVL19:
 132 0044 0246     		mov	r2, r0
 133 0046 0B46     		mov	r3, r1
 104:.\Generated_Source\PSoC5/Thermistor.c ****                              (Thermistor_THC * pow((float64)logrT, (float32)3)));
 134              		.loc 1 104 0
 135 0048 2046     		mov	r0, r4
 136 004a 2946     		mov	r1, r5
 137 004c FFF7FEFF 		bl	__aeabi_dadd
 138              	.LVL20:
 139 0050 FFF7FEFF 		bl	__aeabi_d2f
 140              	.LVL21:
 106:.\Generated_Source\PSoC5/Thermistor.c ****         #else
 107:.\Generated_Source\PSoC5/Thermistor.c ****             stEqn = (float32)(Thermistor_THA + (Thermistor_THB * logrT) + 
 108:.\Generated_Source\PSoC5/Thermistor.c ****                              (Thermistor_THC * pow(logrT, (float32)3)));
 109:.\Generated_Source\PSoC5/Thermistor.c ****         #endif  /* (!CY_PSOC3) */
 110:.\Generated_Source\PSoC5/Thermistor.c **** 
 111:.\Generated_Source\PSoC5/Thermistor.c ****         tempTR = (int16)((float32)((((1.0 / stEqn) - Thermistor_K2C) * (float32)Thermistor_SCALE) +
 141              		.loc 1 111 0
 142 0054 FFF7FEFF 		bl	__aeabi_f2d
 143              	.LVL22:
 144 0058 0246     		mov	r2, r0
 145 005a 0B46     		mov	r3, r1
 146 005c 0020     		movs	r0, #0
 147 005e 1549     		ldr	r1, .L6+36
 148 0060 FFF7FEFF 		bl	__aeabi_ddiv
 149              	.LVL23:
 150 0064 10A3     		adr	r3, .L6+24
 151 0066 D3E90023 		ldrd	r2, [r3]
 152 006a FFF7FEFF 		bl	__aeabi_dsub
 153              	.LVL24:
 154 006e 0022     		movs	r2, #0
 155 0070 114B     		ldr	r3, .L6+40
 156 0072 FFF7FEFF 		bl	__aeabi_dmul
 157              	.LVL25:
 158 0076 0022     		movs	r2, #0
 159 0078 104B     		ldr	r3, .L6+44
 160 007a FFF7FEFF 		bl	__aeabi_dadd
 161              	.LVL26:
 162 007e FFF7FEFF 		bl	__aeabi_d2f
 163              	.LVL27:
 164 0082 FFF7FEFF 		bl	__aeabi_f2iz
 165              	.LVL28:
 112:.\Generated_Source\PSoC5/Thermistor.c **** 
 113:.\Generated_Source\PSoC5/Thermistor.c ****     #else /* Thermistor_IMPLEMENTATION == Thermistor_LUT_METHOD */
 114:.\Generated_Source\PSoC5/Thermistor.c **** 
 115:.\Generated_Source\PSoC5/Thermistor.c ****         uint16 mid;
 116:.\Generated_Source\PSoC5/Thermistor.c ****         uint16 first = 0u;
 117:.\Generated_Source\PSoC5/Thermistor.c ****         uint16 last = Thermistor_LUT_SIZE - 1u;
 118:.\Generated_Source\PSoC5/Thermistor.c **** 
 119:.\Generated_Source\PSoC5/Thermistor.c ****         /* Calculate temperature from the resistance of thermistor by using the LUT */
ARM GAS  C:\Users\nm\AppData\Local\Temp\cclElObS.s 			page 6


 120:.\Generated_Source\PSoC5/Thermistor.c ****         while (first < last)
 121:.\Generated_Source\PSoC5/Thermistor.c ****         {
 122:.\Generated_Source\PSoC5/Thermistor.c ****             mid = (first + last) >> 1u;
 123:.\Generated_Source\PSoC5/Thermistor.c **** 
 124:.\Generated_Source\PSoC5/Thermistor.c ****             if ((0u == mid) || ((Thermistor_LUT_SIZE - 1u) == mid) || (resT == Thermistor_LUT[mid])
 125:.\Generated_Source\PSoC5/Thermistor.c ****             {
 126:.\Generated_Source\PSoC5/Thermistor.c ****                 last = mid;
 127:.\Generated_Source\PSoC5/Thermistor.c ****                 break;
 128:.\Generated_Source\PSoC5/Thermistor.c ****             }
 129:.\Generated_Source\PSoC5/Thermistor.c ****             else if (Thermistor_LUT[mid] > resT)
 130:.\Generated_Source\PSoC5/Thermistor.c ****             {
 131:.\Generated_Source\PSoC5/Thermistor.c ****                 first = mid + 1u;
 132:.\Generated_Source\PSoC5/Thermistor.c ****             }
 133:.\Generated_Source\PSoC5/Thermistor.c ****             else /* (Thermistor_LUT[mid] < resT) */
 134:.\Generated_Source\PSoC5/Thermistor.c ****             {
 135:.\Generated_Source\PSoC5/Thermistor.c ****                 last = mid - 1u;
 136:.\Generated_Source\PSoC5/Thermistor.c ****             }
 137:.\Generated_Source\PSoC5/Thermistor.c ****         }
 138:.\Generated_Source\PSoC5/Thermistor.c **** 
 139:.\Generated_Source\PSoC5/Thermistor.c ****         /* Calculation the closest entry in the LUT */
 140:.\Generated_Source\PSoC5/Thermistor.c ****         if ((Thermistor_LUT[last] > resT) && (last < (Thermistor_LUT_SIZE - 1u)) &&
 141:.\Generated_Source\PSoC5/Thermistor.c ****            ((Thermistor_LUT[last] - resT) > (resT - Thermistor_LUT[last + 1u])))
 142:.\Generated_Source\PSoC5/Thermistor.c ****         {
 143:.\Generated_Source\PSoC5/Thermistor.c ****             last++;
 144:.\Generated_Source\PSoC5/Thermistor.c ****         }
 145:.\Generated_Source\PSoC5/Thermistor.c ****         else if ((Thermistor_LUT[last] < resT) && (last > 0u) &&
 146:.\Generated_Source\PSoC5/Thermistor.c ****                 ((Thermistor_LUT[last - 1u] - resT) < (resT - Thermistor_LUT[last])))
 147:.\Generated_Source\PSoC5/Thermistor.c ****         {
 148:.\Generated_Source\PSoC5/Thermistor.c ****             last--;
 149:.\Generated_Source\PSoC5/Thermistor.c ****         }
 150:.\Generated_Source\PSoC5/Thermistor.c ****         else
 151:.\Generated_Source\PSoC5/Thermistor.c ****         {
 152:.\Generated_Source\PSoC5/Thermistor.c ****             /* Closest entry in the LUT already found */
 153:.\Generated_Source\PSoC5/Thermistor.c ****         }
 154:.\Generated_Source\PSoC5/Thermistor.c **** 
 155:.\Generated_Source\PSoC5/Thermistor.c ****         tempTR = Thermistor_MIN_TEMP + (int16)((uint16)(last * Thermistor_ACCURACY));
 156:.\Generated_Source\PSoC5/Thermistor.c **** 
 157:.\Generated_Source\PSoC5/Thermistor.c ****     #endif /* (Thermistor_IMPLEMENTATION == Thermistor_EQUATION_METHOD) */
 158:.\Generated_Source\PSoC5/Thermistor.c **** 
 159:.\Generated_Source\PSoC5/Thermistor.c ****     return (tempTR);
 160:.\Generated_Source\PSoC5/Thermistor.c **** }
 166              		.loc 1 160 0
 167 0086 00B2     		sxth	r0, r0
 168 0088 F8BD     		pop	{r3, r4, r5, r6, r7, pc}
 169              	.L7:
 170 008a 00BFAFF3 		.align	3
 170      0080
 171              	.L6:
 172 0090 E5090E3F 		.word	1057884645
 173 0094 AC80143F 		.word	1058308268
 174 0098 01CB3D69 		.word	1765657345
 175 009c 5050643F 		.word	1063538768
 176 00a0 A64E7ABE 		.word	-1099280730
 177 00a4 EAF1803E 		.word	1048637930
 178 00a8 66666666 		.word	1717986918
 179 00ac 66127140 		.word	1081152102
 180 00b0 00000840 		.word	1074266112
ARM GAS  C:\Users\nm\AppData\Local\Temp\cclElObS.s 			page 7


 181 00b4 0000F03F 		.word	1072693248
 182 00b8 00005940 		.word	1079574528
 183 00bc 0000E03F 		.word	1071644672
 184              		.cfi_endproc
 185              	.LFE1:
 186              		.size	Thermistor_GetTemperature, .-Thermistor_GetTemperature
 187              		.text
 188              	.Letext0:
 189              		.file 2 ".\\Generated_Source\\PSoC5\\cytypes.h"
 190              		.file 3 "c:\\program files (x86)\\cypress\\psoc creator\\3.3\\psoc creator\\import\\gnu\\arm\\4.9.
 191              		.section	.debug_info,"",%progbits
 192              	.Ldebug_info0:
 193 0000 BA010000 		.4byte	0x1ba
 194 0004 0400     		.2byte	0x4
 195 0006 00000000 		.4byte	.Ldebug_abbrev0
 196 000a 04       		.byte	0x4
 197 000b 01       		.uleb128 0x1
 198 000c 05010000 		.4byte	.LASF29
 199 0010 01       		.byte	0x1
 200 0011 00000000 		.4byte	.LASF30
 201 0015 4C000000 		.4byte	.LASF31
 202 0019 00000000 		.4byte	.Ldebug_ranges0+0
 203 001d 00000000 		.4byte	0
 204 0021 00000000 		.4byte	.Ldebug_line0
 205 0025 02       		.uleb128 0x2
 206 0026 04       		.byte	0x4
 207 0027 05       		.byte	0x5
 208 0028 696E7400 		.ascii	"int\000"
 209 002c 03       		.uleb128 0x3
 210 002d 04       		.byte	0x4
 211 002e 07       		.byte	0x7
 212 002f 93010000 		.4byte	.LASF0
 213 0033 03       		.uleb128 0x3
 214 0034 01       		.byte	0x1
 215 0035 06       		.byte	0x6
 216 0036 22020000 		.4byte	.LASF1
 217 003a 03       		.uleb128 0x3
 218 003b 01       		.byte	0x1
 219 003c 08       		.byte	0x8
 220 003d 98000000 		.4byte	.LASF2
 221 0041 03       		.uleb128 0x3
 222 0042 02       		.byte	0x2
 223 0043 05       		.byte	0x5
 224 0044 DF010000 		.4byte	.LASF3
 225 0048 03       		.uleb128 0x3
 226 0049 02       		.byte	0x2
 227 004a 07       		.byte	0x7
 228 004b 39000000 		.4byte	.LASF4
 229 004f 03       		.uleb128 0x3
 230 0050 04       		.byte	0x4
 231 0051 05       		.byte	0x5
 232 0052 08020000 		.4byte	.LASF5
 233 0056 03       		.uleb128 0x3
 234 0057 04       		.byte	0x4
 235 0058 07       		.byte	0x7
 236 0059 B2000000 		.4byte	.LASF6
 237 005d 03       		.uleb128 0x3
ARM GAS  C:\Users\nm\AppData\Local\Temp\cclElObS.s 			page 8


 238 005e 08       		.byte	0x8
 239 005f 05       		.byte	0x5
 240 0060 CC010000 		.4byte	.LASF7
 241 0064 03       		.uleb128 0x3
 242 0065 08       		.byte	0x8
 243 0066 07       		.byte	0x7
 244 0067 A0010000 		.4byte	.LASF8
 245 006b 03       		.uleb128 0x3
 246 006c 04       		.byte	0x4
 247 006d 07       		.byte	0x7
 248 006e C3010000 		.4byte	.LASF9
 249 0072 03       		.uleb128 0x3
 250 0073 01       		.byte	0x1
 251 0074 08       		.byte	0x8
 252 0075 DA010000 		.4byte	.LASF10
 253 0079 04       		.uleb128 0x4
 254 007a F7000000 		.4byte	.LASF11
 255 007e 02       		.byte	0x2
 256 007f 3901     		.2byte	0x139
 257 0081 48000000 		.4byte	0x48
 258 0085 04       		.uleb128 0x4
 259 0086 FE000000 		.4byte	.LASF12
 260 008a 02       		.byte	0x2
 261 008b 3A01     		.2byte	0x13a
 262 008d 56000000 		.4byte	0x56
 263 0091 04       		.uleb128 0x4
 264 0092 AC000000 		.4byte	.LASF13
 265 0096 02       		.byte	0x2
 266 0097 3C01     		.2byte	0x13c
 267 0099 41000000 		.4byte	0x41
 268 009d 04       		.uleb128 0x4
 269 009e C9000000 		.4byte	.LASF14
 270 00a2 02       		.byte	0x2
 271 00a3 3D01     		.2byte	0x13d
 272 00a5 4F000000 		.4byte	0x4f
 273 00a9 04       		.uleb128 0x4
 274 00aa 8A000000 		.4byte	.LASF15
 275 00ae 02       		.byte	0x2
 276 00af 3E01     		.2byte	0x13e
 277 00b1 B5000000 		.4byte	0xb5
 278 00b5 03       		.uleb128 0x3
 279 00b6 04       		.byte	0x4
 280 00b7 04       		.byte	0x4
 281 00b8 92000000 		.4byte	.LASF16
 282 00bc 04       		.uleb128 0x4
 283 00bd 26000000 		.4byte	.LASF17
 284 00c1 02       		.byte	0x2
 285 00c2 4201     		.2byte	0x142
 286 00c4 C8000000 		.4byte	0xc8
 287 00c8 03       		.uleb128 0x3
 288 00c9 08       		.byte	0x8
 289 00ca 04       		.byte	0x4
 290 00cb F0000000 		.4byte	.LASF18
 291 00cf 03       		.uleb128 0x3
 292 00d0 08       		.byte	0x8
 293 00d1 04       		.byte	0x4
 294 00d2 16020000 		.4byte	.LASF19
ARM GAS  C:\Users\nm\AppData\Local\Temp\cclElObS.s 			page 9


 295 00d6 05       		.uleb128 0x5
 296 00d7 E9010000 		.4byte	.LASF24
 297 00db 01       		.byte	0x1
 298 00dc 2A       		.byte	0x2a
 299 00dd 85000000 		.4byte	0x85
 300 00e1 00000000 		.4byte	.LFB0
 301 00e5 26000000 		.4byte	.LFE0-.LFB0
 302 00e9 01       		.uleb128 0x1
 303 00ea 9C       		.byte	0x9c
 304 00eb 2C010000 		.4byte	0x12c
 305 00ef 06       		.uleb128 0x6
 306 00f0 2E000000 		.4byte	.LASF20
 307 00f4 01       		.byte	0x1
 308 00f5 2A       		.byte	0x2a
 309 00f6 91000000 		.4byte	0x91
 310 00fa 00000000 		.4byte	.LLST0
 311 00fe 06       		.uleb128 0x6
 312 00ff B7010000 		.4byte	.LASF21
 313 0103 01       		.byte	0x1
 314 0104 2A       		.byte	0x2a
 315 0105 91000000 		.4byte	0x91
 316 0109 21000000 		.4byte	.LLST1
 317 010d 07       		.uleb128 0x7
 318 010e 11020000 		.4byte	.LASF22
 319 0112 01       		.byte	0x1
 320 0113 2D       		.byte	0x2d
 321 0114 9D000000 		.4byte	0x9d
 322 0118 42000000 		.4byte	.LLST2
 323 011c 07       		.uleb128 0x7
 324 011d C4000000 		.4byte	.LASF23
 325 0121 01       		.byte	0x1
 326 0122 2E       		.byte	0x2e
 327 0123 91000000 		.4byte	0x91
 328 0127 70000000 		.4byte	.LLST3
 329 012b 00       		.byte	0
 330 012c 08       		.uleb128 0x8
 331 012d CF000000 		.4byte	.LASF25
 332 0131 01       		.byte	0x1
 333 0132 56       		.byte	0x56
 334 0133 91000000 		.4byte	0x91
 335 0137 00000000 		.4byte	.LFB1
 336 013b C0000000 		.4byte	.LFE1-.LFB1
 337 013f 01       		.uleb128 0x1
 338 0140 9C       		.byte	0x9c
 339 0141 92010000 		.4byte	0x192
 340 0145 06       		.uleb128 0x6
 341 0146 11020000 		.4byte	.LASF22
 342 014a 01       		.byte	0x1
 343 014b 56       		.byte	0x56
 344 014c 85000000 		.4byte	0x85
 345 0150 A7000000 		.4byte	.LLST4
 346 0154 09       		.uleb128 0x9
 347 0155 E9000000 		.4byte	.LASF26
 348 0159 01       		.byte	0x1
 349 015a 58       		.byte	0x58
 350 015b 91000000 		.4byte	0x91
 351 015f 01       		.uleb128 0x1
ARM GAS  C:\Users\nm\AppData\Local\Temp\cclElObS.s 			page 10


 352 0160 50       		.byte	0x50
 353 0161 07       		.uleb128 0x7
 354 0162 02020000 		.4byte	.LASF27
 355 0166 01       		.byte	0x1
 356 0167 5C       		.byte	0x5c
 357 0168 A9000000 		.4byte	0xa9
 358 016c C8000000 		.4byte	.LLST5
 359 0170 07       		.uleb128 0x7
 360 0171 A6000000 		.4byte	.LASF28
 361 0175 01       		.byte	0x1
 362 0176 5D       		.byte	0x5d
 363 0177 A9000000 		.4byte	0xa9
 364 017b DB000000 		.4byte	.LLST6
 365 017f 0A       		.uleb128 0xa
 366 0180 0A000000 		.4byte	.LVL13
 367 0184 92010000 		.4byte	0x192
 368 0188 0A       		.uleb128 0xa
 369 0189 3A000000 		.4byte	.LVL18
 370 018d A7010000 		.4byte	0x1a7
 371 0191 00       		.byte	0
 372 0192 0B       		.uleb128 0xb
 373 0193 6C6F6700 		.ascii	"log\000"
 374 0197 03       		.byte	0x3
 375 0198 83       		.byte	0x83
 376 0199 C8000000 		.4byte	0xc8
 377 019d A7010000 		.4byte	0x1a7
 378 01a1 0C       		.uleb128 0xc
 379 01a2 C8000000 		.4byte	0xc8
 380 01a6 00       		.byte	0
 381 01a7 0D       		.uleb128 0xd
 382 01a8 706F7700 		.ascii	"pow\000"
 383 01ac 03       		.byte	0x3
 384 01ad 85       		.byte	0x85
 385 01ae C8000000 		.4byte	0xc8
 386 01b2 0C       		.uleb128 0xc
 387 01b3 C8000000 		.4byte	0xc8
 388 01b7 0C       		.uleb128 0xc
 389 01b8 C8000000 		.4byte	0xc8
 390 01bc 00       		.byte	0
 391 01bd 00       		.byte	0
 392              		.section	.debug_abbrev,"",%progbits
 393              	.Ldebug_abbrev0:
 394 0000 01       		.uleb128 0x1
 395 0001 11       		.uleb128 0x11
 396 0002 01       		.byte	0x1
 397 0003 25       		.uleb128 0x25
 398 0004 0E       		.uleb128 0xe
 399 0005 13       		.uleb128 0x13
 400 0006 0B       		.uleb128 0xb
 401 0007 03       		.uleb128 0x3
 402 0008 0E       		.uleb128 0xe
 403 0009 1B       		.uleb128 0x1b
 404 000a 0E       		.uleb128 0xe
 405 000b 55       		.uleb128 0x55
 406 000c 17       		.uleb128 0x17
 407 000d 11       		.uleb128 0x11
 408 000e 01       		.uleb128 0x1
ARM GAS  C:\Users\nm\AppData\Local\Temp\cclElObS.s 			page 11


 409 000f 10       		.uleb128 0x10
 410 0010 17       		.uleb128 0x17
 411 0011 00       		.byte	0
 412 0012 00       		.byte	0
 413 0013 02       		.uleb128 0x2
 414 0014 24       		.uleb128 0x24
 415 0015 00       		.byte	0
 416 0016 0B       		.uleb128 0xb
 417 0017 0B       		.uleb128 0xb
 418 0018 3E       		.uleb128 0x3e
 419 0019 0B       		.uleb128 0xb
 420 001a 03       		.uleb128 0x3
 421 001b 08       		.uleb128 0x8
 422 001c 00       		.byte	0
 423 001d 00       		.byte	0
 424 001e 03       		.uleb128 0x3
 425 001f 24       		.uleb128 0x24
 426 0020 00       		.byte	0
 427 0021 0B       		.uleb128 0xb
 428 0022 0B       		.uleb128 0xb
 429 0023 3E       		.uleb128 0x3e
 430 0024 0B       		.uleb128 0xb
 431 0025 03       		.uleb128 0x3
 432 0026 0E       		.uleb128 0xe
 433 0027 00       		.byte	0
 434 0028 00       		.byte	0
 435 0029 04       		.uleb128 0x4
 436 002a 16       		.uleb128 0x16
 437 002b 00       		.byte	0
 438 002c 03       		.uleb128 0x3
 439 002d 0E       		.uleb128 0xe
 440 002e 3A       		.uleb128 0x3a
 441 002f 0B       		.uleb128 0xb
 442 0030 3B       		.uleb128 0x3b
 443 0031 05       		.uleb128 0x5
 444 0032 49       		.uleb128 0x49
 445 0033 13       		.uleb128 0x13
 446 0034 00       		.byte	0
 447 0035 00       		.byte	0
 448 0036 05       		.uleb128 0x5
 449 0037 2E       		.uleb128 0x2e
 450 0038 01       		.byte	0x1
 451 0039 3F       		.uleb128 0x3f
 452 003a 19       		.uleb128 0x19
 453 003b 03       		.uleb128 0x3
 454 003c 0E       		.uleb128 0xe
 455 003d 3A       		.uleb128 0x3a
 456 003e 0B       		.uleb128 0xb
 457 003f 3B       		.uleb128 0x3b
 458 0040 0B       		.uleb128 0xb
 459 0041 27       		.uleb128 0x27
 460 0042 19       		.uleb128 0x19
 461 0043 49       		.uleb128 0x49
 462 0044 13       		.uleb128 0x13
 463 0045 11       		.uleb128 0x11
 464 0046 01       		.uleb128 0x1
 465 0047 12       		.uleb128 0x12
ARM GAS  C:\Users\nm\AppData\Local\Temp\cclElObS.s 			page 12


 466 0048 06       		.uleb128 0x6
 467 0049 40       		.uleb128 0x40
 468 004a 18       		.uleb128 0x18
 469 004b 9742     		.uleb128 0x2117
 470 004d 19       		.uleb128 0x19
 471 004e 01       		.uleb128 0x1
 472 004f 13       		.uleb128 0x13
 473 0050 00       		.byte	0
 474 0051 00       		.byte	0
 475 0052 06       		.uleb128 0x6
 476 0053 05       		.uleb128 0x5
 477 0054 00       		.byte	0
 478 0055 03       		.uleb128 0x3
 479 0056 0E       		.uleb128 0xe
 480 0057 3A       		.uleb128 0x3a
 481 0058 0B       		.uleb128 0xb
 482 0059 3B       		.uleb128 0x3b
 483 005a 0B       		.uleb128 0xb
 484 005b 49       		.uleb128 0x49
 485 005c 13       		.uleb128 0x13
 486 005d 02       		.uleb128 0x2
 487 005e 17       		.uleb128 0x17
 488 005f 00       		.byte	0
 489 0060 00       		.byte	0
 490 0061 07       		.uleb128 0x7
 491 0062 34       		.uleb128 0x34
 492 0063 00       		.byte	0
 493 0064 03       		.uleb128 0x3
 494 0065 0E       		.uleb128 0xe
 495 0066 3A       		.uleb128 0x3a
 496 0067 0B       		.uleb128 0xb
 497 0068 3B       		.uleb128 0x3b
 498 0069 0B       		.uleb128 0xb
 499 006a 49       		.uleb128 0x49
 500 006b 13       		.uleb128 0x13
 501 006c 02       		.uleb128 0x2
 502 006d 17       		.uleb128 0x17
 503 006e 00       		.byte	0
 504 006f 00       		.byte	0
 505 0070 08       		.uleb128 0x8
 506 0071 2E       		.uleb128 0x2e
 507 0072 01       		.byte	0x1
 508 0073 3F       		.uleb128 0x3f
 509 0074 19       		.uleb128 0x19
 510 0075 03       		.uleb128 0x3
 511 0076 0E       		.uleb128 0xe
 512 0077 3A       		.uleb128 0x3a
 513 0078 0B       		.uleb128 0xb
 514 0079 3B       		.uleb128 0x3b
 515 007a 0B       		.uleb128 0xb
 516 007b 27       		.uleb128 0x27
 517 007c 19       		.uleb128 0x19
 518 007d 49       		.uleb128 0x49
 519 007e 13       		.uleb128 0x13
 520 007f 11       		.uleb128 0x11
 521 0080 01       		.uleb128 0x1
 522 0081 12       		.uleb128 0x12
ARM GAS  C:\Users\nm\AppData\Local\Temp\cclElObS.s 			page 13


 523 0082 06       		.uleb128 0x6
 524 0083 40       		.uleb128 0x40
 525 0084 18       		.uleb128 0x18
 526 0085 9642     		.uleb128 0x2116
 527 0087 19       		.uleb128 0x19
 528 0088 01       		.uleb128 0x1
 529 0089 13       		.uleb128 0x13
 530 008a 00       		.byte	0
 531 008b 00       		.byte	0
 532 008c 09       		.uleb128 0x9
 533 008d 34       		.uleb128 0x34
 534 008e 00       		.byte	0
 535 008f 03       		.uleb128 0x3
 536 0090 0E       		.uleb128 0xe
 537 0091 3A       		.uleb128 0x3a
 538 0092 0B       		.uleb128 0xb
 539 0093 3B       		.uleb128 0x3b
 540 0094 0B       		.uleb128 0xb
 541 0095 49       		.uleb128 0x49
 542 0096 13       		.uleb128 0x13
 543 0097 02       		.uleb128 0x2
 544 0098 18       		.uleb128 0x18
 545 0099 00       		.byte	0
 546 009a 00       		.byte	0
 547 009b 0A       		.uleb128 0xa
 548 009c 898201   		.uleb128 0x4109
 549 009f 00       		.byte	0
 550 00a0 11       		.uleb128 0x11
 551 00a1 01       		.uleb128 0x1
 552 00a2 31       		.uleb128 0x31
 553 00a3 13       		.uleb128 0x13
 554 00a4 00       		.byte	0
 555 00a5 00       		.byte	0
 556 00a6 0B       		.uleb128 0xb
 557 00a7 2E       		.uleb128 0x2e
 558 00a8 01       		.byte	0x1
 559 00a9 3F       		.uleb128 0x3f
 560 00aa 19       		.uleb128 0x19
 561 00ab 03       		.uleb128 0x3
 562 00ac 08       		.uleb128 0x8
 563 00ad 3A       		.uleb128 0x3a
 564 00ae 0B       		.uleb128 0xb
 565 00af 3B       		.uleb128 0x3b
 566 00b0 0B       		.uleb128 0xb
 567 00b1 27       		.uleb128 0x27
 568 00b2 19       		.uleb128 0x19
 569 00b3 49       		.uleb128 0x49
 570 00b4 13       		.uleb128 0x13
 571 00b5 3C       		.uleb128 0x3c
 572 00b6 19       		.uleb128 0x19
 573 00b7 01       		.uleb128 0x1
 574 00b8 13       		.uleb128 0x13
 575 00b9 00       		.byte	0
 576 00ba 00       		.byte	0
 577 00bb 0C       		.uleb128 0xc
 578 00bc 05       		.uleb128 0x5
 579 00bd 00       		.byte	0
ARM GAS  C:\Users\nm\AppData\Local\Temp\cclElObS.s 			page 14


 580 00be 49       		.uleb128 0x49
 581 00bf 13       		.uleb128 0x13
 582 00c0 00       		.byte	0
 583 00c1 00       		.byte	0
 584 00c2 0D       		.uleb128 0xd
 585 00c3 2E       		.uleb128 0x2e
 586 00c4 01       		.byte	0x1
 587 00c5 3F       		.uleb128 0x3f
 588 00c6 19       		.uleb128 0x19
 589 00c7 03       		.uleb128 0x3
 590 00c8 08       		.uleb128 0x8
 591 00c9 3A       		.uleb128 0x3a
 592 00ca 0B       		.uleb128 0xb
 593 00cb 3B       		.uleb128 0x3b
 594 00cc 0B       		.uleb128 0xb
 595 00cd 27       		.uleb128 0x27
 596 00ce 19       		.uleb128 0x19
 597 00cf 49       		.uleb128 0x49
 598 00d0 13       		.uleb128 0x13
 599 00d1 3C       		.uleb128 0x3c
 600 00d2 19       		.uleb128 0x19
 601 00d3 00       		.byte	0
 602 00d4 00       		.byte	0
 603 00d5 00       		.byte	0
 604              		.section	.debug_loc,"",%progbits
 605              	.Ldebug_loc0:
 606              	.LLST0:
 607 0000 00000000 		.4byte	.LVL0
 608 0004 0A000000 		.4byte	.LVL2
 609 0008 0100     		.2byte	0x1
 610 000a 50       		.byte	0x50
 611 000b 0A000000 		.4byte	.LVL2
 612 000f 26000000 		.4byte	.LFE0
 613 0013 0400     		.2byte	0x4
 614 0015 F3       		.byte	0xf3
 615 0016 01       		.uleb128 0x1
 616 0017 50       		.byte	0x50
 617 0018 9F       		.byte	0x9f
 618 0019 00000000 		.4byte	0
 619 001d 00000000 		.4byte	0
 620              	.LLST1:
 621 0021 00000000 		.4byte	.LVL0
 622 0025 08000000 		.4byte	.LVL1
 623 0029 0100     		.2byte	0x1
 624 002b 51       		.byte	0x51
 625 002c 08000000 		.4byte	.LVL1
 626 0030 26000000 		.4byte	.LFE0
 627 0034 0400     		.2byte	0x4
 628 0036 F3       		.byte	0xf3
 629 0037 01       		.uleb128 0x1
 630 0038 51       		.byte	0x51
 631 0039 9F       		.byte	0x9f
 632 003a 00000000 		.4byte	0
 633 003e 00000000 		.4byte	0
 634              	.LLST2:
 635 0042 08000000 		.4byte	.LVL1
 636 0046 20000000 		.4byte	.LVL9
ARM GAS  C:\Users\nm\AppData\Local\Temp\cclElObS.s 			page 15


 637 004a 0100     		.2byte	0x1
 638 004c 51       		.byte	0x51
 639 004d 20000000 		.4byte	.LVL9
 640 0051 24000000 		.4byte	.LVL10
 641 0055 0600     		.2byte	0x6
 642 0057 71       		.byte	0x71
 643 0058 00       		.sleb128 0
 644 0059 70       		.byte	0x70
 645 005a 00       		.sleb128 0
 646 005b 1B       		.byte	0x1b
 647 005c 9F       		.byte	0x9f
 648 005d 24000000 		.4byte	.LVL10
 649 0061 26000000 		.4byte	.LFE0
 650 0065 0100     		.2byte	0x1
 651 0067 50       		.byte	0x50
 652 0068 00000000 		.4byte	0
 653 006c 00000000 		.4byte	0
 654              	.LLST3:
 655 0070 0E000000 		.4byte	.LVL3
 656 0074 14000000 		.4byte	.LVL5
 657 0078 0100     		.2byte	0x1
 658 007a 53       		.byte	0x53
 659 007b 14000000 		.4byte	.LVL5
 660 007f 16000000 		.4byte	.LVL6
 661 0083 0400     		.2byte	0x4
 662 0085 73       		.byte	0x73
 663 0086 00       		.sleb128 0
 664 0087 1F       		.byte	0x1f
 665 0088 9F       		.byte	0x9f
 666 0089 16000000 		.4byte	.LVL6
 667 008d 18000000 		.4byte	.LVL7
 668 0091 0100     		.2byte	0x1
 669 0093 53       		.byte	0x53
 670 0094 1C000000 		.4byte	.LVL8
 671 0098 26000000 		.4byte	.LFE0
 672 009c 0100     		.2byte	0x1
 673 009e 53       		.byte	0x53
 674 009f 00000000 		.4byte	0
 675 00a3 00000000 		.4byte	0
 676              	.LLST4:
 677 00a7 00000000 		.4byte	.LVL11
 678 00ab 05000000 		.4byte	.LVL12-1
 679 00af 0100     		.2byte	0x1
 680 00b1 50       		.byte	0x50
 681 00b2 05000000 		.4byte	.LVL12-1
 682 00b6 C0000000 		.4byte	.LFE1
 683 00ba 0400     		.2byte	0x4
 684 00bc F3       		.byte	0xf3
 685 00bd 01       		.uleb128 0x1
 686 00be 50       		.byte	0x50
 687 00bf 9F       		.byte	0x9f
 688 00c0 00000000 		.4byte	0
 689 00c4 00000000 		.4byte	0
 690              	.LLST5:
 691 00c8 54000000 		.4byte	.LVL21
 692 00cc 57000000 		.4byte	.LVL22-1
 693 00d0 0100     		.2byte	0x1
ARM GAS  C:\Users\nm\AppData\Local\Temp\cclElObS.s 			page 16


 694 00d2 50       		.byte	0x50
 695 00d3 00000000 		.4byte	0
 696 00d7 00000000 		.4byte	0
 697              	.LLST6:
 698 00db 0E000000 		.4byte	.LVL14
 699 00df 11000000 		.4byte	.LVL15-1
 700 00e3 0100     		.2byte	0x1
 701 00e5 50       		.byte	0x50
 702 00e6 00000000 		.4byte	0
 703 00ea 00000000 		.4byte	0
 704              		.section	.debug_aranges,"",%progbits
 705 0000 24000000 		.4byte	0x24
 706 0004 0200     		.2byte	0x2
 707 0006 00000000 		.4byte	.Ldebug_info0
 708 000a 04       		.byte	0x4
 709 000b 00       		.byte	0
 710 000c 0000     		.2byte	0
 711 000e 0000     		.2byte	0
 712 0010 00000000 		.4byte	.LFB0
 713 0014 26000000 		.4byte	.LFE0-.LFB0
 714 0018 00000000 		.4byte	.LFB1
 715 001c C0000000 		.4byte	.LFE1-.LFB1
 716 0020 00000000 		.4byte	0
 717 0024 00000000 		.4byte	0
 718              		.section	.debug_ranges,"",%progbits
 719              	.Ldebug_ranges0:
 720 0000 00000000 		.4byte	.LFB0
 721 0004 26000000 		.4byte	.LFE0
 722 0008 00000000 		.4byte	.LFB1
 723 000c C0000000 		.4byte	.LFE1
 724 0010 00000000 		.4byte	0
 725 0014 00000000 		.4byte	0
 726              		.section	.debug_line,"",%progbits
 727              	.Ldebug_line0:
 728 0000 F3000000 		.section	.debug_str,"MS",%progbits,1
 728      0200BB00 
 728      00000201 
 728      FB0E0D00 
 728      01010101 
 729              	.LASF30:
 730 0000 2E5C4765 		.ascii	".\\Generated_Source\\PSoC5\\Thermistor.c\000"
 730      6E657261 
 730      7465645F 
 730      536F7572 
 730      63655C50 
 731              	.LASF17:
 732 0026 666C6F61 		.ascii	"float64\000"
 732      74363400 
 733              	.LASF20:
 734 002e 76526566 		.ascii	"vReference\000"
 734      6572656E 
 734      636500
 735              	.LASF4:
 736 0039 73686F72 		.ascii	"short unsigned int\000"
 736      7420756E 
 736      7369676E 
 736      65642069 
ARM GAS  C:\Users\nm\AppData\Local\Temp\cclElObS.s 			page 17


 736      6E7400
 737              	.LASF31:
 738 004c 433A5C55 		.ascii	"C:\\Users\\nm\\Desktop\\TempSenseExample\\Energus_T"
 738      73657273 
 738      5C6E6D5C 
 738      4465736B 
 738      746F705C 
 739 007a 656D705F 		.ascii	"emp_Sense.cydsn\000"
 739      53656E73 
 739      652E6379 
 739      64736E00 
 740              	.LASF15:
 741 008a 666C6F61 		.ascii	"float32\000"
 741      74333200 
 742              	.LASF16:
 743 0092 666C6F61 		.ascii	"float\000"
 743      7400
 744              	.LASF2:
 745 0098 756E7369 		.ascii	"unsigned char\000"
 745      676E6564 
 745      20636861 
 745      7200
 746              	.LASF28:
 747 00a6 6C6F6772 		.ascii	"logrT\000"
 747      5400
 748              	.LASF13:
 749 00ac 696E7431 		.ascii	"int16\000"
 749      3600
 750              	.LASF6:
 751 00b2 6C6F6E67 		.ascii	"long unsigned int\000"
 751      20756E73 
 751      69676E65 
 751      6420696E 
 751      7400
 752              	.LASF23:
 753 00c4 74656D70 		.ascii	"temp\000"
 753      00
 754              	.LASF14:
 755 00c9 696E7433 		.ascii	"int32\000"
 755      3200
 756              	.LASF25:
 757 00cf 54686572 		.ascii	"Thermistor_GetTemperature\000"
 757      6D697374 
 757      6F725F47 
 757      65745465 
 757      6D706572 
 758              	.LASF26:
 759 00e9 74656D70 		.ascii	"tempTR\000"
 759      545200
 760              	.LASF18:
 761 00f0 646F7562 		.ascii	"double\000"
 761      6C6500
 762              	.LASF11:
 763 00f7 75696E74 		.ascii	"uint16\000"
 763      313600
 764              	.LASF12:
 765 00fe 75696E74 		.ascii	"uint32\000"
ARM GAS  C:\Users\nm\AppData\Local\Temp\cclElObS.s 			page 18


 765      333200
 766              	.LASF29:
 767 0105 474E5520 		.ascii	"GNU C 4.9.3 20150303 (release) [ARM/embedded-4_9-br"
 767      4320342E 
 767      392E3320 
 767      32303135 
 767      30333033 
 768 0138 616E6368 		.ascii	"anch revision 221220] -mcpu=cortex-m3 -mthumb -g -O"
 768      20726576 
 768      6973696F 
 768      6E203232 
 768      31323230 
 769 016b 67202D66 		.ascii	"g -ffunction-sections -ffat-lto-objects\000"
 769      66756E63 
 769      74696F6E 
 769      2D736563 
 769      74696F6E 
 770              	.LASF0:
 771 0193 756E7369 		.ascii	"unsigned int\000"
 771      676E6564 
 771      20696E74 
 771      00
 772              	.LASF8:
 773 01a0 6C6F6E67 		.ascii	"long long unsigned int\000"
 773      206C6F6E 
 773      6720756E 
 773      7369676E 
 773      65642069 
 774              	.LASF21:
 775 01b7 76546865 		.ascii	"vThermistor\000"
 775      726D6973 
 775      746F7200 
 776              	.LASF9:
 777 01c3 73697A65 		.ascii	"sizetype\000"
 777      74797065 
 777      00
 778              	.LASF7:
 779 01cc 6C6F6E67 		.ascii	"long long int\000"
 779      206C6F6E 
 779      6720696E 
 779      7400
 780              	.LASF10:
 781 01da 63686172 		.ascii	"char\000"
 781      00
 782              	.LASF3:
 783 01df 73686F72 		.ascii	"short int\000"
 783      7420696E 
 783      7400
 784              	.LASF24:
 785 01e9 54686572 		.ascii	"Thermistor_GetResistance\000"
 785      6D697374 
 785      6F725F47 
 785      65745265 
 785      73697374 
 786              	.LASF27:
 787 0202 73744571 		.ascii	"stEqn\000"
 787      6E00
ARM GAS  C:\Users\nm\AppData\Local\Temp\cclElObS.s 			page 19


 788              	.LASF5:
 789 0208 6C6F6E67 		.ascii	"long int\000"
 789      20696E74 
 789      00
 790              	.LASF22:
 791 0211 72657354 		.ascii	"resT\000"
 791      00
 792              	.LASF19:
 793 0216 6C6F6E67 		.ascii	"long double\000"
 793      20646F75 
 793      626C6500 
 794              	.LASF1:
 795 0222 7369676E 		.ascii	"signed char\000"
 795      65642063 
 795      68617200 
 796              		.ident	"GCC: (GNU Tools for ARM Embedded Processors) 4.9.3 20150303 (release) [ARM/embedded-4_9-br
