ARM GAS  C:\Users\nm\AppData\Local\Temp\cc7V5Bc9.s 			page 1


   1              		.syntax unified
   2              		.cpu cortex-m3
   3              		.fpu softvfp
   4              		.eabi_attribute 20, 1
   5              		.eabi_attribute 21, 1
   6              		.eabi_attribute 23, 3
   7              		.eabi_attribute 24, 1
   8              		.eabi_attribute 25, 1
   9              		.eabi_attribute 26, 1
  10              		.eabi_attribute 30, 6
  11              		.eabi_attribute 34, 1
  12              		.eabi_attribute 18, 4
  13              		.thumb
  14              		.file	"ADC_INT.c"
  15              		.text
  16              	.Ltext0:
  17              		.cfi_sections	.debug_frame
  18              		.section	.text.ADC_ISR1,"ax",%progbits
  19              		.align	2
  20              		.global	ADC_ISR1
  21              		.thumb
  22              		.thumb_func
  23              		.type	ADC_ISR1, %function
  24              	ADC_ISR1:
  25              	.LFB0:
  26              		.file 1 ".\\Generated_Source\\PSoC5\\ADC_INT.c"
   1:.\Generated_Source\PSoC5/ADC_INT.c **** /*******************************************************************************
   2:.\Generated_Source\PSoC5/ADC_INT.c **** * File Name: ADC_INT.c
   3:.\Generated_Source\PSoC5/ADC_INT.c **** * Version 3.20
   4:.\Generated_Source\PSoC5/ADC_INT.c **** *
   5:.\Generated_Source\PSoC5/ADC_INT.c **** * Description:
   6:.\Generated_Source\PSoC5/ADC_INT.c **** *  This file contains the code that operates during the ADC_DelSig interrupt
   7:.\Generated_Source\PSoC5/ADC_INT.c **** *  service routine.
   8:.\Generated_Source\PSoC5/ADC_INT.c **** *
   9:.\Generated_Source\PSoC5/ADC_INT.c **** * Note:
  10:.\Generated_Source\PSoC5/ADC_INT.c **** *
  11:.\Generated_Source\PSoC5/ADC_INT.c **** ********************************************************************************
  12:.\Generated_Source\PSoC5/ADC_INT.c **** * Copyright 2008-2015, Cypress Semiconductor Corporation.  All rights reserved.
  13:.\Generated_Source\PSoC5/ADC_INT.c **** * You may use this file only in accordance with the license, terms, conditions,
  14:.\Generated_Source\PSoC5/ADC_INT.c **** * disclaimers, and limitations in the end user license agreement accompanying
  15:.\Generated_Source\PSoC5/ADC_INT.c **** * the software package with which this file was provided.
  16:.\Generated_Source\PSoC5/ADC_INT.c **** *******************************************************************************/
  17:.\Generated_Source\PSoC5/ADC_INT.c **** 
  18:.\Generated_Source\PSoC5/ADC_INT.c **** #include "ADC.h"
  19:.\Generated_Source\PSoC5/ADC_INT.c **** 
  20:.\Generated_Source\PSoC5/ADC_INT.c **** 
  21:.\Generated_Source\PSoC5/ADC_INT.c **** 
  22:.\Generated_Source\PSoC5/ADC_INT.c **** /*******************************************************************************
  23:.\Generated_Source\PSoC5/ADC_INT.c **** * Custom Declarations and Variables
  24:.\Generated_Source\PSoC5/ADC_INT.c **** * - add user include files, prototypes and variables between the following
  25:.\Generated_Source\PSoC5/ADC_INT.c **** *   #START and #END tags
  26:.\Generated_Source\PSoC5/ADC_INT.c **** *******************************************************************************/
  27:.\Generated_Source\PSoC5/ADC_INT.c **** /* `#START ADC_SYS_VAR`  */
  28:.\Generated_Source\PSoC5/ADC_INT.c **** 
  29:.\Generated_Source\PSoC5/ADC_INT.c **** /* `#END`  */
  30:.\Generated_Source\PSoC5/ADC_INT.c **** 
  31:.\Generated_Source\PSoC5/ADC_INT.c **** #if(ADC_IRQ_REMOVE == 0u)
ARM GAS  C:\Users\nm\AppData\Local\Temp\cc7V5Bc9.s 			page 2


  32:.\Generated_Source\PSoC5/ADC_INT.c **** 
  33:.\Generated_Source\PSoC5/ADC_INT.c **** 
  34:.\Generated_Source\PSoC5/ADC_INT.c ****     /*****************************************************************************
  35:.\Generated_Source\PSoC5/ADC_INT.c ****     * Function Name: ADC_ISR1
  36:.\Generated_Source\PSoC5/ADC_INT.c ****     ******************************************************************************
  37:.\Generated_Source\PSoC5/ADC_INT.c ****     *
  38:.\Generated_Source\PSoC5/ADC_INT.c ****     * Summary:
  39:.\Generated_Source\PSoC5/ADC_INT.c ****     *  Handle Interrupt Service Routine.
  40:.\Generated_Source\PSoC5/ADC_INT.c ****     *
  41:.\Generated_Source\PSoC5/ADC_INT.c ****     * Parameters:
  42:.\Generated_Source\PSoC5/ADC_INT.c ****     *  None
  43:.\Generated_Source\PSoC5/ADC_INT.c ****     *
  44:.\Generated_Source\PSoC5/ADC_INT.c ****     * Return:
  45:.\Generated_Source\PSoC5/ADC_INT.c ****     *  None
  46:.\Generated_Source\PSoC5/ADC_INT.c ****     *
  47:.\Generated_Source\PSoC5/ADC_INT.c ****     * Reentrant:
  48:.\Generated_Source\PSoC5/ADC_INT.c ****     *  No
  49:.\Generated_Source\PSoC5/ADC_INT.c ****     *
  50:.\Generated_Source\PSoC5/ADC_INT.c ****     *****************************************************************************/
  51:.\Generated_Source\PSoC5/ADC_INT.c ****     CY_ISR( ADC_ISR1)
  52:.\Generated_Source\PSoC5/ADC_INT.c ****     {
  27              		.loc 1 52 0
  28              		.cfi_startproc
  29              		@ args = 0, pretend = 0, frame = 0
  30              		@ frame_needed = 1, uses_anonymous_args = 0
  31 0000 80B5     		push	{r7, lr}
  32              		.cfi_def_cfa_offset 8
  33              		.cfi_offset 7, -8
  34              		.cfi_offset 14, -4
  35 0002 00AF     		add	r7, sp, #0
  36              		.cfi_def_cfa_register 7
  53:.\Generated_Source\PSoC5/ADC_INT.c ****         #ifdef ADC_ISR1_ENTRY_CALLBACK
  54:.\Generated_Source\PSoC5/ADC_INT.c ****             ADC_ISR1_EntryCallback();
  55:.\Generated_Source\PSoC5/ADC_INT.c ****         #endif /* ADC_ISR1_ENTRY_CALLBACK */
  56:.\Generated_Source\PSoC5/ADC_INT.c ****         
  57:.\Generated_Source\PSoC5/ADC_INT.c **** 
  58:.\Generated_Source\PSoC5/ADC_INT.c ****         /**************************************************************************
  59:.\Generated_Source\PSoC5/ADC_INT.c ****         *  Custom Code
  60:.\Generated_Source\PSoC5/ADC_INT.c ****         *  - add user ISR code between the following #START and #END tags
  61:.\Generated_Source\PSoC5/ADC_INT.c ****         **************************************************************************/
  62:.\Generated_Source\PSoC5/ADC_INT.c ****         /* `#START MAIN_ADC_ISR1`  */
  63:.\Generated_Source\PSoC5/ADC_INT.c **** 
  64:.\Generated_Source\PSoC5/ADC_INT.c ****         /* `#END`  */
  65:.\Generated_Source\PSoC5/ADC_INT.c ****         
  66:.\Generated_Source\PSoC5/ADC_INT.c ****         /* Stop the conversion if conversion mode is single sample and resolution
  67:.\Generated_Source\PSoC5/ADC_INT.c ****         *  is above 16 bits.
  68:.\Generated_Source\PSoC5/ADC_INT.c ****         */
  69:.\Generated_Source\PSoC5/ADC_INT.c ****         #if(ADC_CFG1_RESOLUTION > 16 && \
  70:.\Generated_Source\PSoC5/ADC_INT.c ****             ADC_CFG1_CONV_MODE == ADC_MODE_SINGLE_SAMPLE)
  71:.\Generated_Source\PSoC5/ADC_INT.c ****             ADC_StopConvert();
  37              		.loc 1 71 0
  38 0004 FFF7FEFF 		bl	ADC_StopConvert
  72:.\Generated_Source\PSoC5/ADC_INT.c ****             /* Software flag for checking conversion complete or not. Will be used when
  73:.\Generated_Source\PSoC5/ADC_INT.c ****             *  resolution is above 16 bits and conversion mode is single sample 
  74:.\Generated_Source\PSoC5/ADC_INT.c **** 			*/
  75:.\Generated_Source\PSoC5/ADC_INT.c ****             ADC_convDone = ADC_DEC_CONV_DONE;
  39              		.loc 1 75 0
ARM GAS  C:\Users\nm\AppData\Local\Temp\cc7V5Bc9.s 			page 3


  40 0008 014B     		ldr	r3, .L2
  41 000a 0122     		movs	r2, #1
  42 000c 1A70     		strb	r2, [r3]
  76:.\Generated_Source\PSoC5/ADC_INT.c ****         #endif /* Single sample conversion mode with resolution above 16 bits */
  77:.\Generated_Source\PSoC5/ADC_INT.c **** 
  78:.\Generated_Source\PSoC5/ADC_INT.c ****         #ifdef ADC_ISR1_EXIT_CALLBACK
  79:.\Generated_Source\PSoC5/ADC_INT.c ****             ADC_ISR1_ExitCallback();
  80:.\Generated_Source\PSoC5/ADC_INT.c ****         #endif /* ADC_ISR1_EXIT_CALLBACK */
  81:.\Generated_Source\PSoC5/ADC_INT.c ****     }
  43              		.loc 1 81 0
  44 000e 80BD     		pop	{r7, pc}
  45              	.L3:
  46              		.align	2
  47              	.L2:
  48 0010 00000000 		.word	ADC_convDone
  49              		.cfi_endproc
  50              	.LFE0:
  51              		.size	ADC_ISR1, .-ADC_ISR1
  52              		.section	.text.ADC_ISR2,"ax",%progbits
  53              		.align	2
  54              		.global	ADC_ISR2
  55              		.thumb
  56              		.thumb_func
  57              		.type	ADC_ISR2, %function
  58              	ADC_ISR2:
  59              	.LFB1:
  82:.\Generated_Source\PSoC5/ADC_INT.c **** 
  83:.\Generated_Source\PSoC5/ADC_INT.c **** 
  84:.\Generated_Source\PSoC5/ADC_INT.c ****     /*****************************************************************************
  85:.\Generated_Source\PSoC5/ADC_INT.c ****     * Function Name: ADC_ISR2
  86:.\Generated_Source\PSoC5/ADC_INT.c ****     ******************************************************************************
  87:.\Generated_Source\PSoC5/ADC_INT.c ****     *
  88:.\Generated_Source\PSoC5/ADC_INT.c ****     * Summary:
  89:.\Generated_Source\PSoC5/ADC_INT.c ****     *  Handle Interrupt Service Routine.
  90:.\Generated_Source\PSoC5/ADC_INT.c ****     *
  91:.\Generated_Source\PSoC5/ADC_INT.c ****     * Parameters:
  92:.\Generated_Source\PSoC5/ADC_INT.c ****     *  None
  93:.\Generated_Source\PSoC5/ADC_INT.c ****     *
  94:.\Generated_Source\PSoC5/ADC_INT.c ****     * Return:
  95:.\Generated_Source\PSoC5/ADC_INT.c ****     *  None
  96:.\Generated_Source\PSoC5/ADC_INT.c ****     *
  97:.\Generated_Source\PSoC5/ADC_INT.c ****     * Reentrant:
  98:.\Generated_Source\PSoC5/ADC_INT.c ****     *  No
  99:.\Generated_Source\PSoC5/ADC_INT.c ****     *
 100:.\Generated_Source\PSoC5/ADC_INT.c ****     *****************************************************************************/
 101:.\Generated_Source\PSoC5/ADC_INT.c ****     CY_ISR( ADC_ISR2)
 102:.\Generated_Source\PSoC5/ADC_INT.c ****     {
  60              		.loc 1 102 0
  61              		.cfi_startproc
  62              		@ args = 0, pretend = 0, frame = 0
  63              		@ frame_needed = 1, uses_anonymous_args = 0
  64              		@ link register save eliminated.
  65 0000 80B4     		push	{r7}
  66              		.cfi_def_cfa_offset 4
  67              		.cfi_offset 7, -4
  68 0002 00AF     		add	r7, sp, #0
  69              		.cfi_def_cfa_register 7
ARM GAS  C:\Users\nm\AppData\Local\Temp\cc7V5Bc9.s 			page 4


 103:.\Generated_Source\PSoC5/ADC_INT.c ****         #ifdef ADC_ISR2_ENTRY_CALLBACK
 104:.\Generated_Source\PSoC5/ADC_INT.c ****             ADC_ISR2_EntryCallback();
 105:.\Generated_Source\PSoC5/ADC_INT.c ****         #endif /* ADC_ISR2_ENTRY_CALLBACK */
 106:.\Generated_Source\PSoC5/ADC_INT.c ****         
 107:.\Generated_Source\PSoC5/ADC_INT.c ****         
 108:.\Generated_Source\PSoC5/ADC_INT.c ****         /***************************************************************************
 109:.\Generated_Source\PSoC5/ADC_INT.c ****         *  Custom Code
 110:.\Generated_Source\PSoC5/ADC_INT.c ****         *  - add user ISR code between the following #START and #END tags
 111:.\Generated_Source\PSoC5/ADC_INT.c ****         **************************************************************************/
 112:.\Generated_Source\PSoC5/ADC_INT.c ****         /* `#START MAIN_ADC_ISR2`  */
 113:.\Generated_Source\PSoC5/ADC_INT.c **** 
 114:.\Generated_Source\PSoC5/ADC_INT.c ****         /* `#END`  */
 115:.\Generated_Source\PSoC5/ADC_INT.c **** 
 116:.\Generated_Source\PSoC5/ADC_INT.c ****         /* Stop the conversion conversion mode is single sample and resolution
 117:.\Generated_Source\PSoC5/ADC_INT.c ****         *  is above 16 bits.
 118:.\Generated_Source\PSoC5/ADC_INT.c ****         */
 119:.\Generated_Source\PSoC5/ADC_INT.c ****         #if(ADC_CFG2_RESOLUTION > 16 && \
 120:.\Generated_Source\PSoC5/ADC_INT.c ****             ADC_CFG2_CONVMODE == ADC_MODE_SINGLE_SAMPLE)
 121:.\Generated_Source\PSoC5/ADC_INT.c ****             ADC_StopConvert();
 122:.\Generated_Source\PSoC5/ADC_INT.c ****             /* Software flag for checking conversion complete or not. Will be used when
 123:.\Generated_Source\PSoC5/ADC_INT.c ****             *   resolution is above 16 bits and conversion mode is single sample 
 124:.\Generated_Source\PSoC5/ADC_INT.c **** 			*/
 125:.\Generated_Source\PSoC5/ADC_INT.c ****             ADC_convDone = ADC_DEC_CONV_DONE;
 126:.\Generated_Source\PSoC5/ADC_INT.c ****         #endif /* Single sample conversion mode with resolution above 16 bits */
 127:.\Generated_Source\PSoC5/ADC_INT.c **** 
 128:.\Generated_Source\PSoC5/ADC_INT.c ****         #ifdef ADC_ISR2_EXIT_CALLBACK
 129:.\Generated_Source\PSoC5/ADC_INT.c ****             ADC_ISR2_ExitCallback();
 130:.\Generated_Source\PSoC5/ADC_INT.c ****         #endif /* ADC_ISR2_EXIT_CALLBACK */
 131:.\Generated_Source\PSoC5/ADC_INT.c ****     }
  70              		.loc 1 131 0
  71 0004 BD46     		mov	sp, r7
  72              		.cfi_def_cfa_register 13
  73              		@ sp needed
  74 0006 5DF8047B 		ldr	r7, [sp], #4
  75              		.cfi_restore 7
  76              		.cfi_def_cfa_offset 0
  77 000a 7047     		bx	lr
  78              		.cfi_endproc
  79              	.LFE1:
  80              		.size	ADC_ISR2, .-ADC_ISR2
  81              		.section	.text.ADC_ISR3,"ax",%progbits
  82              		.align	2
  83              		.global	ADC_ISR3
  84              		.thumb
  85              		.thumb_func
  86              		.type	ADC_ISR3, %function
  87              	ADC_ISR3:
  88              	.LFB2:
 132:.\Generated_Source\PSoC5/ADC_INT.c **** 
 133:.\Generated_Source\PSoC5/ADC_INT.c **** 
 134:.\Generated_Source\PSoC5/ADC_INT.c ****     /*****************************************************************************
 135:.\Generated_Source\PSoC5/ADC_INT.c ****     * Function Name: ADC_ISR3
 136:.\Generated_Source\PSoC5/ADC_INT.c ****     ******************************************************************************
 137:.\Generated_Source\PSoC5/ADC_INT.c ****     *
 138:.\Generated_Source\PSoC5/ADC_INT.c ****     * Summary:
 139:.\Generated_Source\PSoC5/ADC_INT.c ****     *  Handle Interrupt Service Routine.
 140:.\Generated_Source\PSoC5/ADC_INT.c ****     *
ARM GAS  C:\Users\nm\AppData\Local\Temp\cc7V5Bc9.s 			page 5


 141:.\Generated_Source\PSoC5/ADC_INT.c ****     * Parameters:
 142:.\Generated_Source\PSoC5/ADC_INT.c ****     *  None
 143:.\Generated_Source\PSoC5/ADC_INT.c ****     *
 144:.\Generated_Source\PSoC5/ADC_INT.c ****     * Return:
 145:.\Generated_Source\PSoC5/ADC_INT.c ****     *  None
 146:.\Generated_Source\PSoC5/ADC_INT.c ****     *
 147:.\Generated_Source\PSoC5/ADC_INT.c ****     * Reentrant:
 148:.\Generated_Source\PSoC5/ADC_INT.c ****     *  No
 149:.\Generated_Source\PSoC5/ADC_INT.c ****     *
 150:.\Generated_Source\PSoC5/ADC_INT.c ****     *****************************************************************************/
 151:.\Generated_Source\PSoC5/ADC_INT.c ****     CY_ISR( ADC_ISR3)
 152:.\Generated_Source\PSoC5/ADC_INT.c ****     {
  89              		.loc 1 152 0
  90              		.cfi_startproc
  91              		@ args = 0, pretend = 0, frame = 0
  92              		@ frame_needed = 1, uses_anonymous_args = 0
  93              		@ link register save eliminated.
  94 0000 80B4     		push	{r7}
  95              		.cfi_def_cfa_offset 4
  96              		.cfi_offset 7, -4
  97 0002 00AF     		add	r7, sp, #0
  98              		.cfi_def_cfa_register 7
 153:.\Generated_Source\PSoC5/ADC_INT.c ****         #ifdef ADC_ISR3_ENTRY_CALLBACK
 154:.\Generated_Source\PSoC5/ADC_INT.c ****             ADC_ISR3_EntryCallback();
 155:.\Generated_Source\PSoC5/ADC_INT.c ****         #endif /* ADC_ISR3_ENTRY_CALLBACK */        
 156:.\Generated_Source\PSoC5/ADC_INT.c **** 
 157:.\Generated_Source\PSoC5/ADC_INT.c ****         
 158:.\Generated_Source\PSoC5/ADC_INT.c ****         /***************************************************************************
 159:.\Generated_Source\PSoC5/ADC_INT.c ****         *  Custom Code
 160:.\Generated_Source\PSoC5/ADC_INT.c ****         *  - add user ISR code between the following #START and #END tags
 161:.\Generated_Source\PSoC5/ADC_INT.c ****         **************************************************************************/
 162:.\Generated_Source\PSoC5/ADC_INT.c ****         /* `#START MAIN_ADC_ISR3`  */
 163:.\Generated_Source\PSoC5/ADC_INT.c **** 
 164:.\Generated_Source\PSoC5/ADC_INT.c ****         /* `#END`  */
 165:.\Generated_Source\PSoC5/ADC_INT.c ****         
 166:.\Generated_Source\PSoC5/ADC_INT.c ****         /* Stop the conversion if conversion mode is set to single sample and
 167:.\Generated_Source\PSoC5/ADC_INT.c ****         *  resolution is above 16 bits.
 168:.\Generated_Source\PSoC5/ADC_INT.c ****         */
 169:.\Generated_Source\PSoC5/ADC_INT.c ****         #if(ADC_CFG3_RESOLUTION > 16 && \
 170:.\Generated_Source\PSoC5/ADC_INT.c ****             ADC_CFG3_CONVMODE == ADC_MODE_SINGLE_SAMPLE)
 171:.\Generated_Source\PSoC5/ADC_INT.c ****             ADC_StopConvert();
 172:.\Generated_Source\PSoC5/ADC_INT.c ****             /* Software flag for checking conversion complete or not. Will be used when
 173:.\Generated_Source\PSoC5/ADC_INT.c ****             *  resolution is above 16 bits and conversion mode is single sample 
 174:.\Generated_Source\PSoC5/ADC_INT.c **** 			*/
 175:.\Generated_Source\PSoC5/ADC_INT.c ****             ADC_convDone = ADC_DEC_CONV_DONE;
 176:.\Generated_Source\PSoC5/ADC_INT.c ****         #endif /* Single sample conversion mode with resolution above 16 bits */
 177:.\Generated_Source\PSoC5/ADC_INT.c **** 
 178:.\Generated_Source\PSoC5/ADC_INT.c ****         #ifdef ADC_ISR3_EXIT_CALLBACK
 179:.\Generated_Source\PSoC5/ADC_INT.c ****             ADC_ISR3_ExitCallback();
 180:.\Generated_Source\PSoC5/ADC_INT.c ****         #endif /* ADC_ISR3_EXIT_CALLBACK */        
 181:.\Generated_Source\PSoC5/ADC_INT.c ****     }
  99              		.loc 1 181 0
 100 0004 BD46     		mov	sp, r7
 101              		.cfi_def_cfa_register 13
 102              		@ sp needed
 103 0006 5DF8047B 		ldr	r7, [sp], #4
 104              		.cfi_restore 7
ARM GAS  C:\Users\nm\AppData\Local\Temp\cc7V5Bc9.s 			page 6


 105              		.cfi_def_cfa_offset 0
 106 000a 7047     		bx	lr
 107              		.cfi_endproc
 108              	.LFE2:
 109              		.size	ADC_ISR3, .-ADC_ISR3
 110              		.section	.text.ADC_ISR4,"ax",%progbits
 111              		.align	2
 112              		.global	ADC_ISR4
 113              		.thumb
 114              		.thumb_func
 115              		.type	ADC_ISR4, %function
 116              	ADC_ISR4:
 117              	.LFB3:
 182:.\Generated_Source\PSoC5/ADC_INT.c **** 
 183:.\Generated_Source\PSoC5/ADC_INT.c **** 
 184:.\Generated_Source\PSoC5/ADC_INT.c ****     /*****************************************************************************
 185:.\Generated_Source\PSoC5/ADC_INT.c ****     * Function Name: ADC_ISR4
 186:.\Generated_Source\PSoC5/ADC_INT.c ****     ******************************************************************************
 187:.\Generated_Source\PSoC5/ADC_INT.c ****     *
 188:.\Generated_Source\PSoC5/ADC_INT.c ****     * Summary:
 189:.\Generated_Source\PSoC5/ADC_INT.c ****     *  Handle Interrupt Service Routine.
 190:.\Generated_Source\PSoC5/ADC_INT.c ****     *
 191:.\Generated_Source\PSoC5/ADC_INT.c ****     * Parameters:
 192:.\Generated_Source\PSoC5/ADC_INT.c ****     *  None
 193:.\Generated_Source\PSoC5/ADC_INT.c ****     *
 194:.\Generated_Source\PSoC5/ADC_INT.c ****     * Return:
 195:.\Generated_Source\PSoC5/ADC_INT.c ****     *  None
 196:.\Generated_Source\PSoC5/ADC_INT.c ****     *
 197:.\Generated_Source\PSoC5/ADC_INT.c ****     * Reentrant:
 198:.\Generated_Source\PSoC5/ADC_INT.c ****     *  No
 199:.\Generated_Source\PSoC5/ADC_INT.c ****     *
 200:.\Generated_Source\PSoC5/ADC_INT.c ****     *****************************************************************************/
 201:.\Generated_Source\PSoC5/ADC_INT.c ****     CY_ISR( ADC_ISR4)
 202:.\Generated_Source\PSoC5/ADC_INT.c ****     {
 118              		.loc 1 202 0
 119              		.cfi_startproc
 120              		@ args = 0, pretend = 0, frame = 0
 121              		@ frame_needed = 1, uses_anonymous_args = 0
 122              		@ link register save eliminated.
 123 0000 80B4     		push	{r7}
 124              		.cfi_def_cfa_offset 4
 125              		.cfi_offset 7, -4
 126 0002 00AF     		add	r7, sp, #0
 127              		.cfi_def_cfa_register 7
 203:.\Generated_Source\PSoC5/ADC_INT.c ****         #ifdef ADC_ISR4_ENTRY_CALLBACK
 204:.\Generated_Source\PSoC5/ADC_INT.c ****             ADC_ISR4_EntryCallback();
 205:.\Generated_Source\PSoC5/ADC_INT.c ****         #endif /* ADC_ISR4_ENTRY_CALLBACK */            
 206:.\Generated_Source\PSoC5/ADC_INT.c **** 
 207:.\Generated_Source\PSoC5/ADC_INT.c ****         
 208:.\Generated_Source\PSoC5/ADC_INT.c ****         /***************************************************************************
 209:.\Generated_Source\PSoC5/ADC_INT.c ****         *  Custom Code
 210:.\Generated_Source\PSoC5/ADC_INT.c ****         *  - add user ISR code between the following #START and #END tags
 211:.\Generated_Source\PSoC5/ADC_INT.c ****         **************************************************************************/
 212:.\Generated_Source\PSoC5/ADC_INT.c ****         /* `#START MAIN_ADC_ISR4`  */
 213:.\Generated_Source\PSoC5/ADC_INT.c **** 
 214:.\Generated_Source\PSoC5/ADC_INT.c ****         /* `#END`  */
 215:.\Generated_Source\PSoC5/ADC_INT.c **** 
ARM GAS  C:\Users\nm\AppData\Local\Temp\cc7V5Bc9.s 			page 7


 216:.\Generated_Source\PSoC5/ADC_INT.c ****         /* Stop the conversion if conversion mode is set to single sample and
 217:.\Generated_Source\PSoC5/ADC_INT.c ****         *  resolution is above 16 bits.
 218:.\Generated_Source\PSoC5/ADC_INT.c ****         */
 219:.\Generated_Source\PSoC5/ADC_INT.c ****         #if(ADC_CFG4_RESOLUTION > 16 && \
 220:.\Generated_Source\PSoC5/ADC_INT.c ****             ADC_CFG4_CONVMODE == ADC_MODE_SINGLE_SAMPLE)
 221:.\Generated_Source\PSoC5/ADC_INT.c ****             ADC_StopConvert();
 222:.\Generated_Source\PSoC5/ADC_INT.c ****             /* Software flag for checking conversion complete or not. Will be used when
 223:.\Generated_Source\PSoC5/ADC_INT.c ****             *  resolution is above 16 bits and conversion mode is single sample 
 224:.\Generated_Source\PSoC5/ADC_INT.c **** 			*/
 225:.\Generated_Source\PSoC5/ADC_INT.c ****             ADC_convDone = ADC_DEC_CONV_DONE;
 226:.\Generated_Source\PSoC5/ADC_INT.c ****         #endif /* Single sample conversion mode with resolution above 16 bits */
 227:.\Generated_Source\PSoC5/ADC_INT.c ****         
 228:.\Generated_Source\PSoC5/ADC_INT.c ****         #ifdef ADC_ISR4_EXIT_CALLBACK
 229:.\Generated_Source\PSoC5/ADC_INT.c ****             ADC_ISR4_ExitCallback();
 230:.\Generated_Source\PSoC5/ADC_INT.c ****         #endif /* ADC_ISR4_EXIT_CALLBACK */            
 231:.\Generated_Source\PSoC5/ADC_INT.c ****     }
 128              		.loc 1 231 0
 129 0004 BD46     		mov	sp, r7
 130              		.cfi_def_cfa_register 13
 131              		@ sp needed
 132 0006 5DF8047B 		ldr	r7, [sp], #4
 133              		.cfi_restore 7
 134              		.cfi_def_cfa_offset 0
 135 000a 7047     		bx	lr
 136              		.cfi_endproc
 137              	.LFE3:
 138              		.size	ADC_ISR4, .-ADC_ISR4
 139              		.text
 140              	.Letext0:
 141              		.file 2 ".\\Generated_Source\\PSoC5\\cytypes.h"
 142              		.file 3 ".\\Generated_Source\\PSoC5\\ADC.h"
 143              		.section	.debug_info,"",%progbits
 144              	.Ldebug_info0:
 145 0000 E3000000 		.4byte	0xe3
 146 0004 0400     		.2byte	0x4
 147 0006 00000000 		.4byte	.Ldebug_abbrev0
 148 000a 04       		.byte	0x4
 149 000b 01       		.uleb128 0x1
 150 000c EF000000 		.4byte	.LASF17
 151 0010 01       		.byte	0x1
 152 0011 1B000000 		.4byte	.LASF18
 153 0015 6D000000 		.4byte	.LASF19
 154 0019 00000000 		.4byte	.Ldebug_ranges0+0
 155 001d 00000000 		.4byte	0
 156 0021 00000000 		.4byte	.Ldebug_line0
 157 0025 02       		.uleb128 0x2
 158 0026 01       		.byte	0x1
 159 0027 06       		.byte	0x6
 160 0028 A9010000 		.4byte	.LASF0
 161 002c 02       		.uleb128 0x2
 162 002d 01       		.byte	0x1
 163 002e 08       		.byte	0x8
 164 002f B4000000 		.4byte	.LASF1
 165 0033 02       		.uleb128 0x2
 166 0034 02       		.byte	0x2
 167 0035 05       		.byte	0x5
 168 0036 BB010000 		.4byte	.LASF2
ARM GAS  C:\Users\nm\AppData\Local\Temp\cc7V5Bc9.s 			page 8


 169 003a 02       		.uleb128 0x2
 170 003b 02       		.byte	0x2
 171 003c 07       		.byte	0x7
 172 003d 96010000 		.4byte	.LASF3
 173 0041 02       		.uleb128 0x2
 174 0042 04       		.byte	0x4
 175 0043 05       		.byte	0x5
 176 0044 E6000000 		.4byte	.LASF4
 177 0048 02       		.uleb128 0x2
 178 0049 04       		.byte	0x4
 179 004a 07       		.byte	0x7
 180 004b 44000000 		.4byte	.LASF5
 181 004f 02       		.uleb128 0x2
 182 0050 08       		.byte	0x8
 183 0051 05       		.byte	0x5
 184 0052 00000000 		.4byte	.LASF6
 185 0056 02       		.uleb128 0x2
 186 0057 08       		.byte	0x8
 187 0058 07       		.byte	0x7
 188 0059 56000000 		.4byte	.LASF7
 189 005d 03       		.uleb128 0x3
 190 005e 04       		.byte	0x4
 191 005f 05       		.byte	0x5
 192 0060 696E7400 		.ascii	"int\000"
 193 0064 02       		.uleb128 0x2
 194 0065 04       		.byte	0x4
 195 0066 07       		.byte	0x7
 196 0067 0E000000 		.4byte	.LASF8
 197 006b 04       		.uleb128 0x4
 198 006c 3E000000 		.4byte	.LASF20
 199 0070 02       		.byte	0x2
 200 0071 C2       		.byte	0xc2
 201 0072 2C000000 		.4byte	0x2c
 202 0076 02       		.uleb128 0x2
 203 0077 04       		.byte	0x4
 204 0078 04       		.byte	0x4
 205 0079 B5010000 		.4byte	.LASF9
 206 007d 02       		.uleb128 0x2
 207 007e 08       		.byte	0x8
 208 007f 04       		.byte	0x4
 209 0080 7D010000 		.4byte	.LASF10
 210 0084 02       		.uleb128 0x2
 211 0085 01       		.byte	0x1
 212 0086 08       		.byte	0x8
 213 0087 CB000000 		.4byte	.LASF11
 214 008b 05       		.uleb128 0x5
 215 008c 6B000000 		.4byte	0x6b
 216 0090 02       		.uleb128 0x2
 217 0091 04       		.byte	0x4
 218 0092 07       		.byte	0x7
 219 0093 C5010000 		.4byte	.LASF12
 220 0097 06       		.uleb128 0x6
 221 0098 84010000 		.4byte	.LASF13
 222 009c 01       		.byte	0x1
 223 009d 33       		.byte	0x33
 224 009e 00000000 		.4byte	.LFB0
 225 00a2 14000000 		.4byte	.LFE0-.LFB0
ARM GAS  C:\Users\nm\AppData\Local\Temp\cc7V5Bc9.s 			page 9


 226 00a6 01       		.uleb128 0x1
 227 00a7 9C       		.byte	0x9c
 228 00a8 07       		.uleb128 0x7
 229 00a9 8D010000 		.4byte	.LASF14
 230 00ad 01       		.byte	0x1
 231 00ae 65       		.byte	0x65
 232 00af 00000000 		.4byte	.LFB1
 233 00b3 0C000000 		.4byte	.LFE1-.LFB1
 234 00b7 01       		.uleb128 0x1
 235 00b8 9C       		.byte	0x9c
 236 00b9 07       		.uleb128 0x7
 237 00ba C2000000 		.4byte	.LASF15
 238 00be 01       		.byte	0x1
 239 00bf 97       		.byte	0x97
 240 00c0 00000000 		.4byte	.LFB2
 241 00c4 0C000000 		.4byte	.LFE2-.LFB2
 242 00c8 01       		.uleb128 0x1
 243 00c9 9C       		.byte	0x9c
 244 00ca 07       		.uleb128 0x7
 245 00cb D0000000 		.4byte	.LASF16
 246 00cf 01       		.byte	0x1
 247 00d0 C9       		.byte	0xc9
 248 00d1 00000000 		.4byte	.LFB3
 249 00d5 0C000000 		.4byte	.LFE3-.LFB3
 250 00d9 01       		.uleb128 0x1
 251 00da 9C       		.byte	0x9c
 252 00db 08       		.uleb128 0x8
 253 00dc D9000000 		.4byte	.LASF21
 254 00e0 03       		.byte	0x3
 255 00e1 FB       		.byte	0xfb
 256 00e2 8B000000 		.4byte	0x8b
 257 00e6 00       		.byte	0
 258              		.section	.debug_abbrev,"",%progbits
 259              	.Ldebug_abbrev0:
 260 0000 01       		.uleb128 0x1
 261 0001 11       		.uleb128 0x11
 262 0002 01       		.byte	0x1
 263 0003 25       		.uleb128 0x25
 264 0004 0E       		.uleb128 0xe
 265 0005 13       		.uleb128 0x13
 266 0006 0B       		.uleb128 0xb
 267 0007 03       		.uleb128 0x3
 268 0008 0E       		.uleb128 0xe
 269 0009 1B       		.uleb128 0x1b
 270 000a 0E       		.uleb128 0xe
 271 000b 55       		.uleb128 0x55
 272 000c 17       		.uleb128 0x17
 273 000d 11       		.uleb128 0x11
 274 000e 01       		.uleb128 0x1
 275 000f 10       		.uleb128 0x10
 276 0010 17       		.uleb128 0x17
 277 0011 00       		.byte	0
 278 0012 00       		.byte	0
 279 0013 02       		.uleb128 0x2
 280 0014 24       		.uleb128 0x24
 281 0015 00       		.byte	0
 282 0016 0B       		.uleb128 0xb
ARM GAS  C:\Users\nm\AppData\Local\Temp\cc7V5Bc9.s 			page 10


 283 0017 0B       		.uleb128 0xb
 284 0018 3E       		.uleb128 0x3e
 285 0019 0B       		.uleb128 0xb
 286 001a 03       		.uleb128 0x3
 287 001b 0E       		.uleb128 0xe
 288 001c 00       		.byte	0
 289 001d 00       		.byte	0
 290 001e 03       		.uleb128 0x3
 291 001f 24       		.uleb128 0x24
 292 0020 00       		.byte	0
 293 0021 0B       		.uleb128 0xb
 294 0022 0B       		.uleb128 0xb
 295 0023 3E       		.uleb128 0x3e
 296 0024 0B       		.uleb128 0xb
 297 0025 03       		.uleb128 0x3
 298 0026 08       		.uleb128 0x8
 299 0027 00       		.byte	0
 300 0028 00       		.byte	0
 301 0029 04       		.uleb128 0x4
 302 002a 16       		.uleb128 0x16
 303 002b 00       		.byte	0
 304 002c 03       		.uleb128 0x3
 305 002d 0E       		.uleb128 0xe
 306 002e 3A       		.uleb128 0x3a
 307 002f 0B       		.uleb128 0xb
 308 0030 3B       		.uleb128 0x3b
 309 0031 0B       		.uleb128 0xb
 310 0032 49       		.uleb128 0x49
 311 0033 13       		.uleb128 0x13
 312 0034 00       		.byte	0
 313 0035 00       		.byte	0
 314 0036 05       		.uleb128 0x5
 315 0037 35       		.uleb128 0x35
 316 0038 00       		.byte	0
 317 0039 49       		.uleb128 0x49
 318 003a 13       		.uleb128 0x13
 319 003b 00       		.byte	0
 320 003c 00       		.byte	0
 321 003d 06       		.uleb128 0x6
 322 003e 2E       		.uleb128 0x2e
 323 003f 00       		.byte	0
 324 0040 3F       		.uleb128 0x3f
 325 0041 19       		.uleb128 0x19
 326 0042 03       		.uleb128 0x3
 327 0043 0E       		.uleb128 0xe
 328 0044 3A       		.uleb128 0x3a
 329 0045 0B       		.uleb128 0xb
 330 0046 3B       		.uleb128 0x3b
 331 0047 0B       		.uleb128 0xb
 332 0048 27       		.uleb128 0x27
 333 0049 19       		.uleb128 0x19
 334 004a 11       		.uleb128 0x11
 335 004b 01       		.uleb128 0x1
 336 004c 12       		.uleb128 0x12
 337 004d 06       		.uleb128 0x6
 338 004e 40       		.uleb128 0x40
 339 004f 18       		.uleb128 0x18
ARM GAS  C:\Users\nm\AppData\Local\Temp\cc7V5Bc9.s 			page 11


 340 0050 9642     		.uleb128 0x2116
 341 0052 19       		.uleb128 0x19
 342 0053 00       		.byte	0
 343 0054 00       		.byte	0
 344 0055 07       		.uleb128 0x7
 345 0056 2E       		.uleb128 0x2e
 346 0057 00       		.byte	0
 347 0058 3F       		.uleb128 0x3f
 348 0059 19       		.uleb128 0x19
 349 005a 03       		.uleb128 0x3
 350 005b 0E       		.uleb128 0xe
 351 005c 3A       		.uleb128 0x3a
 352 005d 0B       		.uleb128 0xb
 353 005e 3B       		.uleb128 0x3b
 354 005f 0B       		.uleb128 0xb
 355 0060 27       		.uleb128 0x27
 356 0061 19       		.uleb128 0x19
 357 0062 11       		.uleb128 0x11
 358 0063 01       		.uleb128 0x1
 359 0064 12       		.uleb128 0x12
 360 0065 06       		.uleb128 0x6
 361 0066 40       		.uleb128 0x40
 362 0067 18       		.uleb128 0x18
 363 0068 9742     		.uleb128 0x2117
 364 006a 19       		.uleb128 0x19
 365 006b 00       		.byte	0
 366 006c 00       		.byte	0
 367 006d 08       		.uleb128 0x8
 368 006e 34       		.uleb128 0x34
 369 006f 00       		.byte	0
 370 0070 03       		.uleb128 0x3
 371 0071 0E       		.uleb128 0xe
 372 0072 3A       		.uleb128 0x3a
 373 0073 0B       		.uleb128 0xb
 374 0074 3B       		.uleb128 0x3b
 375 0075 0B       		.uleb128 0xb
 376 0076 49       		.uleb128 0x49
 377 0077 13       		.uleb128 0x13
 378 0078 3F       		.uleb128 0x3f
 379 0079 19       		.uleb128 0x19
 380 007a 3C       		.uleb128 0x3c
 381 007b 19       		.uleb128 0x19
 382 007c 00       		.byte	0
 383 007d 00       		.byte	0
 384 007e 00       		.byte	0
 385              		.section	.debug_aranges,"",%progbits
 386 0000 34000000 		.4byte	0x34
 387 0004 0200     		.2byte	0x2
 388 0006 00000000 		.4byte	.Ldebug_info0
 389 000a 04       		.byte	0x4
 390 000b 00       		.byte	0
 391 000c 0000     		.2byte	0
 392 000e 0000     		.2byte	0
 393 0010 00000000 		.4byte	.LFB0
 394 0014 14000000 		.4byte	.LFE0-.LFB0
 395 0018 00000000 		.4byte	.LFB1
 396 001c 0C000000 		.4byte	.LFE1-.LFB1
ARM GAS  C:\Users\nm\AppData\Local\Temp\cc7V5Bc9.s 			page 12


 397 0020 00000000 		.4byte	.LFB2
 398 0024 0C000000 		.4byte	.LFE2-.LFB2
 399 0028 00000000 		.4byte	.LFB3
 400 002c 0C000000 		.4byte	.LFE3-.LFB3
 401 0030 00000000 		.4byte	0
 402 0034 00000000 		.4byte	0
 403              		.section	.debug_ranges,"",%progbits
 404              	.Ldebug_ranges0:
 405 0000 00000000 		.4byte	.LFB0
 406 0004 14000000 		.4byte	.LFE0
 407 0008 00000000 		.4byte	.LFB1
 408 000c 0C000000 		.4byte	.LFE1
 409 0010 00000000 		.4byte	.LFB2
 410 0014 0C000000 		.4byte	.LFE2
 411 0018 00000000 		.4byte	.LFB3
 412 001c 0C000000 		.4byte	.LFE3
 413 0020 00000000 		.4byte	0
 414 0024 00000000 		.4byte	0
 415              		.section	.debug_line,"",%progbits
 416              	.Ldebug_line0:
 417 0000 A2000000 		.section	.debug_str,"MS",%progbits,1
 417      02004F00 
 417      00000201 
 417      FB0E0D00 
 417      01010101 
 418              	.LASF6:
 419 0000 6C6F6E67 		.ascii	"long long int\000"
 419      206C6F6E 
 419      6720696E 
 419      7400
 420              	.LASF8:
 421 000e 756E7369 		.ascii	"unsigned int\000"
 421      676E6564 
 421      20696E74 
 421      00
 422              	.LASF18:
 423 001b 2E5C4765 		.ascii	".\\Generated_Source\\PSoC5\\ADC_INT.c\000"
 423      6E657261 
 423      7465645F 
 423      536F7572 
 423      63655C50 
 424              	.LASF20:
 425 003e 75696E74 		.ascii	"uint8\000"
 425      3800
 426              	.LASF5:
 427 0044 6C6F6E67 		.ascii	"long unsigned int\000"
 427      20756E73 
 427      69676E65 
 427      6420696E 
 427      7400
 428              	.LASF7:
 429 0056 6C6F6E67 		.ascii	"long long unsigned int\000"
 429      206C6F6E 
 429      6720756E 
 429      7369676E 
 429      65642069 
 430              	.LASF19:
ARM GAS  C:\Users\nm\AppData\Local\Temp\cc7V5Bc9.s 			page 13


 431 006d 433A5C55 		.ascii	"C:\\Users\\nm\\Desktop\\TempSenseExample\\CE210514_"
 431      73657273 
 431      5C6E6D5C 
 431      4465736B 
 431      746F705C 
 432 009b 50534F43 		.ascii	"PSOC3_5_Thermistor.cydsn\000"
 432      335F355F 
 432      54686572 
 432      6D697374 
 432      6F722E63 
 433              	.LASF1:
 434 00b4 756E7369 		.ascii	"unsigned char\000"
 434      676E6564 
 434      20636861 
 434      7200
 435              	.LASF15:
 436 00c2 4144435F 		.ascii	"ADC_ISR3\000"
 436      49535233 
 436      00
 437              	.LASF11:
 438 00cb 63686172 		.ascii	"char\000"
 438      00
 439              	.LASF16:
 440 00d0 4144435F 		.ascii	"ADC_ISR4\000"
 440      49535234 
 440      00
 441              	.LASF21:
 442 00d9 4144435F 		.ascii	"ADC_convDone\000"
 442      636F6E76 
 442      446F6E65 
 442      00
 443              	.LASF4:
 444 00e6 6C6F6E67 		.ascii	"long int\000"
 444      20696E74 
 444      00
 445              	.LASF17:
 446 00ef 474E5520 		.ascii	"GNU C 4.9.3 20150303 (release) [ARM/embedded-4_9-br"
 446      4320342E 
 446      392E3320 
 446      32303135 
 446      30333033 
 447 0122 616E6368 		.ascii	"anch revision 221220] -mcpu=cortex-m3 -mthumb -g -O"
 447      20726576 
 447      6973696F 
 447      6E203232 
 447      31323230 
 448 0155 30202D66 		.ascii	"0 -ffunction-sections -ffat-lto-objects\000"
 448      66756E63 
 448      74696F6E 
 448      2D736563 
 448      74696F6E 
 449              	.LASF10:
 450 017d 646F7562 		.ascii	"double\000"
 450      6C6500
 451              	.LASF13:
 452 0184 4144435F 		.ascii	"ADC_ISR1\000"
 452      49535231 
ARM GAS  C:\Users\nm\AppData\Local\Temp\cc7V5Bc9.s 			page 14


 452      00
 453              	.LASF14:
 454 018d 4144435F 		.ascii	"ADC_ISR2\000"
 454      49535232 
 454      00
 455              	.LASF3:
 456 0196 73686F72 		.ascii	"short unsigned int\000"
 456      7420756E 
 456      7369676E 
 456      65642069 
 456      6E7400
 457              	.LASF0:
 458 01a9 7369676E 		.ascii	"signed char\000"
 458      65642063 
 458      68617200 
 459              	.LASF9:
 460 01b5 666C6F61 		.ascii	"float\000"
 460      7400
 461              	.LASF2:
 462 01bb 73686F72 		.ascii	"short int\000"
 462      7420696E 
 462      7400
 463              	.LASF12:
 464 01c5 73697A65 		.ascii	"sizetype\000"
 464      74797065 
 464      00
 465              		.ident	"GCC: (GNU Tools for ARM Embedded Processors) 4.9.3 20150303 (release) [ARM/embedded-4_9-br
