--------------- Build Started: 10/29/2016 21:57:17 Project: CE210514_PSOC3_5_Thermistor, Configuration: ARM GCC 4.9-2015-q1-update Debug ---------------
cydsfit.exe -.appdatapath "C:\Users\nm\AppData\Local\Cypress Semiconductor\PSoC Creator\3.3" -.fdsnotice -.fdswarpdepfile=warp_dependencies.txt -.fdselabdepfile=elab_dependencies.txt -.fdsbldfile=generated_files.txt -p C:\Users\nm\Desktop\TempSenseExample\CE210514_PSOC3_5_Thermistor.cydsn\CE210514_PSOC3_5_Thermistor.cyprj -d CY8C5888LTI-LP097 -s C:\Users\nm\Desktop\TempSenseExample\CE210514_PSOC3_5_Thermistor.cydsn\Generated_Source\PSoC5 -- -yv2 -q10 -ygs -o2 -v3 -.fftcfgtype=LE
Elaborating Design...
HDL Generation ...
Synthesis ...
Place and Route ...
Tech mapping ...
Analog Placement ...
Log: apr.M0058: The analog placement iterative improvement is 28% done. (App=cydsfit)
Log: apr.M0058: The analog placement iterative improvement is 74% done. (App=cydsfit)
Analog Routing ...
Analog Code Generation ...
Digital Placement ...
Digital Routing ...
Bitstream Generation ...
Static timing analysis ...
API Generation ...
Dependency Generation ...
Clean Temporary Files ...
arm-none-eabi-gcc.exe -mcpu=cortex-m3 -mthumb -Wno-main -I. -IGenerated_Source\PSoC5 -Wa,-alh=.\ARM_GCC_493\Debug/main.lst -g -Wall -ffunction-sections -O0 -ffat-lto-objects -c .\main.c -o .\ARM_GCC_493\Debug\main.o
arm-none-eabi-gcc.exe -mcpu=cortex-m3 -mthumb -Wno-main -I. -IGenerated_Source\PSoC5 -Wa,-alh=.\ARM_GCC_493\Debug/measurement.lst -g -Wall -ffunction-sections -O0 -ffat-lto-objects -c .\measurement.c -o .\ARM_GCC_493\Debug\measurement.o
arm-none-eabi-gcc.exe -mcpu=cortex-m3 -mthumb -Wno-main -I. -IGenerated_Source\PSoC5 -Wa,-alh=.\ARM_GCC_493\Debug/removeOffsetNoise.lst -g -Wall -ffunction-sections -O0 -ffat-lto-objects -c .\removeOffsetNoise.c -o .\ARM_GCC_493\Debug\removeOffsetNoise.o
arm-none-eabi-gcc.exe -mcpu=cortex-m3 -mthumb -Wno-main -I. -IGenerated_Source\PSoC5 -Wa,-alh=.\ARM_GCC_493\Debug/cyfitter_cfg.lst -g -Wall -ffunction-sections -O0 -ffat-lto-objects -c .\Generated_Source\PSoC5\cyfitter_cfg.c -o .\ARM_GCC_493\Debug\cyfitter_cfg.o
arm-none-eabi-gcc.exe -mcpu=cortex-m3 -mthumb -Wno-main -I. -IGenerated_Source\PSoC5 -Wa,-alh=.\ARM_GCC_493\Debug/cymetadata.lst -g -Wall -ffunction-sections -O0 -ffat-lto-objects -c .\Generated_Source\PSoC5\cymetadata.c -o .\ARM_GCC_493\Debug\cymetadata.o
arm-none-eabi-gcc.exe -mcpu=cortex-m3 -mthumb -Wno-main -I. -IGenerated_Source\PSoC5 -Wa,-alh=.\ARM_GCC_493\Debug/Thermistor.lst -g -Wall -ffunction-sections -O0 -ffat-lto-objects -c .\Generated_Source\PSoC5\Thermistor.c -o .\ARM_GCC_493\Debug\Thermistor.o
arm-none-eabi-gcc.exe -mcpu=cortex-m3 -mthumb -Wno-main -I. -IGenerated_Source\PSoC5 -Wa,-alh=.\ARM_GCC_493\Debug/Opamp.lst -g -Wall -ffunction-sections -O0 -ffat-lto-objects -c .\Generated_Source\PSoC5\Opamp.c -o .\ARM_GCC_493\Debug\Opamp.o
arm-none-eabi-gcc.exe -mcpu=cortex-m3 -mthumb -Wno-main -I. -IGenerated_Source\PSoC5 -Wa,-alh=.\ARM_GCC_493\Debug/Opamp_PM.lst -g -Wall -ffunction-sections -O0 -ffat-lto-objects -c .\Generated_Source\PSoC5\Opamp_PM.c -o .\ARM_GCC_493\Debug\Opamp_PM.o
arm-none-eabi-gcc.exe -mcpu=cortex-m3 -mthumb -Wno-main -I. -IGenerated_Source\PSoC5 -Wa,-alh=.\ARM_GCC_493\Debug/VDAC8.lst -g -Wall -ffunction-sections -O0 -ffat-lto-objects -c .\Generated_Source\PSoC5\VDAC8.c -o .\ARM_GCC_493\Debug\VDAC8.o
arm-none-eabi-gcc.exe -mcpu=cortex-m3 -mthumb -Wno-main -I. -IGenerated_Source\PSoC5 -Wa,-alh=.\ARM_GCC_493\Debug/VDAC8_PM.lst -g -Wall -ffunction-sections -O0 -ffat-lto-objects -c .\Generated_Source\PSoC5\VDAC8_PM.c -o .\ARM_GCC_493\Debug\VDAC8_PM.o
arm-none-eabi-gcc.exe -mcpu=cortex-m3 -mthumb -Wno-main -I. -IGenerated_Source\PSoC5 -Wa,-alh=.\ARM_GCC_493\Debug/AMux.lst -g -Wall -ffunction-sections -O0 -ffat-lto-objects -c .\Generated_Source\PSoC5\AMux.c -o .\ARM_GCC_493\Debug\AMux.o
arm-none-eabi-gcc.exe -mcpu=cortex-m3 -mthumb -Wno-main -I. -IGenerated_Source\PSoC5 -Wa,-alh=.\ARM_GCC_493\Debug/ADC.lst -g -Wall -ffunction-sections -O0 -ffat-lto-objects -c .\Generated_Source\PSoC5\ADC.c -o .\ARM_GCC_493\Debug\ADC.o
arm-none-eabi-gcc.exe -mcpu=cortex-m3 -mthumb -Wno-main -I. -IGenerated_Source\PSoC5 -Wa,-alh=.\ARM_GCC_493\Debug/ADC_PM.lst -g -Wall -ffunction-sections -O0 -ffat-lto-objects -c .\Generated_Source\PSoC5\ADC_PM.c -o .\ARM_GCC_493\Debug\ADC_PM.o
arm-none-eabi-gcc.exe -mcpu=cortex-m3 -mthumb -Wno-main -I. -IGenerated_Source\PSoC5 -Wa,-alh=.\ARM_GCC_493\Debug/ADC_INT.lst -g -Wall -ffunction-sections -O0 -ffat-lto-objects -c .\Generated_Source\PSoC5\ADC_INT.c -o .\ARM_GCC_493\Debug\ADC_INT.o
arm-none-eabi-gcc.exe -mcpu=cortex-m3 -mthumb -Wno-main -I. -IGenerated_Source\PSoC5 -Wa,-alh=.\ARM_GCC_493\Debug/Vhi.lst -g -Wall -ffunction-sections -O0 -ffat-lto-objects -c .\Generated_Source\PSoC5\Vhi.c -o .\ARM_GCC_493\Debug\Vhi.o
arm-none-eabi-gcc.exe -mcpu=cortex-m3 -mthumb -Wno-main -I. -IGenerated_Source\PSoC5 -Wa,-alh=.\ARM_GCC_493\Debug/Vtherm.lst -g -Wall -ffunction-sections -O0 -ffat-lto-objects -c .\Generated_Source\PSoC5\Vtherm.c -o .\ARM_GCC_493\Debug\Vtherm.o
arm-none-eabi-gcc.exe -mcpu=cortex-m3 -mthumb -Wno-main -I. -IGenerated_Source\PSoC5 -Wa,-alh=.\ARM_GCC_493\Debug/Vlow.lst -g -Wall -ffunction-sections -O0 -ffat-lto-objects -c .\Generated_Source\PSoC5\Vlow.c -o .\ARM_GCC_493\Debug\Vlow.o
arm-none-eabi-gcc.exe -mcpu=cortex-m3 -mthumb -Wno-main -I. -IGenerated_Source\PSoC5 -Wa,-alh=.\ARM_GCC_493\Debug/UART.lst -g -Wall -ffunction-sections -O0 -ffat-lto-objects -c .\Generated_Source\PSoC5\UART.c -o .\ARM_GCC_493\Debug\UART.o
arm-none-eabi-gcc.exe -mcpu=cortex-m3 -mthumb -Wno-main -I. -IGenerated_Source\PSoC5 -Wa,-alh=.\ARM_GCC_493\Debug/UART_PM.lst -g -Wall -ffunction-sections -O0 -ffat-lto-objects -c .\Generated_Source\PSoC5\UART_PM.c -o .\ARM_GCC_493\Debug\UART_PM.o
arm-none-eabi-gcc.exe -mcpu=cortex-m3 -mthumb -Wno-main -I. -IGenerated_Source\PSoC5 -Wa,-alh=.\ARM_GCC_493\Debug/UART_INT.lst -g -Wall -ffunction-sections -O0 -ffat-lto-objects -c .\Generated_Source\PSoC5\UART_INT.c -o .\ARM_GCC_493\Debug\UART_INT.o
arm-none-eabi-gcc.exe -mcpu=cortex-m3 -mthumb -Wno-main -I. -IGenerated_Source\PSoC5 -Wa,-alh=.\ARM_GCC_493\Debug/UART_BOOT.lst -g -Wall -ffunction-sections -O0 -ffat-lto-objects -c .\Generated_Source\PSoC5\UART_BOOT.c -o .\ARM_GCC_493\Debug\UART_BOOT.o
arm-none-eabi-gcc.exe -mcpu=cortex-m3 -mthumb -Wno-main -I. -IGenerated_Source\PSoC5 -Wa,-alh=.\ARM_GCC_493\Debug/ADC_Ext_CP_Clk.lst -g -Wall -ffunction-sections -O0 -ffat-lto-objects -c .\Generated_Source\PSoC5\ADC_Ext_CP_Clk.c -o .\ARM_GCC_493\Debug\ADC_Ext_CP_Clk.o
arm-none-eabi-gcc.exe -mcpu=cortex-m3 -mthumb -Wno-main -I. -IGenerated_Source\PSoC5 -Wa,-alh=.\ARM_GCC_493\Debug/ADC_IRQ.lst -g -Wall -ffunction-sections -O0 -ffat-lto-objects -c .\Generated_Source\PSoC5\ADC_IRQ.c -o .\ARM_GCC_493\Debug\ADC_IRQ.o
arm-none-eabi-gcc.exe -mcpu=cortex-m3 -mthumb -Wno-main -I. -IGenerated_Source\PSoC5 -Wa,-alh=.\ARM_GCC_493\Debug/ADC_theACLK.lst -g -Wall -ffunction-sections -O0 -ffat-lto-objects -c .\Generated_Source\PSoC5\ADC_theACLK.c -o .\ARM_GCC_493\Debug\ADC_theACLK.o
arm-none-eabi-gcc.exe -mcpu=cortex-m3 -mthumb -Wno-main -I. -IGenerated_Source\PSoC5 -Wa,-alh=.\ARM_GCC_493\Debug/UART_IntClock.lst -g -Wall -ffunction-sections -O0 -ffat-lto-objects -c .\Generated_Source\PSoC5\UART_IntClock.c -o .\ARM_GCC_493\Debug\UART_IntClock.o
arm-none-eabi-gcc.exe -mcpu=cortex-m3 -mthumb -Wno-main -I. -IGenerated_Source\PSoC5 -Wa,-alh=.\ARM_GCC_493\Debug/Cm3Start.lst -g -Wall -ffunction-sections -O0 -ffat-lto-objects -c .\Generated_Source\PSoC5\Cm3Start.c -o .\ARM_GCC_493\Debug\Cm3Start.o
arm-none-eabi-as.exe -mcpu=cortex-m3 -mthumb -I. -IGenerated_Source\PSoC5 -alh=.\ARM_GCC_493\Debug/CyBootAsmGnu.lst -g -o .\ARM_GCC_493\Debug\CyBootAsmGnu.o .\Generated_Source\PSoC5\CyBootAsmGnu.s
arm-none-eabi-gcc.exe -mcpu=cortex-m3 -mthumb -Wno-main -I. -IGenerated_Source\PSoC5 -Wa,-alh=.\ARM_GCC_493\Debug/CyDmac.lst -g -Wall -ffunction-sections -O0 -ffat-lto-objects -c .\Generated_Source\PSoC5\CyDmac.c -o .\ARM_GCC_493\Debug\CyDmac.o
arm-none-eabi-gcc.exe -mcpu=cortex-m3 -mthumb -Wno-main -I. -IGenerated_Source\PSoC5 -Wa,-alh=.\ARM_GCC_493\Debug/CyFlash.lst -g -Wall -ffunction-sections -O0 -ffat-lto-objects -c .\Generated_Source\PSoC5\CyFlash.c -o .\ARM_GCC_493\Debug\CyFlash.o
arm-none-eabi-gcc.exe -mcpu=cortex-m3 -mthumb -Wno-main -I. -IGenerated_Source\PSoC5 -Wa,-alh=.\ARM_GCC_493\Debug/CyLib.lst -g -Wall -ffunction-sections -O0 -ffat-lto-objects -c .\Generated_Source\PSoC5\CyLib.c -o .\ARM_GCC_493\Debug\CyLib.o
arm-none-eabi-gcc.exe -mcpu=cortex-m3 -mthumb -Wno-main -I. -IGenerated_Source\PSoC5 -Wa,-alh=.\ARM_GCC_493\Debug/cyPm.lst -g -Wall -ffunction-sections -O0 -ffat-lto-objects -c .\Generated_Source\PSoC5\cyPm.c -o .\ARM_GCC_493\Debug\cyPm.o
arm-none-eabi-gcc.exe -mcpu=cortex-m3 -mthumb -Wno-main -I. -IGenerated_Source\PSoC5 -Wa,-alh=.\ARM_GCC_493\Debug/CySpc.lst -g -Wall -ffunction-sections -O0 -ffat-lto-objects -c .\Generated_Source\PSoC5\CySpc.c -o .\ARM_GCC_493\Debug\CySpc.o
arm-none-eabi-gcc.exe -mcpu=cortex-m3 -mthumb -Wno-main -I. -IGenerated_Source\PSoC5 -Wa,-alh=.\ARM_GCC_493\Debug/cyutils.lst -g -Wall -ffunction-sections -O0 -ffat-lto-objects -c .\Generated_Source\PSoC5\cyutils.c -o .\ARM_GCC_493\Debug\cyutils.o
arm-none-eabi-ar.exe -rs .\ARM_GCC_493\Debug\CE210514_PSOC3_5_Thermistor.a .\ARM_GCC_493\Debug\cyfitter_cfg.o .\ARM_GCC_493\Debug\Thermistor.o .\ARM_GCC_493\Debug\Opamp.o .\ARM_GCC_493\Debug\Opamp_PM.o .\ARM_GCC_493\Debug\VDAC8.o .\ARM_GCC_493\Debug\VDAC8_PM.o .\ARM_GCC_493\Debug\AMux.o .\ARM_GCC_493\Debug\ADC.o .\ARM_GCC_493\Debug\ADC_PM.o .\ARM_GCC_493\Debug\ADC_INT.o .\ARM_GCC_493\Debug\Vhi.o .\ARM_GCC_493\Debug\Vtherm.o .\ARM_GCC_493\Debug\Vlow.o .\ARM_GCC_493\Debug\UART.o .\ARM_GCC_493\Debug\UART_PM.o .\ARM_GCC_493\Debug\UART_INT.o .\ARM_GCC_493\Debug\UART_BOOT.o .\ARM_GCC_493\Debug\ADC_Ext_CP_Clk.o .\ARM_GCC_493\Debug\ADC_IRQ.o .\ARM_GCC_493\Debug\ADC_theACLK.o .\ARM_GCC_493\Debug\UART_IntClock.o .\ARM_GCC_493\Debug\CyBootAsmGnu.o .\ARM_GCC_493\Debug\CyDmac.o .\ARM_GCC_493\Debug\CyFlash.o .\ARM_GCC_493\Debug\CyLib.o .\ARM_GCC_493\Debug\cyPm.o .\ARM_GCC_493\Debug\CySpc.o .\ARM_GCC_493\Debug\cyutils.o
arm-none-eabi-ar.exe: creating .\ARM_GCC_493\Debug\CE210514_PSOC3_5_Thermistor.a
arm-none-eabi-gcc.exe -Wl,--start-group -o .\ARM_GCC_493\Debug\CE210514_PSOC3_5_Thermistor.elf .\ARM_GCC_493\Debug\main.o .\ARM_GCC_493\Debug\measurement.o .\ARM_GCC_493\Debug\removeOffsetNoise.o .\ARM_GCC_493\Debug\cymetadata.o .\ARM_GCC_493\Debug\Cm3Start.o .\ARM_GCC_493\Debug\CE210514_PSOC3_5_Thermistor.a "C:\Program Files (x86)\Cypress\PSoC Creator\3.3\PSoC Creator\psoc\content\cycomponentlibrary\CyComponentLibrary.cylib\CortexM3\ARM_GCC_493\Debug\CyComponentLibrary.a" -mcpu=cortex-m3 -mthumb -g -ffunction-sections -O0 -l m -L Generated_Source\PSoC5 -Wl,-Map,.\ARM_GCC_493\Debug/CE210514_PSOC3_5_Thermistor.map -T Generated_Source\PSoC5\cm3gcc.ld -specs=nano.specs -Wl,--gc-sections -u_printf_float -Wl,--end-group
cyelftool.exe -C C:\Users\nm\Desktop\TempSenseExample\CE210514_PSOC3_5_Thermistor.cydsn\ARM_GCC_493\Debug\CE210514_PSOC3_5_Thermistor.elf --flash_row_size 256 --flash_size 262144
cyelftool.exe -S C:\Users\nm\Desktop\TempSenseExample\CE210514_PSOC3_5_Thermistor.cydsn\ARM_GCC_493\Debug\CE210514_PSOC3_5_Thermistor.elf
Flash used: 26112 of 262144 bytes (10.0 %).
SRAM used: 2717 of 65536 bytes (4.1 %). Stack: 2048 bytes. Heap: 128 bytes.
--------------- Build Succeeded: 10/29/2016 21:57:53 ---------------
